10/12/21 14:31:22 ******************************************************
10/12/21 14:31:22 ** condor_scheduniv_exec.2889.0 (CONDOR_DAGMAN) STARTING UP
10/12/21 14:31:22 ** /usr/bin/condor_dagman
10/12/21 14:31:22 ** SubsystemInfo: name=DAGMAN type=DAGMAN(10) class=DAEMON(1)
10/12/21 14:31:22 ** Configuration: subsystem:DAGMAN local:<NONE> class:DAEMON
10/12/21 14:31:22 ** $CondorVersion: 8.6.8 Apr 06 2018 BuildID: Debian-8.6.8~dfsg.1-2 Debian-8.6.8~dfsg.1-2 $
10/12/21 14:31:22 ** $CondorPlatform: X86_64-Ubuntu_ $
10/12/21 14:31:22 ** PID = 154197
10/12/21 14:31:22 ** Log last touched time unavailable (No such file or directory)
10/12/21 14:31:22 ******************************************************
10/12/21 14:31:22 Using config source: /etc/condor/condor_config
10/12/21 14:31:22 Using local config sources: 
10/12/21 14:31:22    /etc/condor/config.d/00debconf
10/12/21 14:31:22    /etc/condor/condor_config.local
10/12/21 14:31:22 config Macros = 73, Sorted = 73, StringBytes = 2341, TablesBytes = 2684
10/12/21 14:31:22 CLASSAD_CACHING is ENABLED
10/12/21 14:31:22 Daemon Log is logging: D_ALWAYS D_ERROR
10/12/21 14:31:22 DaemonCore: No command port requested.
10/12/21 14:31:22 DAGMAN_USE_STRICT setting: 1
10/12/21 14:31:22 DAGMAN_VERBOSITY setting: 3
10/12/21 14:31:22 DAGMAN_DEBUG_CACHE_SIZE setting: 5242880
10/12/21 14:31:22 DAGMAN_DEBUG_CACHE_ENABLE setting: False
10/12/21 14:31:22 DAGMAN_SUBMIT_DELAY setting: 0
10/12/21 14:31:22 DAGMAN_MAX_SUBMIT_ATTEMPTS setting: 6
10/12/21 14:31:22 DAGMAN_STARTUP_CYCLE_DETECT setting: False
10/12/21 14:31:22 DAGMAN_MAX_SUBMITS_PER_INTERVAL setting: 5
10/12/21 14:31:22 DAGMAN_USER_LOG_SCAN_INTERVAL setting: 5
10/12/21 14:31:22 DAGMAN_DEFAULT_PRIORITY setting: 0
10/12/21 14:31:22 DAGMAN_SUPPRESS_NOTIFICATION setting: True
10/12/21 14:31:22 allow_events (DAGMAN_ALLOW_EVENTS) setting: 114
10/12/21 14:31:22 DAGMAN_RETRY_SUBMIT_FIRST setting: True
10/12/21 14:31:22 DAGMAN_RETRY_NODE_FIRST setting: False
10/12/21 14:31:22 DAGMAN_MAX_JOBS_IDLE setting: 1000
10/12/21 14:31:22 DAGMAN_MAX_JOBS_SUBMITTED setting: 0
10/12/21 14:31:22 DAGMAN_MAX_PRE_SCRIPTS setting: 20
10/12/21 14:31:22 DAGMAN_MAX_POST_SCRIPTS setting: 20
10/12/21 14:31:22 DAGMAN_MUNGE_NODE_NAMES setting: True
10/12/21 14:31:22 DAGMAN_PROHIBIT_MULTI_JOBS setting: False
10/12/21 14:31:22 DAGMAN_SUBMIT_DEPTH_FIRST setting: False
10/12/21 14:31:22 DAGMAN_ALWAYS_RUN_POST setting: False
10/12/21 14:31:22 DAGMAN_ABORT_DUPLICATES setting: True
10/12/21 14:31:22 DAGMAN_ABORT_ON_SCARY_SUBMIT setting: True
10/12/21 14:31:22 DAGMAN_PENDING_REPORT_INTERVAL setting: 600
10/12/21 14:31:22 DAGMAN_AUTO_RESCUE setting: True
10/12/21 14:31:22 DAGMAN_MAX_RESCUE_NUM setting: 100
10/12/21 14:31:22 DAGMAN_WRITE_PARTIAL_RESCUE setting: True
10/12/21 14:31:22 DAGMAN_DEFAULT_NODE_LOG setting: @(DAG_DIR)/@(DAG_FILE).nodes.log
10/12/21 14:31:22 DAGMAN_GENERATE_SUBDAG_SUBMITS setting: True
10/12/21 14:31:22 DAGMAN_MAX_JOB_HOLDS setting: 100
10/12/21 14:31:22 DAGMAN_HOLD_CLAIM_TIME setting: 20
10/12/21 14:31:22 ALL_DEBUG setting: 
10/12/21 14:31:22 DAGMAN_DEBUG setting: 
10/12/21 14:31:22 DAGMAN_SUPPRESS_JOB_LOGS setting: False
10/12/21 14:31:22 DAGMAN_REMOVE_NODE_JOBS setting: True
10/12/21 14:31:22 argv[0] == "condor_scheduniv_exec.2889.0"
10/12/21 14:31:22 argv[1] == "-Lockfile"
10/12/21 14:31:22 argv[2] == "Review_CropWat_Input.dag.lock"
10/12/21 14:31:22 argv[3] == "-AutoRescue"
10/12/21 14:31:22 argv[4] == "1"
10/12/21 14:31:22 argv[5] == "-DoRescueFrom"
10/12/21 14:31:22 argv[6] == "0"
10/12/21 14:31:22 argv[7] == "-Dag"
10/12/21 14:31:22 argv[8] == "Review_CropWat_Input.dag"
10/12/21 14:31:22 argv[9] == "-Suppress_notification"
10/12/21 14:31:22 argv[10] == "-CsdVersion"
10/12/21 14:31:22 argv[11] == "$CondorVersion: 8.6.8 Apr 06 2018 BuildID: Debian-8.6.8~dfsg.1-2 Debian-8.6.8~dfsg.1-2 $"
10/12/21 14:31:22 argv[12] == "-Dagman"
10/12/21 14:31:22 argv[13] == "/usr/bin/condor_dagman"
10/12/21 14:31:22 Workflow batch-name: <Review_CropWat_Input.dag+2889>
10/12/21 14:31:22 Workflow accounting_group: <>
10/12/21 14:31:22 Workflow accounting_group_user: <>
10/12/21 14:31:22 Warning: failed to get attribute DAGNodeName
10/12/21 14:31:22 DAGMAN_LOG_ON_NFS_IS_ERROR setting: False
10/12/21 14:31:22 Default node log file is: </home/hoangtran/6c57ef80efc84f11b392bee6157973ed/./Review_CropWat_Input.dag.nodes.log>
10/12/21 14:31:22 DAG Lockfile will be written to Review_CropWat_Input.dag.lock
10/12/21 14:31:22 DAG Input file is Review_CropWat_Input.dag
10/12/21 14:31:22 Parsing 1 dagfiles
10/12/21 14:31:22 Parsing Review_CropWat_Input.dag ...
10/12/21 14:31:22 Dag contains 3 total jobs
10/12/21 14:31:22 Sleeping for 3 seconds to ensure ProcessId uniqueness
10/12/21 14:31:25 Bootstrapping...
10/12/21 14:31:25 Number of pre-completed nodes: 0
10/12/21 14:31:25 MultiLogFiles: truncating log file /home/hoangtran/6c57ef80efc84f11b392bee6157973ed/./Review_CropWat_Input.dag.nodes.log
10/12/21 14:31:25 DAG status: 0 (DAG_STATUS_OK)
10/12/21 14:31:25 Of 3 nodes total:
10/12/21 14:31:25  Done     Pre   Queued    Post   Ready   Un-Ready   Failed
10/12/21 14:31:25   ===     ===      ===     ===     ===        ===      ===
10/12/21 14:31:25     0       0        0       0       1          2        0
10/12/21 14:31:25 0 job proc(s) currently held
10/12/21 14:31:25 Registering condor_event_timer...
10/12/21 14:31:26 Submitting HTCondor Node run_cropwat_model job(s)...
10/12/21 14:31:26 Adding a DAGMan workflow log /home/hoangtran/6c57ef80efc84f11b392bee6157973ed/./Review_CropWat_Input.dag.nodes.log
10/12/21 14:31:26 Masking the events recorded in the DAGMAN workflow log
10/12/21 14:31:26 Mask for workflow log is 0,1,2,4,5,7,9,10,11,12,13,16,17,24,27
10/12/21 14:31:26 submitting: /usr/bin/condor_submit -a dag_node_name' '=' 'run_cropwat_model -a +DAGManJobId' '=' '2889 -a DAGManJobId' '=' '2889 -batch-name Review_CropWat_Input.dag+2889 -a submit_event_notes' '=' 'DAG' 'Node:' 'run_cropwat_model -a dagman_log' '=' '/home/hoangtran/6c57ef80efc84f11b392bee6157973ed/./Review_CropWat_Input.dag.nodes.log -a +DAGManNodesMask' '=' '"0,1,2,4,5,7,9,10,11,12,13,16,17,24,27" -a DAG_STATUS' '=' '0 -a FAILED_COUNT' '=' '0 -a +KeepClaimIdle' '=' '20 -a notification' '=' 'never -a +DAGParentNodeNames' '=' '"" run_cropwat_model/run_cropwat_model.job
10/12/21 14:31:26 From submit: Submitting job(s).
10/12/21 14:31:26 From submit: 1 job(s) submitted to cluster 2890.
10/12/21 14:31:26 	assigned HTCondor ID (2890.0.0)
10/12/21 14:31:26 Just submitted 1 job this cycle...
10/12/21 14:31:26 Currently monitoring 1 HTCondor log file(s)
10/12/21 14:31:26 Reassigning the id of job run_cropwat_model from (2890.0.0) to (2890.0.0)
10/12/21 14:31:26 Event: ULOG_SUBMIT for HTCondor Node run_cropwat_model (2890.0.0) {10/12/21 14:31:26}
10/12/21 14:31:26 Number of idle job procs: 1
10/12/21 14:31:26 DAG status: 0 (DAG_STATUS_OK)
10/12/21 14:31:26 Of 3 nodes total:
10/12/21 14:31:26  Done     Pre   Queued    Post   Ready   Un-Ready   Failed
10/12/21 14:31:26   ===     ===      ===     ===     ===        ===      ===
10/12/21 14:31:26     0       0        1       0       0          2        0
10/12/21 14:31:26 0 job proc(s) currently held
10/12/21 14:31:46 Currently monitoring 1 HTCondor log file(s)
10/12/21 14:31:46 Event: ULOG_EXECUTE for HTCondor Node run_cropwat_model (2890.0.0) {10/12/21 14:31:43}
10/12/21 14:31:46 Number of idle job procs: 0
10/12/21 14:31:56 Currently monitoring 1 HTCondor log file(s)
10/12/21 14:31:56 Event: ULOG_JOB_TERMINATED for HTCondor Node run_cropwat_model (2890.0.0) {10/12/21 14:31:52}
10/12/21 14:31:56 Number of idle job procs: 0
10/12/21 14:31:56 Node run_cropwat_model job proc (2890.0.0) completed successfully.
10/12/21 14:31:56 Node run_cropwat_model job completed
10/12/21 14:31:56 DAG status: 0 (DAG_STATUS_OK)
10/12/21 14:31:56 Of 3 nodes total:
10/12/21 14:31:56  Done     Pre   Queued    Post   Ready   Un-Ready   Failed
10/12/21 14:31:56   ===     ===      ===     ===     ===        ===      ===
10/12/21 14:31:56     1       0        0       0       1          1        0
10/12/21 14:31:56 0 job proc(s) currently held
10/12/21 14:32:01 Submitting HTCondor Node prepare_results job(s)...
10/12/21 14:32:01 Adding a DAGMan workflow log /home/hoangtran/6c57ef80efc84f11b392bee6157973ed/./Review_CropWat_Input.dag.nodes.log
10/12/21 14:32:01 Masking the events recorded in the DAGMAN workflow log
10/12/21 14:32:01 Mask for workflow log is 0,1,2,4,5,7,9,10,11,12,13,16,17,24,27
10/12/21 14:32:01 submitting: /usr/bin/condor_submit -a dag_node_name' '=' 'prepare_results -a +DAGManJobId' '=' '2889 -a DAGManJobId' '=' '2889 -batch-name Review_CropWat_Input.dag+2889 -a submit_event_notes' '=' 'DAG' 'Node:' 'prepare_results -a dagman_log' '=' '/home/hoangtran/6c57ef80efc84f11b392bee6157973ed/./Review_CropWat_Input.dag.nodes.log -a +DAGManNodesMask' '=' '"0,1,2,4,5,7,9,10,11,12,13,16,17,24,27" -a DAG_STATUS' '=' '0 -a FAILED_COUNT' '=' '0 -a +KeepClaimIdle' '=' '20 -a notification' '=' 'never -a +DAGParentNodeNames' '=' '"run_cropwat_model" prepare_results/prepare_results.job
10/12/21 14:32:01 From submit: Submitting job(s).
10/12/21 14:32:01 From submit: 1 job(s) submitted to cluster 2891.
10/12/21 14:32:01 	assigned HTCondor ID (2891.0.0)
10/12/21 14:32:01 Just submitted 1 job this cycle...
10/12/21 14:32:01 Currently monitoring 1 HTCondor log file(s)
10/12/21 14:32:01 Reassigning the id of job prepare_results from (2891.0.0) to (2891.0.0)
10/12/21 14:32:01 Event: ULOG_SUBMIT for HTCondor Node prepare_results (2891.0.0) {10/12/21 14:32:01}
10/12/21 14:32:01 Number of idle job procs: 1
10/12/21 14:32:01 DAG status: 0 (DAG_STATUS_OK)
10/12/21 14:32:01 Of 3 nodes total:
10/12/21 14:32:01  Done     Pre   Queued    Post   Ready   Un-Ready   Failed
10/12/21 14:32:01   ===     ===      ===     ===     ===        ===      ===
10/12/21 14:32:01     1       0        1       0       0          1        0
10/12/21 14:32:01 0 job proc(s) currently held
10/12/21 14:32:06 Currently monitoring 1 HTCondor log file(s)
10/12/21 14:32:06 Event: ULOG_EXECUTE for HTCondor Node prepare_results (2891.0.0) {10/12/21 14:32:02}
10/12/21 14:32:06 Number of idle job procs: 0
10/12/21 14:32:06 Event: ULOG_JOB_TERMINATED for HTCondor Node prepare_results (2891.0.0) {10/12/21 14:32:05}
10/12/21 14:32:06 Number of idle job procs: 0
10/12/21 14:32:06 Node prepare_results job proc (2891.0.0) completed successfully.
10/12/21 14:32:06 Node prepare_results job completed
10/12/21 14:32:06 DAG status: 0 (DAG_STATUS_OK)
10/12/21 14:32:06 Of 3 nodes total:
10/12/21 14:32:06  Done     Pre   Queued    Post   Ready   Un-Ready   Failed
10/12/21 14:32:06   ===     ===      ===     ===     ===        ===      ===
10/12/21 14:32:06     2       0        0       0       1          0        0
10/12/21 14:32:06 0 job proc(s) currently held
10/12/21 14:32:11 Submitting HTCondor Node finalize job(s)...
10/12/21 14:32:11 Adding a DAGMan workflow log /home/hoangtran/6c57ef80efc84f11b392bee6157973ed/./Review_CropWat_Input.dag.nodes.log
10/12/21 14:32:11 Masking the events recorded in the DAGMAN workflow log
10/12/21 14:32:11 Mask for workflow log is 0,1,2,4,5,7,9,10,11,12,13,16,17,24,27
10/12/21 14:32:11 submitting: /usr/bin/condor_submit -a dag_node_name' '=' 'finalize -a +DAGManJobId' '=' '2889 -a DAGManJobId' '=' '2889 -batch-name Review_CropWat_Input.dag+2889 -a submit_event_notes' '=' 'DAG' 'Node:' 'finalize -a dagman_log' '=' '/home/hoangtran/6c57ef80efc84f11b392bee6157973ed/./Review_CropWat_Input.dag.nodes.log -a +DAGManNodesMask' '=' '"0,1,2,4,5,7,9,10,11,12,13,16,17,24,27" -a DAG_STATUS' '=' '0 -a FAILED_COUNT' '=' '0 -a notification' '=' 'never -a +DAGParentNodeNames' '=' '"prepare_results" finalize/finalize.job
10/12/21 14:32:11 From submit: Submitting job(s).
10/12/21 14:32:11 From submit: 1 job(s) submitted to cluster 2892.
10/12/21 14:32:11 	assigned HTCondor ID (2892.0.0)
10/12/21 14:32:11 Just submitted 1 job this cycle...
10/12/21 14:32:11 Currently monitoring 1 HTCondor log file(s)
10/12/21 14:32:11 Reassigning the id of job finalize from (2892.0.0) to (2892.0.0)
10/12/21 14:32:11 Event: ULOG_SUBMIT for HTCondor Node finalize (2892.0.0) {10/12/21 14:32:11}
10/12/21 14:32:11 Number of idle job procs: 1
10/12/21 14:32:11 DAG status: 0 (DAG_STATUS_OK)
10/12/21 14:32:11 Of 3 nodes total:
10/12/21 14:32:11  Done     Pre   Queued    Post   Ready   Un-Ready   Failed
10/12/21 14:32:11   ===     ===      ===     ===     ===        ===      ===
10/12/21 14:32:11     2       0        1       0       0          0        0
10/12/21 14:32:11 0 job proc(s) currently held
10/12/21 14:32:16 Currently monitoring 1 HTCondor log file(s)
10/12/21 14:32:16 Event: ULOG_EXECUTE for HTCondor Node finalize (2892.0.0) {10/12/21 14:32:12}
10/12/21 14:32:16 Number of idle job procs: 0
