10/12/21 16:17:44 ******************************************************
10/12/21 16:17:44 ** condor_scheduniv_exec.2901.0 (CONDOR_DAGMAN) STARTING UP
10/12/21 16:17:44 ** /usr/bin/condor_dagman
10/12/21 16:17:44 ** SubsystemInfo: name=DAGMAN type=DAGMAN(10) class=DAEMON(1)
10/12/21 16:17:44 ** Configuration: subsystem:DAGMAN local:<NONE> class:DAEMON
10/12/21 16:17:44 ** $CondorVersion: 8.6.8 Apr 06 2018 BuildID: Debian-8.6.8~dfsg.1-2 Debian-8.6.8~dfsg.1-2 $
10/12/21 16:17:44 ** $CondorPlatform: X86_64-Ubuntu_ $
10/12/21 16:17:44 ** PID = 164939
10/12/21 16:17:44 ** Log last touched time unavailable (No such file or directory)
10/12/21 16:17:44 ******************************************************
10/12/21 16:17:44 Using config source: /etc/condor/condor_config
10/12/21 16:17:44 Using local config sources: 
10/12/21 16:17:44    /etc/condor/config.d/00debconf
10/12/21 16:17:44    /etc/condor/condor_config.local
10/12/21 16:17:44 config Macros = 73, Sorted = 73, StringBytes = 2341, TablesBytes = 2684
10/12/21 16:17:44 CLASSAD_CACHING is ENABLED
10/12/21 16:17:44 Daemon Log is logging: D_ALWAYS D_ERROR
10/12/21 16:17:44 DaemonCore: No command port requested.
10/12/21 16:17:44 DAGMAN_USE_STRICT setting: 1
10/12/21 16:17:44 DAGMAN_VERBOSITY setting: 3
10/12/21 16:17:44 DAGMAN_DEBUG_CACHE_SIZE setting: 5242880
10/12/21 16:17:44 DAGMAN_DEBUG_CACHE_ENABLE setting: False
10/12/21 16:17:44 DAGMAN_SUBMIT_DELAY setting: 0
10/12/21 16:17:44 DAGMAN_MAX_SUBMIT_ATTEMPTS setting: 6
10/12/21 16:17:44 DAGMAN_STARTUP_CYCLE_DETECT setting: False
10/12/21 16:17:44 DAGMAN_MAX_SUBMITS_PER_INTERVAL setting: 5
10/12/21 16:17:44 DAGMAN_USER_LOG_SCAN_INTERVAL setting: 5
10/12/21 16:17:44 DAGMAN_DEFAULT_PRIORITY setting: 0
10/12/21 16:17:44 DAGMAN_SUPPRESS_NOTIFICATION setting: True
10/12/21 16:17:44 allow_events (DAGMAN_ALLOW_EVENTS) setting: 114
10/12/21 16:17:44 DAGMAN_RETRY_SUBMIT_FIRST setting: True
10/12/21 16:17:44 DAGMAN_RETRY_NODE_FIRST setting: False
10/12/21 16:17:44 DAGMAN_MAX_JOBS_IDLE setting: 1000
10/12/21 16:17:44 DAGMAN_MAX_JOBS_SUBMITTED setting: 0
10/12/21 16:17:44 DAGMAN_MAX_PRE_SCRIPTS setting: 20
10/12/21 16:17:44 DAGMAN_MAX_POST_SCRIPTS setting: 20
10/12/21 16:17:44 DAGMAN_MUNGE_NODE_NAMES setting: True
10/12/21 16:17:44 DAGMAN_PROHIBIT_MULTI_JOBS setting: False
10/12/21 16:17:44 DAGMAN_SUBMIT_DEPTH_FIRST setting: False
10/12/21 16:17:44 DAGMAN_ALWAYS_RUN_POST setting: False
10/12/21 16:17:44 DAGMAN_ABORT_DUPLICATES setting: True
10/12/21 16:17:44 DAGMAN_ABORT_ON_SCARY_SUBMIT setting: True
10/12/21 16:17:44 DAGMAN_PENDING_REPORT_INTERVAL setting: 600
10/12/21 16:17:44 DAGMAN_AUTO_RESCUE setting: True
10/12/21 16:17:44 DAGMAN_MAX_RESCUE_NUM setting: 100
10/12/21 16:17:44 DAGMAN_WRITE_PARTIAL_RESCUE setting: True
10/12/21 16:17:44 DAGMAN_DEFAULT_NODE_LOG setting: @(DAG_DIR)/@(DAG_FILE).nodes.log
10/12/21 16:17:44 DAGMAN_GENERATE_SUBDAG_SUBMITS setting: True
10/12/21 16:17:44 DAGMAN_MAX_JOB_HOLDS setting: 100
10/12/21 16:17:44 DAGMAN_HOLD_CLAIM_TIME setting: 20
10/12/21 16:17:44 ALL_DEBUG setting: 
10/12/21 16:17:44 DAGMAN_DEBUG setting: 
10/12/21 16:17:44 DAGMAN_SUPPRESS_JOB_LOGS setting: False
10/12/21 16:17:44 DAGMAN_REMOVE_NODE_JOBS setting: True
10/12/21 16:17:44 argv[0] == "condor_scheduniv_exec.2901.0"
10/12/21 16:17:44 argv[1] == "-Lockfile"
10/12/21 16:17:44 argv[2] == "Review_CropWat_Input.dag.lock"
10/12/21 16:17:44 argv[3] == "-AutoRescue"
10/12/21 16:17:44 argv[4] == "1"
10/12/21 16:17:44 argv[5] == "-DoRescueFrom"
10/12/21 16:17:44 argv[6] == "0"
10/12/21 16:17:44 argv[7] == "-Dag"
10/12/21 16:17:44 argv[8] == "Review_CropWat_Input.dag"
10/12/21 16:17:44 argv[9] == "-Suppress_notification"
10/12/21 16:17:44 argv[10] == "-CsdVersion"
10/12/21 16:17:44 argv[11] == "$CondorVersion: 8.6.8 Apr 06 2018 BuildID: Debian-8.6.8~dfsg.1-2 Debian-8.6.8~dfsg.1-2 $"
10/12/21 16:17:44 argv[12] == "-Dagman"
10/12/21 16:17:44 argv[13] == "/usr/bin/condor_dagman"
10/12/21 16:17:44 Workflow batch-name: <Review_CropWat_Input.dag+2901>
10/12/21 16:17:44 Workflow accounting_group: <>
10/12/21 16:17:44 Workflow accounting_group_user: <>
10/12/21 16:17:44 Warning: failed to get attribute DAGNodeName
10/12/21 16:17:44 DAGMAN_LOG_ON_NFS_IS_ERROR setting: False
10/12/21 16:17:44 Default node log file is: </home/hoangtran/a72b5b637d29416ea210eda316ba46e6/./Review_CropWat_Input.dag.nodes.log>
10/12/21 16:17:44 DAG Lockfile will be written to Review_CropWat_Input.dag.lock
10/12/21 16:17:44 DAG Input file is Review_CropWat_Input.dag
10/12/21 16:17:44 Parsing 1 dagfiles
10/12/21 16:17:44 Parsing Review_CropWat_Input.dag ...
10/12/21 16:17:44 Dag contains 3 total jobs
10/12/21 16:17:44 Sleeping for 3 seconds to ensure ProcessId uniqueness
10/12/21 16:17:47 Bootstrapping...
10/12/21 16:17:47 Number of pre-completed nodes: 0
10/12/21 16:17:47 MultiLogFiles: truncating log file /home/hoangtran/a72b5b637d29416ea210eda316ba46e6/./Review_CropWat_Input.dag.nodes.log
10/12/21 16:17:47 DAG status: 0 (DAG_STATUS_OK)
10/12/21 16:17:47 Of 3 nodes total:
10/12/21 16:17:47  Done     Pre   Queued    Post   Ready   Un-Ready   Failed
10/12/21 16:17:47   ===     ===      ===     ===     ===        ===      ===
10/12/21 16:17:47     0       0        0       0       1          2        0
10/12/21 16:17:47 0 job proc(s) currently held
10/12/21 16:17:47 Registering condor_event_timer...
10/12/21 16:17:48 Submitting HTCondor Node run_cropwat_model job(s)...
10/12/21 16:17:48 Adding a DAGMan workflow log /home/hoangtran/a72b5b637d29416ea210eda316ba46e6/./Review_CropWat_Input.dag.nodes.log
10/12/21 16:17:48 Masking the events recorded in the DAGMAN workflow log
10/12/21 16:17:48 Mask for workflow log is 0,1,2,4,5,7,9,10,11,12,13,16,17,24,27
10/12/21 16:17:48 submitting: /usr/bin/condor_submit -a dag_node_name' '=' 'run_cropwat_model -a +DAGManJobId' '=' '2901 -a DAGManJobId' '=' '2901 -batch-name Review_CropWat_Input.dag+2901 -a submit_event_notes' '=' 'DAG' 'Node:' 'run_cropwat_model -a dagman_log' '=' '/home/hoangtran/a72b5b637d29416ea210eda316ba46e6/./Review_CropWat_Input.dag.nodes.log -a +DAGManNodesMask' '=' '"0,1,2,4,5,7,9,10,11,12,13,16,17,24,27" -a DAG_STATUS' '=' '0 -a FAILED_COUNT' '=' '0 -a +KeepClaimIdle' '=' '20 -a notification' '=' 'never -a +DAGParentNodeNames' '=' '"" run_cropwat_model/run_cropwat_model.job
10/12/21 16:17:48 From submit: Submitting job(s).
10/12/21 16:17:48 From submit: 1 job(s) submitted to cluster 2902.
10/12/21 16:17:48 	assigned HTCondor ID (2902.0.0)
10/12/21 16:17:48 Just submitted 1 job this cycle...
10/12/21 16:17:48 Currently monitoring 1 HTCondor log file(s)
10/12/21 16:17:48 Reassigning the id of job run_cropwat_model from (2902.0.0) to (2902.0.0)
10/12/21 16:17:48 Event: ULOG_SUBMIT for HTCondor Node run_cropwat_model (2902.0.0) {10/12/21 16:17:48}
10/12/21 16:17:48 Number of idle job procs: 1
10/12/21 16:17:48 DAG status: 0 (DAG_STATUS_OK)
10/12/21 16:17:48 Of 3 nodes total:
10/12/21 16:17:48  Done     Pre   Queued    Post   Ready   Un-Ready   Failed
10/12/21 16:17:48   ===     ===      ===     ===     ===        ===      ===
10/12/21 16:17:48     0       0        1       0       0          2        0
10/12/21 16:17:48 0 job proc(s) currently held
10/12/21 16:17:58 Currently monitoring 1 HTCondor log file(s)
10/12/21 16:17:58 Event: ULOG_EXECUTE for HTCondor Node run_cropwat_model (2902.0.0) {10/12/21 16:17:55}
10/12/21 16:17:58 Number of idle job procs: 0
10/12/21 16:18:08 Currently monitoring 1 HTCondor log file(s)
10/12/21 16:18:08 Event: ULOG_JOB_TERMINATED for HTCondor Node run_cropwat_model (2902.0.0) {10/12/21 16:18:03}
10/12/21 16:18:08 Number of idle job procs: 0
10/12/21 16:18:08 Node run_cropwat_model job proc (2902.0.0) completed successfully.
10/12/21 16:18:08 Node run_cropwat_model job completed
10/12/21 16:18:08 DAG status: 0 (DAG_STATUS_OK)
10/12/21 16:18:08 Of 3 nodes total:
10/12/21 16:18:08  Done     Pre   Queued    Post   Ready   Un-Ready   Failed
10/12/21 16:18:08   ===     ===      ===     ===     ===        ===      ===
10/12/21 16:18:08     1       0        0       0       1          1        0
10/12/21 16:18:08 0 job proc(s) currently held
10/12/21 16:18:13 Submitting HTCondor Node prepare_results job(s)...
10/12/21 16:18:13 Adding a DAGMan workflow log /home/hoangtran/a72b5b637d29416ea210eda316ba46e6/./Review_CropWat_Input.dag.nodes.log
10/12/21 16:18:13 Masking the events recorded in the DAGMAN workflow log
10/12/21 16:18:13 Mask for workflow log is 0,1,2,4,5,7,9,10,11,12,13,16,17,24,27
10/12/21 16:18:13 submitting: /usr/bin/condor_submit -a dag_node_name' '=' 'prepare_results -a +DAGManJobId' '=' '2901 -a DAGManJobId' '=' '2901 -batch-name Review_CropWat_Input.dag+2901 -a submit_event_notes' '=' 'DAG' 'Node:' 'prepare_results -a dagman_log' '=' '/home/hoangtran/a72b5b637d29416ea210eda316ba46e6/./Review_CropWat_Input.dag.nodes.log -a +DAGManNodesMask' '=' '"0,1,2,4,5,7,9,10,11,12,13,16,17,24,27" -a DAG_STATUS' '=' '0 -a FAILED_COUNT' '=' '0 -a +KeepClaimIdle' '=' '20 -a notification' '=' 'never -a +DAGParentNodeNames' '=' '"run_cropwat_model" prepare_results/prepare_results.job
10/12/21 16:18:13 From submit: Submitting job(s).
10/12/21 16:18:13 From submit: 1 job(s) submitted to cluster 2903.
10/12/21 16:18:13 	assigned HTCondor ID (2903.0.0)
10/12/21 16:18:13 Just submitted 1 job this cycle...
10/12/21 16:18:13 Currently monitoring 1 HTCondor log file(s)
10/12/21 16:18:13 Reassigning the id of job prepare_results from (2903.0.0) to (2903.0.0)
10/12/21 16:18:13 Event: ULOG_SUBMIT for HTCondor Node prepare_results (2903.0.0) {10/12/21 16:18:13}
10/12/21 16:18:13 Number of idle job procs: 1
10/12/21 16:18:13 DAG status: 0 (DAG_STATUS_OK)
10/12/21 16:18:13 Of 3 nodes total:
10/12/21 16:18:13  Done     Pre   Queued    Post   Ready   Un-Ready   Failed
10/12/21 16:18:13   ===     ===      ===     ===     ===        ===      ===
10/12/21 16:18:13     1       0        1       0       0          1        0
10/12/21 16:18:13 0 job proc(s) currently held
10/12/21 16:18:18 Currently monitoring 1 HTCondor log file(s)
10/12/21 16:18:18 Event: ULOG_EXECUTE for HTCondor Node prepare_results (2903.0.0) {10/12/21 16:18:14}
10/12/21 16:18:18 Number of idle job procs: 0
10/12/21 16:18:23 Currently monitoring 1 HTCondor log file(s)
10/12/21 16:18:23 Event: ULOG_JOB_TERMINATED for HTCondor Node prepare_results (2903.0.0) {10/12/21 16:18:18}
10/12/21 16:18:23 Number of idle job procs: 0
10/12/21 16:18:23 Node prepare_results job proc (2903.0.0) completed successfully.
10/12/21 16:18:23 Node prepare_results job completed
10/12/21 16:18:23 DAG status: 0 (DAG_STATUS_OK)
10/12/21 16:18:23 Of 3 nodes total:
10/12/21 16:18:23  Done     Pre   Queued    Post   Ready   Un-Ready   Failed
10/12/21 16:18:23   ===     ===      ===     ===     ===        ===      ===
10/12/21 16:18:23     2       0        0       0       1          0        0
10/12/21 16:18:23 0 job proc(s) currently held
10/12/21 16:18:28 Submitting HTCondor Node finalize job(s)...
10/12/21 16:18:28 Adding a DAGMan workflow log /home/hoangtran/a72b5b637d29416ea210eda316ba46e6/./Review_CropWat_Input.dag.nodes.log
10/12/21 16:18:28 Masking the events recorded in the DAGMAN workflow log
10/12/21 16:18:28 Mask for workflow log is 0,1,2,4,5,7,9,10,11,12,13,16,17,24,27
10/12/21 16:18:28 submitting: /usr/bin/condor_submit -a dag_node_name' '=' 'finalize -a +DAGManJobId' '=' '2901 -a DAGManJobId' '=' '2901 -batch-name Review_CropWat_Input.dag+2901 -a submit_event_notes' '=' 'DAG' 'Node:' 'finalize -a dagman_log' '=' '/home/hoangtran/a72b5b637d29416ea210eda316ba46e6/./Review_CropWat_Input.dag.nodes.log -a +DAGManNodesMask' '=' '"0,1,2,4,5,7,9,10,11,12,13,16,17,24,27" -a DAG_STATUS' '=' '0 -a FAILED_COUNT' '=' '0 -a notification' '=' 'never -a +DAGParentNodeNames' '=' '"prepare_results" finalize/finalize.job
10/12/21 16:18:28 From submit: Submitting job(s).
10/12/21 16:18:28 From submit: 1 job(s) submitted to cluster 2904.
10/12/21 16:18:28 	assigned HTCondor ID (2904.0.0)
10/12/21 16:18:28 Just submitted 1 job this cycle...
10/12/21 16:18:28 Currently monitoring 1 HTCondor log file(s)
10/12/21 16:18:28 Reassigning the id of job finalize from (2904.0.0) to (2904.0.0)
10/12/21 16:18:28 Event: ULOG_SUBMIT for HTCondor Node finalize (2904.0.0) {10/12/21 16:18:28}
10/12/21 16:18:28 Number of idle job procs: 1
10/12/21 16:18:28 DAG status: 0 (DAG_STATUS_OK)
10/12/21 16:18:28 Of 3 nodes total:
10/12/21 16:18:28  Done     Pre   Queued    Post   Ready   Un-Ready   Failed
10/12/21 16:18:28   ===     ===      ===     ===     ===        ===      ===
10/12/21 16:18:28     2       0        1       0       0          0        0
10/12/21 16:18:28 0 job proc(s) currently held
10/12/21 16:18:33 Currently monitoring 1 HTCondor log file(s)
10/12/21 16:18:33 Event: ULOG_EXECUTE for HTCondor Node finalize (2904.0.0) {10/12/21 16:18:29}
10/12/21 16:18:33 Number of idle job procs: 0
10/12/21 16:18:38 Currently monitoring 1 HTCondor log file(s)
10/12/21 16:18:38 Event: ULOG_JOB_TERMINATED for HTCondor Node finalize (2904.0.0) {10/12/21 16:18:33}
10/12/21 16:18:38 Number of idle job procs: 0
10/12/21 16:18:38 Node finalize job proc (2904.0.0) completed successfully.
10/12/21 16:18:38 Node finalize job completed
10/12/21 16:18:38 DAG status: 0 (DAG_STATUS_OK)
10/12/21 16:18:38 Of 3 nodes total:
10/12/21 16:18:38  Done     Pre   Queued    Post   Ready   Un-Ready   Failed
10/12/21 16:18:38   ===     ===      ===     ===     ===        ===      ===
10/12/21 16:18:38     3       0        0       0       0          0        0
10/12/21 16:18:38 0 job proc(s) currently held
10/12/21 16:18:38 All jobs Completed!
10/12/21 16:18:38 Note: 0 total job deferrals because of -MaxJobs limit (0)
10/12/21 16:18:38 Note: 0 total job deferrals because of -MaxIdle limit (1000)
10/12/21 16:18:38 Note: 0 total job deferrals because of node category throttles
10/12/21 16:18:38 Note: 0 total PRE script deferrals because of -MaxPre limit (20) or DEFER
10/12/21 16:18:38 Note: 0 total POST script deferrals because of -MaxPost limit (20) or DEFER
10/12/21 16:18:38 DAG status: 0 (DAG_STATUS_OK)
10/12/21 16:18:38 Of 3 nodes total:
10/12/21 16:18:38  Done     Pre   Queued    Post   Ready   Un-Ready   Failed
10/12/21 16:18:38   ===     ===      ===     ===     ===        ===      ===
10/12/21 16:18:38     3       0        0       0       0          0        0
10/12/21 16:18:38 0 job proc(s) currently held
10/12/21 16:18:38 Wrote metrics file Review_CropWat_Input.dag.metrics.
10/12/21 16:18:38 Metrics not sent because of PEGASUS_METRICS or CONDOR_DEVELOPERS setting.
10/12/21 16:18:38 **** condor_scheduniv_exec.2901.0 (condor_DAGMAN) pid 164939 EXITING WITH STATUS 0
