10/13/21 10:56:15 ******************************************************
10/13/21 10:56:15 ** condor_scheduniv_exec.2923.0 (CONDOR_DAGMAN) STARTING UP
10/13/21 10:56:15 ** /usr/bin/condor_dagman
10/13/21 10:56:15 ** SubsystemInfo: name=DAGMAN type=DAGMAN(10) class=DAEMON(1)
10/13/21 10:56:15 ** Configuration: subsystem:DAGMAN local:<NONE> class:DAEMON
10/13/21 10:56:15 ** $CondorVersion: 8.6.8 Apr 06 2018 BuildID: Debian-8.6.8~dfsg.1-2 Debian-8.6.8~dfsg.1-2 $
10/13/21 10:56:15 ** $CondorPlatform: X86_64-Ubuntu_ $
10/13/21 10:56:15 ** PID = 202270
10/13/21 10:56:15 ** Log last touched time unavailable (No such file or directory)
10/13/21 10:56:15 ******************************************************
10/13/21 10:56:15 Using config source: /etc/condor/condor_config
10/13/21 10:56:15 Using local config sources: 
10/13/21 10:56:15    /etc/condor/config.d/00debconf
10/13/21 10:56:15    /etc/condor/condor_config.local
10/13/21 10:56:15 config Macros = 73, Sorted = 73, StringBytes = 2341, TablesBytes = 2684
10/13/21 10:56:15 CLASSAD_CACHING is ENABLED
10/13/21 10:56:15 Daemon Log is logging: D_ALWAYS D_ERROR
10/13/21 10:56:15 DaemonCore: No command port requested.
10/13/21 10:56:15 DAGMAN_USE_STRICT setting: 1
10/13/21 10:56:15 DAGMAN_VERBOSITY setting: 3
10/13/21 10:56:15 DAGMAN_DEBUG_CACHE_SIZE setting: 5242880
10/13/21 10:56:15 DAGMAN_DEBUG_CACHE_ENABLE setting: False
10/13/21 10:56:15 DAGMAN_SUBMIT_DELAY setting: 0
10/13/21 10:56:15 DAGMAN_MAX_SUBMIT_ATTEMPTS setting: 6
10/13/21 10:56:15 DAGMAN_STARTUP_CYCLE_DETECT setting: False
10/13/21 10:56:15 DAGMAN_MAX_SUBMITS_PER_INTERVAL setting: 5
10/13/21 10:56:15 DAGMAN_USER_LOG_SCAN_INTERVAL setting: 5
10/13/21 10:56:15 DAGMAN_DEFAULT_PRIORITY setting: 0
10/13/21 10:56:15 DAGMAN_SUPPRESS_NOTIFICATION setting: True
10/13/21 10:56:15 allow_events (DAGMAN_ALLOW_EVENTS) setting: 114
10/13/21 10:56:15 DAGMAN_RETRY_SUBMIT_FIRST setting: True
10/13/21 10:56:15 DAGMAN_RETRY_NODE_FIRST setting: False
10/13/21 10:56:15 DAGMAN_MAX_JOBS_IDLE setting: 1000
10/13/21 10:56:15 DAGMAN_MAX_JOBS_SUBMITTED setting: 0
10/13/21 10:56:15 DAGMAN_MAX_PRE_SCRIPTS setting: 20
10/13/21 10:56:15 DAGMAN_MAX_POST_SCRIPTS setting: 20
10/13/21 10:56:15 DAGMAN_MUNGE_NODE_NAMES setting: True
10/13/21 10:56:15 DAGMAN_PROHIBIT_MULTI_JOBS setting: False
10/13/21 10:56:15 DAGMAN_SUBMIT_DEPTH_FIRST setting: False
10/13/21 10:56:15 DAGMAN_ALWAYS_RUN_POST setting: False
10/13/21 10:56:15 DAGMAN_ABORT_DUPLICATES setting: True
10/13/21 10:56:15 DAGMAN_ABORT_ON_SCARY_SUBMIT setting: True
10/13/21 10:56:15 DAGMAN_PENDING_REPORT_INTERVAL setting: 600
10/13/21 10:56:15 DAGMAN_AUTO_RESCUE setting: True
10/13/21 10:56:15 DAGMAN_MAX_RESCUE_NUM setting: 100
10/13/21 10:56:15 DAGMAN_WRITE_PARTIAL_RESCUE setting: True
10/13/21 10:56:15 DAGMAN_DEFAULT_NODE_LOG setting: @(DAG_DIR)/@(DAG_FILE).nodes.log
10/13/21 10:56:15 DAGMAN_GENERATE_SUBDAG_SUBMITS setting: True
10/13/21 10:56:15 DAGMAN_MAX_JOB_HOLDS setting: 100
10/13/21 10:56:15 DAGMAN_HOLD_CLAIM_TIME setting: 20
10/13/21 10:56:15 ALL_DEBUG setting: 
10/13/21 10:56:15 DAGMAN_DEBUG setting: 
10/13/21 10:56:15 DAGMAN_SUPPRESS_JOB_LOGS setting: False
10/13/21 10:56:15 DAGMAN_REMOVE_NODE_JOBS setting: True
10/13/21 10:56:15 argv[0] == "condor_scheduniv_exec.2923.0"
10/13/21 10:56:15 argv[1] == "-Lockfile"
10/13/21 10:56:15 argv[2] == "Review_CropWat_Input.dag.lock"
10/13/21 10:56:15 argv[3] == "-AutoRescue"
10/13/21 10:56:15 argv[4] == "1"
10/13/21 10:56:15 argv[5] == "-DoRescueFrom"
10/13/21 10:56:15 argv[6] == "0"
10/13/21 10:56:15 argv[7] == "-Dag"
10/13/21 10:56:15 argv[8] == "Review_CropWat_Input.dag"
10/13/21 10:56:15 argv[9] == "-Suppress_notification"
10/13/21 10:56:15 argv[10] == "-CsdVersion"
10/13/21 10:56:15 argv[11] == "$CondorVersion: 8.6.8 Apr 06 2018 BuildID: Debian-8.6.8~dfsg.1-2 Debian-8.6.8~dfsg.1-2 $"
10/13/21 10:56:15 argv[12] == "-Dagman"
10/13/21 10:56:15 argv[13] == "/usr/bin/condor_dagman"
10/13/21 10:56:15 Workflow batch-name: <Review_CropWat_Input.dag+2923>
10/13/21 10:56:15 Workflow accounting_group: <>
10/13/21 10:56:15 Workflow accounting_group_user: <>
10/13/21 10:56:15 Warning: failed to get attribute DAGNodeName
10/13/21 10:56:15 DAGMAN_LOG_ON_NFS_IS_ERROR setting: False
10/13/21 10:56:15 Default node log file is: </home/hoangtran/ebeef052650c4426911d939976f8ead0/./Review_CropWat_Input.dag.nodes.log>
10/13/21 10:56:15 DAG Lockfile will be written to Review_CropWat_Input.dag.lock
10/13/21 10:56:15 DAG Input file is Review_CropWat_Input.dag
10/13/21 10:56:15 Parsing 1 dagfiles
10/13/21 10:56:15 Parsing Review_CropWat_Input.dag ...
10/13/21 10:56:15 Dag contains 3 total jobs
10/13/21 10:56:15 Sleeping for 3 seconds to ensure ProcessId uniqueness
10/13/21 10:56:18 Bootstrapping...
10/13/21 10:56:18 Number of pre-completed nodes: 0
10/13/21 10:56:18 MultiLogFiles: truncating log file /home/hoangtran/ebeef052650c4426911d939976f8ead0/./Review_CropWat_Input.dag.nodes.log
10/13/21 10:56:18 DAG status: 0 (DAG_STATUS_OK)
10/13/21 10:56:18 Of 3 nodes total:
10/13/21 10:56:18  Done     Pre   Queued    Post   Ready   Un-Ready   Failed
10/13/21 10:56:18   ===     ===      ===     ===     ===        ===      ===
10/13/21 10:56:18     0       0        0       0       1          2        0
10/13/21 10:56:18 0 job proc(s) currently held
10/13/21 10:56:18 Registering condor_event_timer...
10/13/21 10:56:19 Submitting HTCondor Node run_cropwat_model job(s)...
10/13/21 10:56:19 Adding a DAGMan workflow log /home/hoangtran/ebeef052650c4426911d939976f8ead0/./Review_CropWat_Input.dag.nodes.log
10/13/21 10:56:19 Masking the events recorded in the DAGMAN workflow log
10/13/21 10:56:19 Mask for workflow log is 0,1,2,4,5,7,9,10,11,12,13,16,17,24,27
10/13/21 10:56:19 submitting: /usr/bin/condor_submit -a dag_node_name' '=' 'run_cropwat_model -a +DAGManJobId' '=' '2923 -a DAGManJobId' '=' '2923 -batch-name Review_CropWat_Input.dag+2923 -a submit_event_notes' '=' 'DAG' 'Node:' 'run_cropwat_model -a dagman_log' '=' '/home/hoangtran/ebeef052650c4426911d939976f8ead0/./Review_CropWat_Input.dag.nodes.log -a +DAGManNodesMask' '=' '"0,1,2,4,5,7,9,10,11,12,13,16,17,24,27" -a DAG_STATUS' '=' '0 -a FAILED_COUNT' '=' '0 -a +KeepClaimIdle' '=' '20 -a notification' '=' 'never -a +DAGParentNodeNames' '=' '"" run_cropwat_model/run_cropwat_model.job
10/13/21 10:56:19 From submit: Submitting job(s).
10/13/21 10:56:19 From submit: 1 job(s) submitted to cluster 2924.
10/13/21 10:56:19 	assigned HTCondor ID (2924.0.0)
10/13/21 10:56:19 Just submitted 1 job this cycle...
10/13/21 10:56:19 Currently monitoring 1 HTCondor log file(s)
10/13/21 10:56:19 Reassigning the id of job run_cropwat_model from (2924.0.0) to (2924.0.0)
10/13/21 10:56:19 Event: ULOG_SUBMIT for HTCondor Node run_cropwat_model (2924.0.0) {10/13/21 10:56:19}
10/13/21 10:56:19 Number of idle job procs: 1
10/13/21 10:56:19 DAG status: 0 (DAG_STATUS_OK)
10/13/21 10:56:19 Of 3 nodes total:
10/13/21 10:56:19  Done     Pre   Queued    Post   Ready   Un-Ready   Failed
10/13/21 10:56:19   ===     ===      ===     ===     ===        ===      ===
10/13/21 10:56:19     0       0        1       0       0          2        0
10/13/21 10:56:19 0 job proc(s) currently held
10/13/21 10:56:24 Currently monitoring 1 HTCondor log file(s)
10/13/21 10:56:24 Event: ULOG_EXECUTE for HTCondor Node run_cropwat_model (2924.0.0) {10/13/21 10:56:23}
10/13/21 10:56:24 Number of idle job procs: 0
10/13/21 10:56:39 Currently monitoring 1 HTCondor log file(s)
10/13/21 10:56:39 Event: ULOG_JOB_TERMINATED for HTCondor Node run_cropwat_model (2924.0.0) {10/13/21 10:56:34}
10/13/21 10:56:39 Number of idle job procs: 0
10/13/21 10:56:39 Node run_cropwat_model job proc (2924.0.0) completed successfully.
10/13/21 10:56:39 Node run_cropwat_model job completed
10/13/21 10:56:39 DAG status: 0 (DAG_STATUS_OK)
10/13/21 10:56:39 Of 3 nodes total:
10/13/21 10:56:39  Done     Pre   Queued    Post   Ready   Un-Ready   Failed
10/13/21 10:56:39   ===     ===      ===     ===     ===        ===      ===
10/13/21 10:56:39     1       0        0       0       1          1        0
10/13/21 10:56:39 0 job proc(s) currently held
10/13/21 10:56:44 Submitting HTCondor Node prepare_results job(s)...
10/13/21 10:56:44 Adding a DAGMan workflow log /home/hoangtran/ebeef052650c4426911d939976f8ead0/./Review_CropWat_Input.dag.nodes.log
10/13/21 10:56:44 Masking the events recorded in the DAGMAN workflow log
10/13/21 10:56:44 Mask for workflow log is 0,1,2,4,5,7,9,10,11,12,13,16,17,24,27
10/13/21 10:56:44 submitting: /usr/bin/condor_submit -a dag_node_name' '=' 'prepare_results -a +DAGManJobId' '=' '2923 -a DAGManJobId' '=' '2923 -batch-name Review_CropWat_Input.dag+2923 -a submit_event_notes' '=' 'DAG' 'Node:' 'prepare_results -a dagman_log' '=' '/home/hoangtran/ebeef052650c4426911d939976f8ead0/./Review_CropWat_Input.dag.nodes.log -a +DAGManNodesMask' '=' '"0,1,2,4,5,7,9,10,11,12,13,16,17,24,27" -a DAG_STATUS' '=' '0 -a FAILED_COUNT' '=' '0 -a +KeepClaimIdle' '=' '20 -a notification' '=' 'never -a +DAGParentNodeNames' '=' '"run_cropwat_model" prepare_results/prepare_results.job
10/13/21 10:56:44 From submit: Submitting job(s).
10/13/21 10:56:44 From submit: 1 job(s) submitted to cluster 2925.
10/13/21 10:56:44 	assigned HTCondor ID (2925.0.0)
10/13/21 10:56:44 Just submitted 1 job this cycle...
10/13/21 10:56:44 Currently monitoring 1 HTCondor log file(s)
10/13/21 10:56:44 Reassigning the id of job prepare_results from (2925.0.0) to (2925.0.0)
10/13/21 10:56:44 Event: ULOG_SUBMIT for HTCondor Node prepare_results (2925.0.0) {10/13/21 10:56:44}
10/13/21 10:56:44 Number of idle job procs: 1
10/13/21 10:56:44 DAG status: 0 (DAG_STATUS_OK)
10/13/21 10:56:44 Of 3 nodes total:
10/13/21 10:56:44  Done     Pre   Queued    Post   Ready   Un-Ready   Failed
10/13/21 10:56:44   ===     ===      ===     ===     ===        ===      ===
10/13/21 10:56:44     1       0        1       0       0          1        0
10/13/21 10:56:44 0 job proc(s) currently held
10/13/21 10:56:49 Currently monitoring 1 HTCondor log file(s)
10/13/21 10:56:49 Event: ULOG_EXECUTE for HTCondor Node prepare_results (2925.0.0) {10/13/21 10:56:45}
10/13/21 10:56:49 Number of idle job procs: 0
10/13/21 10:56:54 Currently monitoring 1 HTCondor log file(s)
10/13/21 10:56:54 Event: ULOG_JOB_TERMINATED for HTCondor Node prepare_results (2925.0.0) {10/13/21 10:56:53}
10/13/21 10:56:54 Number of idle job procs: 0
10/13/21 10:56:54 Node prepare_results job proc (2925.0.0) completed successfully.
10/13/21 10:56:54 Node prepare_results job completed
10/13/21 10:56:54 DAG status: 0 (DAG_STATUS_OK)
10/13/21 10:56:54 Of 3 nodes total:
10/13/21 10:56:54  Done     Pre   Queued    Post   Ready   Un-Ready   Failed
10/13/21 10:56:54   ===     ===      ===     ===     ===        ===      ===
10/13/21 10:56:54     2       0        0       0       1          0        0
10/13/21 10:56:54 0 job proc(s) currently held
10/13/21 10:56:59 Submitting HTCondor Node finalize job(s)...
10/13/21 10:56:59 Adding a DAGMan workflow log /home/hoangtran/ebeef052650c4426911d939976f8ead0/./Review_CropWat_Input.dag.nodes.log
10/13/21 10:56:59 Masking the events recorded in the DAGMAN workflow log
10/13/21 10:56:59 Mask for workflow log is 0,1,2,4,5,7,9,10,11,12,13,16,17,24,27
10/13/21 10:56:59 submitting: /usr/bin/condor_submit -a dag_node_name' '=' 'finalize -a +DAGManJobId' '=' '2923 -a DAGManJobId' '=' '2923 -batch-name Review_CropWat_Input.dag+2923 -a submit_event_notes' '=' 'DAG' 'Node:' 'finalize -a dagman_log' '=' '/home/hoangtran/ebeef052650c4426911d939976f8ead0/./Review_CropWat_Input.dag.nodes.log -a +DAGManNodesMask' '=' '"0,1,2,4,5,7,9,10,11,12,13,16,17,24,27" -a DAG_STATUS' '=' '0 -a FAILED_COUNT' '=' '0 -a notification' '=' 'never -a +DAGParentNodeNames' '=' '"prepare_results" finalize/finalize.job
10/13/21 10:56:59 From submit: Submitting job(s).
10/13/21 10:56:59 From submit: 1 job(s) submitted to cluster 2926.
10/13/21 10:56:59 	assigned HTCondor ID (2926.0.0)
10/13/21 10:56:59 Just submitted 1 job this cycle...
10/13/21 10:56:59 Currently monitoring 1 HTCondor log file(s)
10/13/21 10:56:59 Reassigning the id of job finalize from (2926.0.0) to (2926.0.0)
10/13/21 10:56:59 Event: ULOG_SUBMIT for HTCondor Node finalize (2926.0.0) {10/13/21 10:56:59}
10/13/21 10:56:59 Number of idle job procs: 1
10/13/21 10:56:59 DAG status: 0 (DAG_STATUS_OK)
10/13/21 10:56:59 Of 3 nodes total:
10/13/21 10:56:59  Done     Pre   Queued    Post   Ready   Un-Ready   Failed
10/13/21 10:56:59   ===     ===      ===     ===     ===        ===      ===
10/13/21 10:56:59     2       0        1       0       0          0        0
10/13/21 10:56:59 0 job proc(s) currently held
10/13/21 10:57:04 Currently monitoring 1 HTCondor log file(s)
10/13/21 10:57:04 Event: ULOG_EXECUTE for HTCondor Node finalize (2926.0.0) {10/13/21 10:57:00}
10/13/21 10:57:04 Number of idle job procs: 0
10/13/21 10:57:09 Currently monitoring 1 HTCondor log file(s)
10/13/21 10:57:09 Event: ULOG_JOB_TERMINATED for HTCondor Node finalize (2926.0.0) {10/13/21 10:57:06}
10/13/21 10:57:09 Number of idle job procs: 0
10/13/21 10:57:09 Node finalize job proc (2926.0.0) completed successfully.
10/13/21 10:57:09 Node finalize job completed
10/13/21 10:57:09 DAG status: 0 (DAG_STATUS_OK)
10/13/21 10:57:09 Of 3 nodes total:
10/13/21 10:57:09  Done     Pre   Queued    Post   Ready   Un-Ready   Failed
10/13/21 10:57:09   ===     ===      ===     ===     ===        ===      ===
10/13/21 10:57:09     3       0        0       0       0          0        0
10/13/21 10:57:09 0 job proc(s) currently held
10/13/21 10:57:09 All jobs Completed!
10/13/21 10:57:09 Note: 0 total job deferrals because of -MaxJobs limit (0)
10/13/21 10:57:09 Note: 0 total job deferrals because of -MaxIdle limit (1000)
10/13/21 10:57:09 Note: 0 total job deferrals because of node category throttles
10/13/21 10:57:09 Note: 0 total PRE script deferrals because of -MaxPre limit (20) or DEFER
10/13/21 10:57:09 Note: 0 total POST script deferrals because of -MaxPost limit (20) or DEFER
10/13/21 10:57:09 DAG status: 0 (DAG_STATUS_OK)
10/13/21 10:57:09 Of 3 nodes total:
10/13/21 10:57:09  Done     Pre   Queued    Post   Ready   Un-Ready   Failed
10/13/21 10:57:09   ===     ===      ===     ===     ===        ===      ===
10/13/21 10:57:09     3       0        0       0       0          0        0
10/13/21 10:57:09 0 job proc(s) currently held
10/13/21 10:57:09 Wrote metrics file Review_CropWat_Input.dag.metrics.
10/13/21 10:57:09 Metrics not sent because of PEGASUS_METRICS or CONDOR_DEVELOPERS setting.
10/13/21 10:57:09 **** condor_scheduniv_exec.2923.0 (condor_DAGMAN) pid 202270 EXITING WITH STATUS 0
