09/30/21 10:41:55 ******************************************************
09/30/21 10:41:55 ** condor_scheduniv_exec.2775.0 (CONDOR_DAGMAN) STARTING UP
09/30/21 10:41:55 ** /usr/bin/condor_dagman
09/30/21 10:41:55 ** SubsystemInfo: name=DAGMAN type=DAGMAN(10) class=DAEMON(1)
09/30/21 10:41:55 ** Configuration: subsystem:DAGMAN local:<NONE> class:DAEMON
09/30/21 10:41:55 ** $CondorVersion: 8.6.8 Apr 06 2018 BuildID: Debian-8.6.8~dfsg.1-2 Debian-8.6.8~dfsg.1-2 $
09/30/21 10:41:55 ** $CondorPlatform: X86_64-Ubuntu_ $
09/30/21 10:41:55 ** PID = 695720
09/30/21 10:41:55 ** Log last touched time unavailable (No such file or directory)
09/30/21 10:41:55 ******************************************************
09/30/21 10:41:55 Using config source: /etc/condor/condor_config
09/30/21 10:41:55 Using local config sources: 
09/30/21 10:41:55    /etc/condor/config.d/00debconf
09/30/21 10:41:55    /etc/condor/condor_config.local
09/30/21 10:41:55 config Macros = 73, Sorted = 73, StringBytes = 2385, TablesBytes = 2684
09/30/21 10:41:55 CLASSAD_CACHING is ENABLED
09/30/21 10:41:55 Daemon Log is logging: D_ALWAYS D_ERROR
09/30/21 10:41:55 DaemonCore: No command port requested.
09/30/21 10:41:55 DAGMAN_USE_STRICT setting: 1
09/30/21 10:41:55 DAGMAN_VERBOSITY setting: 3
09/30/21 10:41:55 DAGMAN_DEBUG_CACHE_SIZE setting: 5242880
09/30/21 10:41:55 DAGMAN_DEBUG_CACHE_ENABLE setting: False
09/30/21 10:41:55 DAGMAN_SUBMIT_DELAY setting: 0
09/30/21 10:41:55 DAGMAN_MAX_SUBMIT_ATTEMPTS setting: 6
09/30/21 10:41:55 DAGMAN_STARTUP_CYCLE_DETECT setting: False
09/30/21 10:41:55 DAGMAN_MAX_SUBMITS_PER_INTERVAL setting: 5
09/30/21 10:41:55 DAGMAN_USER_LOG_SCAN_INTERVAL setting: 5
09/30/21 10:41:55 DAGMAN_DEFAULT_PRIORITY setting: 0
09/30/21 10:41:55 DAGMAN_SUPPRESS_NOTIFICATION setting: True
09/30/21 10:41:55 allow_events (DAGMAN_ALLOW_EVENTS) setting: 114
09/30/21 10:41:55 DAGMAN_RETRY_SUBMIT_FIRST setting: True
09/30/21 10:41:55 DAGMAN_RETRY_NODE_FIRST setting: False
09/30/21 10:41:55 DAGMAN_MAX_JOBS_IDLE setting: 1000
09/30/21 10:41:55 DAGMAN_MAX_JOBS_SUBMITTED setting: 0
09/30/21 10:41:55 DAGMAN_MAX_PRE_SCRIPTS setting: 20
09/30/21 10:41:55 DAGMAN_MAX_POST_SCRIPTS setting: 20
09/30/21 10:41:55 DAGMAN_MUNGE_NODE_NAMES setting: True
09/30/21 10:41:55 DAGMAN_PROHIBIT_MULTI_JOBS setting: False
09/30/21 10:41:55 DAGMAN_SUBMIT_DEPTH_FIRST setting: False
09/30/21 10:41:55 DAGMAN_ALWAYS_RUN_POST setting: False
09/30/21 10:41:55 DAGMAN_ABORT_DUPLICATES setting: True
09/30/21 10:41:55 DAGMAN_ABORT_ON_SCARY_SUBMIT setting: True
09/30/21 10:41:55 DAGMAN_PENDING_REPORT_INTERVAL setting: 600
09/30/21 10:41:55 DAGMAN_AUTO_RESCUE setting: True
09/30/21 10:41:55 DAGMAN_MAX_RESCUE_NUM setting: 100
09/30/21 10:41:55 DAGMAN_WRITE_PARTIAL_RESCUE setting: True
09/30/21 10:41:55 DAGMAN_DEFAULT_NODE_LOG setting: @(DAG_DIR)/@(DAG_FILE).nodes.log
09/30/21 10:41:55 DAGMAN_GENERATE_SUBDAG_SUBMITS setting: True
09/30/21 10:41:55 DAGMAN_MAX_JOB_HOLDS setting: 100
09/30/21 10:41:55 DAGMAN_HOLD_CLAIM_TIME setting: 20
09/30/21 10:41:55 ALL_DEBUG setting: 
09/30/21 10:41:55 DAGMAN_DEBUG setting: 
09/30/21 10:41:55 DAGMAN_SUPPRESS_JOB_LOGS setting: False
09/30/21 10:41:55 DAGMAN_REMOVE_NODE_JOBS setting: True
09/30/21 10:41:55 argv[0] == "condor_scheduniv_exec.2775.0"
09/30/21 10:41:55 argv[1] == "-Lockfile"
09/30/21 10:41:55 argv[2] == "upload_cropwat_model_df6d1f7b_1828_49c4_ae49_53ff73869eb3.dag.lock"
09/30/21 10:41:55 argv[3] == "-AutoRescue"
09/30/21 10:41:55 argv[4] == "1"
09/30/21 10:41:55 argv[5] == "-DoRescueFrom"
09/30/21 10:41:55 argv[6] == "0"
09/30/21 10:41:55 argv[7] == "-Dag"
09/30/21 10:41:55 argv[8] == "upload_cropwat_model_df6d1f7b_1828_49c4_ae49_53ff73869eb3.dag"
09/30/21 10:41:55 argv[9] == "-Suppress_notification"
09/30/21 10:41:55 argv[10] == "-CsdVersion"
09/30/21 10:41:55 argv[11] == "$CondorVersion: 8.6.8 Apr 06 2018 BuildID: Debian-8.6.8~dfsg.1-2 Debian-8.6.8~dfsg.1-2 $"
09/30/21 10:41:55 argv[12] == "-Dagman"
09/30/21 10:41:55 argv[13] == "/usr/bin/condor_dagman"
09/30/21 10:41:55 Workflow batch-name: <upload_cropwat_model_df6d1f7b_1828_49c4_ae49_53ff73869eb3.dag+2775>
09/30/21 10:41:55 Workflow accounting_group: <>
09/30/21 10:41:55 Workflow accounting_group_user: <>
09/30/21 10:41:55 Warning: failed to get attribute DAGNodeName
09/30/21 10:41:55 DAGMAN_LOG_ON_NFS_IS_ERROR setting: False
09/30/21 10:41:55 Default node log file is: </home/hoangtran/0b9172a9592a4361b7b83f3101dfef13/./upload_cropwat_model_df6d1f7b_1828_49c4_ae49_53ff73869eb3.dag.nodes.log>
09/30/21 10:41:55 DAG Lockfile will be written to upload_cropwat_model_df6d1f7b_1828_49c4_ae49_53ff73869eb3.dag.lock
09/30/21 10:41:55 DAG Input file is upload_cropwat_model_df6d1f7b_1828_49c4_ae49_53ff73869eb3.dag
09/30/21 10:41:55 Parsing 1 dagfiles
09/30/21 10:41:55 Parsing upload_cropwat_model_df6d1f7b_1828_49c4_ae49_53ff73869eb3.dag ...
09/30/21 10:41:55 Dag contains 2 total jobs
09/30/21 10:41:55 Sleeping for 3 seconds to ensure ProcessId uniqueness
09/30/21 10:41:58 Bootstrapping...
09/30/21 10:41:58 Number of pre-completed nodes: 0
09/30/21 10:41:58 MultiLogFiles: truncating log file /home/hoangtran/0b9172a9592a4361b7b83f3101dfef13/./upload_cropwat_model_df6d1f7b_1828_49c4_ae49_53ff73869eb3.dag.nodes.log
09/30/21 10:41:58 DAG status: 0 (DAG_STATUS_OK)
09/30/21 10:41:58 Of 2 nodes total:
09/30/21 10:41:58  Done     Pre   Queued    Post   Ready   Un-Ready   Failed
09/30/21 10:41:58   ===     ===      ===     ===     ===        ===      ===
09/30/21 10:41:58     0       0        0       0       1          1        0
09/30/21 10:41:58 0 job proc(s) currently held
09/30/21 10:41:58 Registering condor_event_timer...
09/30/21 10:41:59 Submitting HTCondor Node create_model_extent_layer job(s)...
09/30/21 10:41:59 Adding a DAGMan workflow log /home/hoangtran/0b9172a9592a4361b7b83f3101dfef13/./upload_cropwat_model_df6d1f7b_1828_49c4_ae49_53ff73869eb3.dag.nodes.log
09/30/21 10:41:59 Masking the events recorded in the DAGMAN workflow log
09/30/21 10:41:59 Mask for workflow log is 0,1,2,4,5,7,9,10,11,12,13,16,17,24,27
09/30/21 10:41:59 submitting: /usr/bin/condor_submit -a dag_node_name' '=' 'create_model_extent_layer -a +DAGManJobId' '=' '2775 -a DAGManJobId' '=' '2775 -batch-name upload_cropwat_model_df6d1f7b_1828_49c4_ae49_53ff73869eb3.dag+2775 -a submit_event_notes' '=' 'DAG' 'Node:' 'create_model_extent_layer -a dagman_log' '=' '/home/hoangtran/0b9172a9592a4361b7b83f3101dfef13/./upload_cropwat_model_df6d1f7b_1828_49c4_ae49_53ff73869eb3.dag.nodes.log -a +DAGManNodesMask' '=' '"0,1,2,4,5,7,9,10,11,12,13,16,17,24,27" -a DAG_STATUS' '=' '0 -a FAILED_COUNT' '=' '0 -a +KeepClaimIdle' '=' '20 -a notification' '=' 'never -a +DAGParentNodeNames' '=' '"" create_model_extent_layer/create_model_extent_layer.job
09/30/21 10:42:00 From submit: Submitting job(s).
09/30/21 10:42:00 From submit: 1 job(s) submitted to cluster 2776.
09/30/21 10:42:00 	assigned HTCondor ID (2776.0.0)
09/30/21 10:42:00 Just submitted 1 job this cycle...
09/30/21 10:42:00 Currently monitoring 1 HTCondor log file(s)
09/30/21 10:42:00 Reassigning the id of job create_model_extent_layer from (2776.0.0) to (2776.0.0)
09/30/21 10:42:00 Event: ULOG_SUBMIT for HTCondor Node create_model_extent_layer (2776.0.0) {09/30/21 10:42:00}
09/30/21 10:42:00 Number of idle job procs: 1
09/30/21 10:42:00 DAG status: 0 (DAG_STATUS_OK)
09/30/21 10:42:00 Of 2 nodes total:
09/30/21 10:42:00  Done     Pre   Queued    Post   Ready   Un-Ready   Failed
09/30/21 10:42:00   ===     ===      ===     ===     ===        ===      ===
09/30/21 10:42:00     0       0        1       0       0          1        0
09/30/21 10:42:00 0 job proc(s) currently held
09/30/21 10:42:05 Currently monitoring 1 HTCondor log file(s)
09/30/21 10:42:05 Event: ULOG_EXECUTE for HTCondor Node create_model_extent_layer (2776.0.0) {09/30/21 10:42:01}
09/30/21 10:42:05 Number of idle job procs: 0
09/30/21 10:42:15 Currently monitoring 1 HTCondor log file(s)
09/30/21 10:42:15 Event: ULOG_JOB_TERMINATED for HTCondor Node create_model_extent_layer (2776.0.0) {09/30/21 10:42:13}
09/30/21 10:42:15 Number of idle job procs: 0
09/30/21 10:42:15 Node create_model_extent_layer job proc (2776.0.0) failed with status 1.
09/30/21 10:42:15 DAG status: 2 (DAG_STATUS_NODE_FAILED)
09/30/21 10:42:15 Of 2 nodes total:
09/30/21 10:42:15  Done     Pre   Queued    Post   Ready   Un-Ready   Failed
09/30/21 10:42:15   ===     ===      ===     ===     ===        ===      ===
09/30/21 10:42:15     0       0        0       0       0          1        1
09/30/21 10:42:15 0 job proc(s) currently held
09/30/21 10:42:15 ERROR: the following job(s) failed:
09/30/21 10:42:15 ---------------------- Job ----------------------
09/30/21 10:42:15       Node Name: create_model_extent_layer
09/30/21 10:42:15            Noop: false
09/30/21 10:42:15          NodeID: 0
09/30/21 10:42:15     Node Status: STATUS_ERROR    
09/30/21 10:42:15 Node return val: 1
09/30/21 10:42:15           Error: Job proc (2776.0.0) failed with status 1
09/30/21 10:42:15 Job Submit File: create_model_extent_layer/create_model_extent_layer.job
09/30/21 10:42:15  HTCondor Job ID: (2776.0.0)
09/30/21 10:42:15       Q_PARENTS: <END>
09/30/21 10:42:15       Q_WAITING: <END>
09/30/21 10:42:15      Q_CHILDREN: finalize, <END>
09/30/21 10:42:15 ---------------------------------------	<END>
09/30/21 10:42:15 Aborting DAG...
09/30/21 10:42:15 Writing Rescue DAG to upload_cropwat_model_df6d1f7b_1828_49c4_ae49_53ff73869eb3.dag.rescue001...
09/30/21 10:42:15 Removing submitted jobs...
09/30/21 10:42:15 Removing any/all submitted HTCondor jobs...
09/30/21 10:42:15 Running: /usr/bin/condor_rm -const DAGManJobId' '=?=' '2775
09/30/21 10:42:15 Note: 0 total job deferrals because of -MaxJobs limit (0)
09/30/21 10:42:15 Note: 0 total job deferrals because of -MaxIdle limit (1000)
09/30/21 10:42:15 Note: 0 total job deferrals because of node category throttles
09/30/21 10:42:15 Note: 0 total PRE script deferrals because of -MaxPre limit (20) or DEFER
09/30/21 10:42:15 Note: 0 total POST script deferrals because of -MaxPost limit (20) or DEFER
09/30/21 10:42:15 DAG status: 2 (DAG_STATUS_NODE_FAILED)
09/30/21 10:42:15 Of 2 nodes total:
09/30/21 10:42:15  Done     Pre   Queued    Post   Ready   Un-Ready   Failed
09/30/21 10:42:15   ===     ===      ===     ===     ===        ===      ===
09/30/21 10:42:15     0       0        0       0       0          1        1
09/30/21 10:42:15 0 job proc(s) currently held
09/30/21 10:42:15 Wrote metrics file upload_cropwat_model_df6d1f7b_1828_49c4_ae49_53ff73869eb3.dag.metrics.
09/30/21 10:42:15 Metrics not sent because of PEGASUS_METRICS or CONDOR_DEVELOPERS setting.
09/30/21 10:42:15 **** condor_scheduniv_exec.2775.0 (condor_DAGMAN) pid 695720 EXITING WITH STATUS 1
