10/04/21 11:36:13 ******************************************************
10/04/21 11:36:13 ** condor_scheduniv_exec.2783.0 (CONDOR_DAGMAN) STARTING UP
10/04/21 11:36:13 ** /usr/bin/condor_dagman
10/04/21 11:36:13 ** SubsystemInfo: name=DAGMAN type=DAGMAN(10) class=DAEMON(1)
10/04/21 11:36:13 ** Configuration: subsystem:DAGMAN local:<NONE> class:DAEMON
10/04/21 11:36:13 ** $CondorVersion: 8.6.8 Apr 06 2018 BuildID: Debian-8.6.8~dfsg.1-2 Debian-8.6.8~dfsg.1-2 $
10/04/21 11:36:13 ** $CondorPlatform: X86_64-Ubuntu_ $
10/04/21 11:36:13 ** PID = 821131
10/04/21 11:36:13 ** Log last touched time unavailable (No such file or directory)
10/04/21 11:36:13 ******************************************************
10/04/21 11:36:13 Using config source: /etc/condor/condor_config
10/04/21 11:36:13 Using local config sources: 
10/04/21 11:36:13    /etc/condor/config.d/00debconf
10/04/21 11:36:13    /etc/condor/condor_config.local
10/04/21 11:36:13 config Macros = 73, Sorted = 73, StringBytes = 2387, TablesBytes = 2684
10/04/21 11:36:13 CLASSAD_CACHING is ENABLED
10/04/21 11:36:13 Daemon Log is logging: D_ALWAYS D_ERROR
10/04/21 11:36:13 DaemonCore: No command port requested.
10/04/21 11:36:13 DAGMAN_USE_STRICT setting: 1
10/04/21 11:36:13 DAGMAN_VERBOSITY setting: 3
10/04/21 11:36:13 DAGMAN_DEBUG_CACHE_SIZE setting: 5242880
10/04/21 11:36:13 DAGMAN_DEBUG_CACHE_ENABLE setting: False
10/04/21 11:36:13 DAGMAN_SUBMIT_DELAY setting: 0
10/04/21 11:36:13 DAGMAN_MAX_SUBMIT_ATTEMPTS setting: 6
10/04/21 11:36:13 DAGMAN_STARTUP_CYCLE_DETECT setting: False
10/04/21 11:36:13 DAGMAN_MAX_SUBMITS_PER_INTERVAL setting: 5
10/04/21 11:36:13 DAGMAN_USER_LOG_SCAN_INTERVAL setting: 5
10/04/21 11:36:13 DAGMAN_DEFAULT_PRIORITY setting: 0
10/04/21 11:36:13 DAGMAN_SUPPRESS_NOTIFICATION setting: True
10/04/21 11:36:13 allow_events (DAGMAN_ALLOW_EVENTS) setting: 114
10/04/21 11:36:13 DAGMAN_RETRY_SUBMIT_FIRST setting: True
10/04/21 11:36:13 DAGMAN_RETRY_NODE_FIRST setting: False
10/04/21 11:36:13 DAGMAN_MAX_JOBS_IDLE setting: 1000
10/04/21 11:36:13 DAGMAN_MAX_JOBS_SUBMITTED setting: 0
10/04/21 11:36:13 DAGMAN_MAX_PRE_SCRIPTS setting: 20
10/04/21 11:36:13 DAGMAN_MAX_POST_SCRIPTS setting: 20
10/04/21 11:36:13 DAGMAN_MUNGE_NODE_NAMES setting: True
10/04/21 11:36:13 DAGMAN_PROHIBIT_MULTI_JOBS setting: False
10/04/21 11:36:13 DAGMAN_SUBMIT_DEPTH_FIRST setting: False
10/04/21 11:36:13 DAGMAN_ALWAYS_RUN_POST setting: False
10/04/21 11:36:13 DAGMAN_ABORT_DUPLICATES setting: True
10/04/21 11:36:13 DAGMAN_ABORT_ON_SCARY_SUBMIT setting: True
10/04/21 11:36:13 DAGMAN_PENDING_REPORT_INTERVAL setting: 600
10/04/21 11:36:13 DAGMAN_AUTO_RESCUE setting: True
10/04/21 11:36:13 DAGMAN_MAX_RESCUE_NUM setting: 100
10/04/21 11:36:13 DAGMAN_WRITE_PARTIAL_RESCUE setting: True
10/04/21 11:36:13 DAGMAN_DEFAULT_NODE_LOG setting: @(DAG_DIR)/@(DAG_FILE).nodes.log
10/04/21 11:36:13 DAGMAN_GENERATE_SUBDAG_SUBMITS setting: True
10/04/21 11:36:13 DAGMAN_MAX_JOB_HOLDS setting: 100
10/04/21 11:36:13 DAGMAN_HOLD_CLAIM_TIME setting: 20
10/04/21 11:36:13 ALL_DEBUG setting: 
10/04/21 11:36:13 DAGMAN_DEBUG setting: 
10/04/21 11:36:13 DAGMAN_SUPPRESS_JOB_LOGS setting: False
10/04/21 11:36:13 DAGMAN_REMOVE_NODE_JOBS setting: True
10/04/21 11:36:13 argv[0] == "condor_scheduniv_exec.2783.0"
10/04/21 11:36:13 argv[1] == "-Lockfile"
10/04/21 11:36:13 argv[2] == "upload_irrigation_zone_ab790898_34e8_4b48_820e_0057b5be884e.dag.lock"
10/04/21 11:36:13 argv[3] == "-AutoRescue"
10/04/21 11:36:13 argv[4] == "1"
10/04/21 11:36:13 argv[5] == "-DoRescueFrom"
10/04/21 11:36:13 argv[6] == "0"
10/04/21 11:36:13 argv[7] == "-Dag"
10/04/21 11:36:13 argv[8] == "upload_irrigation_zone_ab790898_34e8_4b48_820e_0057b5be884e.dag"
10/04/21 11:36:13 argv[9] == "-Suppress_notification"
10/04/21 11:36:13 argv[10] == "-CsdVersion"
10/04/21 11:36:13 argv[11] == "$CondorVersion: 8.6.8 Apr 06 2018 BuildID: Debian-8.6.8~dfsg.1-2 Debian-8.6.8~dfsg.1-2 $"
10/04/21 11:36:13 argv[12] == "-Dagman"
10/04/21 11:36:13 argv[13] == "/usr/bin/condor_dagman"
10/04/21 11:36:13 Workflow batch-name: <upload_irrigation_zone_ab790898_34e8_4b48_820e_0057b5be884e.dag+2783>
10/04/21 11:36:13 Workflow accounting_group: <>
10/04/21 11:36:13 Workflow accounting_group_user: <>
10/04/21 11:36:13 Warning: failed to get attribute DAGNodeName
10/04/21 11:36:13 DAGMAN_LOG_ON_NFS_IS_ERROR setting: False
10/04/21 11:36:13 Default node log file is: </home/hoangtran/51f61fa32c464167a737e4afaa2497ff/./upload_irrigation_zone_ab790898_34e8_4b48_820e_0057b5be884e.dag.nodes.log>
10/04/21 11:36:13 DAG Lockfile will be written to upload_irrigation_zone_ab790898_34e8_4b48_820e_0057b5be884e.dag.lock
10/04/21 11:36:13 DAG Input file is upload_irrigation_zone_ab790898_34e8_4b48_820e_0057b5be884e.dag
10/04/21 11:36:13 Parsing 1 dagfiles
10/04/21 11:36:13 Parsing upload_irrigation_zone_ab790898_34e8_4b48_820e_0057b5be884e.dag ...
10/04/21 11:36:13 Dag contains 2 total jobs
10/04/21 11:36:13 Sleeping for 3 seconds to ensure ProcessId uniqueness
10/04/21 11:36:16 Bootstrapping...
10/04/21 11:36:16 Number of pre-completed nodes: 0
10/04/21 11:36:16 MultiLogFiles: truncating log file /home/hoangtran/51f61fa32c464167a737e4afaa2497ff/./upload_irrigation_zone_ab790898_34e8_4b48_820e_0057b5be884e.dag.nodes.log
10/04/21 11:36:16 DAG status: 0 (DAG_STATUS_OK)
10/04/21 11:36:16 Of 2 nodes total:
10/04/21 11:36:16  Done     Pre   Queued    Post   Ready   Un-Ready   Failed
10/04/21 11:36:16   ===     ===      ===     ===     ===        ===      ===
10/04/21 11:36:16     0       0        0       0       1          1        0
10/04/21 11:36:16 0 job proc(s) currently held
10/04/21 11:36:16 Registering condor_event_timer...
10/04/21 11:36:17 Submitting HTCondor Node create_irrigation_zone_extent_layer job(s)...
10/04/21 11:36:17 Adding a DAGMan workflow log /home/hoangtran/51f61fa32c464167a737e4afaa2497ff/./upload_irrigation_zone_ab790898_34e8_4b48_820e_0057b5be884e.dag.nodes.log
10/04/21 11:36:17 Masking the events recorded in the DAGMAN workflow log
10/04/21 11:36:17 Mask for workflow log is 0,1,2,4,5,7,9,10,11,12,13,16,17,24,27
10/04/21 11:36:17 submitting: /usr/bin/condor_submit -a dag_node_name' '=' 'create_irrigation_zone_extent_layer -a +DAGManJobId' '=' '2783 -a DAGManJobId' '=' '2783 -batch-name upload_irrigation_zone_ab790898_34e8_4b48_820e_0057b5be884e.dag+2783 -a submit_event_notes' '=' 'DAG' 'Node:' 'create_irrigation_zone_extent_layer -a dagman_log' '=' '/home/hoangtran/51f61fa32c464167a737e4afaa2497ff/./upload_irrigation_zone_ab790898_34e8_4b48_820e_0057b5be884e.dag.nodes.log -a +DAGManNodesMask' '=' '"0,1,2,4,5,7,9,10,11,12,13,16,17,24,27" -a DAG_STATUS' '=' '0 -a FAILED_COUNT' '=' '0 -a +KeepClaimIdle' '=' '20 -a notification' '=' 'never -a +DAGParentNodeNames' '=' '"" create_irrigation_zone_extent_layer/create_irrigation_zone_extent_layer.job
10/04/21 11:36:17 From submit: Submitting job(s).
10/04/21 11:36:17 From submit: 1 job(s) submitted to cluster 2784.
10/04/21 11:36:17 	assigned HTCondor ID (2784.0.0)
10/04/21 11:36:17 Just submitted 1 job this cycle...
10/04/21 11:36:17 Currently monitoring 1 HTCondor log file(s)
10/04/21 11:36:17 Reassigning the id of job create_irrigation_zone_extent_layer from (2784.0.0) to (2784.0.0)
10/04/21 11:36:17 Event: ULOG_SUBMIT for HTCondor Node create_irrigation_zone_extent_layer (2784.0.0) {10/04/21 11:36:17}
10/04/21 11:36:17 Number of idle job procs: 1
10/04/21 11:36:17 DAG status: 0 (DAG_STATUS_OK)
10/04/21 11:36:17 Of 2 nodes total:
10/04/21 11:36:17  Done     Pre   Queued    Post   Ready   Un-Ready   Failed
10/04/21 11:36:17   ===     ===      ===     ===     ===        ===      ===
10/04/21 11:36:17     0       0        1       0       0          1        0
10/04/21 11:36:17 0 job proc(s) currently held
10/04/21 11:36:37 Currently monitoring 1 HTCondor log file(s)
10/04/21 11:36:37 Event: ULOG_EXECUTE for HTCondor Node create_irrigation_zone_extent_layer (2784.0.0) {10/04/21 11:36:34}
10/04/21 11:36:37 Number of idle job procs: 0
10/04/21 11:36:52 Currently monitoring 1 HTCondor log file(s)
10/04/21 11:36:52 Event: ULOG_JOB_TERMINATED for HTCondor Node create_irrigation_zone_extent_layer (2784.0.0) {10/04/21 11:36:51}
10/04/21 11:36:52 Number of idle job procs: 0
10/04/21 11:36:52 Node create_irrigation_zone_extent_layer job proc (2784.0.0) failed with status 1.
10/04/21 11:36:52 DAG status: 2 (DAG_STATUS_NODE_FAILED)
10/04/21 11:36:52 Of 2 nodes total:
10/04/21 11:36:52  Done     Pre   Queued    Post   Ready   Un-Ready   Failed
10/04/21 11:36:52   ===     ===      ===     ===     ===        ===      ===
10/04/21 11:36:52     0       0        0       0       0          1        1
10/04/21 11:36:52 0 job proc(s) currently held
10/04/21 11:36:52 ERROR: the following job(s) failed:
10/04/21 11:36:52 ---------------------- Job ----------------------
10/04/21 11:36:52       Node Name: create_irrigation_zone_extent_layer
10/04/21 11:36:52            Noop: false
10/04/21 11:36:52          NodeID: 1
10/04/21 11:36:52     Node Status: STATUS_ERROR    
10/04/21 11:36:52 Node return val: 1
10/04/21 11:36:52           Error: Job proc (2784.0.0) failed with status 1
10/04/21 11:36:52 Job Submit File: create_irrigation_zone_extent_layer/create_irrigation_zone_extent_layer.job
10/04/21 11:36:52  HTCondor Job ID: (2784.0.0)
10/04/21 11:36:52       Q_PARENTS: <END>
10/04/21 11:36:52       Q_WAITING: <END>
10/04/21 11:36:52      Q_CHILDREN: finalize, <END>
10/04/21 11:36:52 ---------------------------------------	<END>
10/04/21 11:36:52 Aborting DAG...
10/04/21 11:36:52 Writing Rescue DAG to upload_irrigation_zone_ab790898_34e8_4b48_820e_0057b5be884e.dag.rescue001...
10/04/21 11:36:52 Removing submitted jobs...
10/04/21 11:36:52 Removing any/all submitted HTCondor jobs...
10/04/21 11:36:52 Running: /usr/bin/condor_rm -const DAGManJobId' '=?=' '2783
10/04/21 11:36:52 Note: 0 total job deferrals because of -MaxJobs limit (0)
10/04/21 11:36:52 Note: 0 total job deferrals because of -MaxIdle limit (1000)
10/04/21 11:36:52 Note: 0 total job deferrals because of node category throttles
10/04/21 11:36:52 Note: 0 total PRE script deferrals because of -MaxPre limit (20) or DEFER
10/04/21 11:36:52 Note: 0 total POST script deferrals because of -MaxPost limit (20) or DEFER
10/04/21 11:36:52 DAG status: 2 (DAG_STATUS_NODE_FAILED)
10/04/21 11:36:52 Of 2 nodes total:
10/04/21 11:36:52  Done     Pre   Queued    Post   Ready   Un-Ready   Failed
10/04/21 11:36:52   ===     ===      ===     ===     ===        ===      ===
10/04/21 11:36:52     0       0        0       0       0          1        1
10/04/21 11:36:52 0 job proc(s) currently held
10/04/21 11:36:52 Wrote metrics file upload_irrigation_zone_ab790898_34e8_4b48_820e_0057b5be884e.dag.metrics.
10/04/21 11:36:52 Metrics not sent because of PEGASUS_METRICS or CONDOR_DEVELOPERS setting.
10/04/21 11:36:52 **** condor_scheduniv_exec.2783.0 (condor_DAGMAN) pid 821131 EXITING WITH STATUS 1
