000 (2934.000.000) 10/13 11:32:18 Job submitted from host: <127.0.0.1:9618?addrs=127.0.0.1-9618+[--1]-9618&noUDP&sock=6767_2d78_4>
    DAG Node: finalize
...
001 (2934.000.000) 10/13 11:32:20 Job executing on host: <127.0.0.1:9618?addrs=127.0.0.1-9618+[--1]-9618&noUDP&sock=6767_2d78_3>
...
006 (2934.000.000) 10/13 11:32:23 Image size of job updated: 16
	1  -  MemoryUsage of job (MB)
	16  -  ResidentSetSize of job (KB)
...
005 (2934.000.000) 10/13 11:32:24 Job terminated.
	(1) Normal termination (return value 0)
		Usr 0 00:00:02, Sys 0 00:00:00  -  Run Remote Usage
		Usr 0 00:00:00, Sys 0 00:00:00  -  Run Local Usage
		Usr 0 00:00:02, Sys 0 00:00:00  -  Total Remote Usage
		Usr 0 00:00:00, Sys 0 00:00:00  -  Total Local Usage
	12395  -  Run Bytes Sent By Job
	7273  -  Run Bytes Received By Job
	12395  -  Total Bytes Sent By Job
	7273  -  Total Bytes Received By Job
	Partitionable Resources :    Usage  Request Allocated
	   Cpus                 :                 1         1
	   Disk (KB)            :       29       10  13673098
	   Memory (MB)          :        1        1      5346
...
