08/25/21 16:18:19 ******************************************************
08/25/21 16:18:19 ** condor_scheduniv_exec.2757.0 (CONDOR_DAGMAN) STARTING UP
08/25/21 16:18:19 ** /usr/bin/condor_dagman
08/25/21 16:18:19 ** SubsystemInfo: name=DAGMAN type=DAGMAN(10) class=DAEMON(1)
08/25/21 16:18:19 ** Configuration: subsystem:DAGMAN local:<NONE> class:DAEMON
08/25/21 16:18:19 ** $CondorVersion: 8.6.8 Apr 06 2018 BuildID: Debian-8.6.8~dfsg.1-2 Debian-8.6.8~dfsg.1-2 $
08/25/21 16:18:19 ** $CondorPlatform: X86_64-Ubuntu_ $
08/25/21 16:18:19 ** PID = 460934
08/25/21 16:18:19 ** Log last touched time unavailable (No such file or directory)
08/25/21 16:18:19 ******************************************************
08/25/21 16:18:19 Using config source: /etc/condor/condor_config
08/25/21 16:18:19 Using local config sources: 
08/25/21 16:18:19    /etc/condor/config.d/00debconf
08/25/21 16:18:19    /etc/condor/condor_config.local
08/25/21 16:18:19 config Macros = 73, Sorted = 73, StringBytes = 2385, TablesBytes = 2684
08/25/21 16:18:19 CLASSAD_CACHING is ENABLED
08/25/21 16:18:19 Daemon Log is logging: D_ALWAYS D_ERROR
08/25/21 16:18:19 DaemonCore: No command port requested.
08/25/21 16:18:19 DAGMAN_USE_STRICT setting: 1
08/25/21 16:18:19 DAGMAN_VERBOSITY setting: 3
08/25/21 16:18:19 DAGMAN_DEBUG_CACHE_SIZE setting: 5242880
08/25/21 16:18:19 DAGMAN_DEBUG_CACHE_ENABLE setting: False
08/25/21 16:18:19 DAGMAN_SUBMIT_DELAY setting: 0
08/25/21 16:18:19 DAGMAN_MAX_SUBMIT_ATTEMPTS setting: 6
08/25/21 16:18:19 DAGMAN_STARTUP_CYCLE_DETECT setting: False
08/25/21 16:18:19 DAGMAN_MAX_SUBMITS_PER_INTERVAL setting: 5
08/25/21 16:18:19 DAGMAN_USER_LOG_SCAN_INTERVAL setting: 5
08/25/21 16:18:19 DAGMAN_DEFAULT_PRIORITY setting: 0
08/25/21 16:18:19 DAGMAN_SUPPRESS_NOTIFICATION setting: True
08/25/21 16:18:19 allow_events (DAGMAN_ALLOW_EVENTS) setting: 114
08/25/21 16:18:19 DAGMAN_RETRY_SUBMIT_FIRST setting: True
08/25/21 16:18:19 DAGMAN_RETRY_NODE_FIRST setting: False
08/25/21 16:18:19 DAGMAN_MAX_JOBS_IDLE setting: 1000
08/25/21 16:18:19 DAGMAN_MAX_JOBS_SUBMITTED setting: 0
08/25/21 16:18:19 DAGMAN_MAX_PRE_SCRIPTS setting: 20
08/25/21 16:18:19 DAGMAN_MAX_POST_SCRIPTS setting: 20
08/25/21 16:18:19 DAGMAN_MUNGE_NODE_NAMES setting: True
08/25/21 16:18:19 DAGMAN_PROHIBIT_MULTI_JOBS setting: False
08/25/21 16:18:19 DAGMAN_SUBMIT_DEPTH_FIRST setting: False
08/25/21 16:18:19 DAGMAN_ALWAYS_RUN_POST setting: False
08/25/21 16:18:19 DAGMAN_ABORT_DUPLICATES setting: True
08/25/21 16:18:19 DAGMAN_ABORT_ON_SCARY_SUBMIT setting: True
08/25/21 16:18:19 DAGMAN_PENDING_REPORT_INTERVAL setting: 600
08/25/21 16:18:19 DAGMAN_AUTO_RESCUE setting: True
08/25/21 16:18:19 DAGMAN_MAX_RESCUE_NUM setting: 100
08/25/21 16:18:19 DAGMAN_WRITE_PARTIAL_RESCUE setting: True
08/25/21 16:18:19 DAGMAN_DEFAULT_NODE_LOG setting: @(DAG_DIR)/@(DAG_FILE).nodes.log
08/25/21 16:18:19 DAGMAN_GENERATE_SUBDAG_SUBMITS setting: True
08/25/21 16:18:19 DAGMAN_MAX_JOB_HOLDS setting: 100
08/25/21 16:18:19 DAGMAN_HOLD_CLAIM_TIME setting: 20
08/25/21 16:18:19 ALL_DEBUG setting: 
08/25/21 16:18:19 DAGMAN_DEBUG setting: 
08/25/21 16:18:19 DAGMAN_SUPPRESS_JOB_LOGS setting: False
08/25/21 16:18:19 DAGMAN_REMOVE_NODE_JOBS setting: True
08/25/21 16:18:19 argv[0] == "condor_scheduniv_exec.2757.0"
08/25/21 16:18:19 argv[1] == "-Lockfile"
08/25/21 16:18:19 argv[2] == "upload_cropwat_model_e200b391_73c0_45a3_9322_d74e55ba1c6b.dag.lock"
08/25/21 16:18:19 argv[3] == "-AutoRescue"
08/25/21 16:18:19 argv[4] == "1"
08/25/21 16:18:19 argv[5] == "-DoRescueFrom"
08/25/21 16:18:19 argv[6] == "0"
08/25/21 16:18:19 argv[7] == "-Dag"
08/25/21 16:18:19 argv[8] == "upload_cropwat_model_e200b391_73c0_45a3_9322_d74e55ba1c6b.dag"
08/25/21 16:18:19 argv[9] == "-Suppress_notification"
08/25/21 16:18:19 argv[10] == "-CsdVersion"
08/25/21 16:18:19 argv[11] == "$CondorVersion: 8.6.8 Apr 06 2018 BuildID: Debian-8.6.8~dfsg.1-2 Debian-8.6.8~dfsg.1-2 $"
08/25/21 16:18:19 argv[12] == "-Dagman"
08/25/21 16:18:19 argv[13] == "/usr/bin/condor_dagman"
08/25/21 16:18:19 Workflow batch-name: <upload_cropwat_model_e200b391_73c0_45a3_9322_d74e55ba1c6b.dag+2757>
08/25/21 16:18:19 Workflow accounting_group: <>
08/25/21 16:18:19 Workflow accounting_group_user: <>
08/25/21 16:18:19 Warning: failed to get attribute DAGNodeName
08/25/21 16:18:19 DAGMAN_LOG_ON_NFS_IS_ERROR setting: False
08/25/21 16:18:19 Default node log file is: </home/hoangtran/ed764a54ab974a3985cd9624d69be142/./upload_cropwat_model_e200b391_73c0_45a3_9322_d74e55ba1c6b.dag.nodes.log>
08/25/21 16:18:19 DAG Lockfile will be written to upload_cropwat_model_e200b391_73c0_45a3_9322_d74e55ba1c6b.dag.lock
08/25/21 16:18:19 DAG Input file is upload_cropwat_model_e200b391_73c0_45a3_9322_d74e55ba1c6b.dag
08/25/21 16:18:19 Parsing 1 dagfiles
08/25/21 16:18:19 Parsing upload_cropwat_model_e200b391_73c0_45a3_9322_d74e55ba1c6b.dag ...
08/25/21 16:18:19 Dag contains 2 total jobs
08/25/21 16:18:19 Sleeping for 3 seconds to ensure ProcessId uniqueness
08/25/21 16:18:22 Bootstrapping...
08/25/21 16:18:22 Number of pre-completed nodes: 0
08/25/21 16:18:22 MultiLogFiles: truncating log file /home/hoangtran/ed764a54ab974a3985cd9624d69be142/./upload_cropwat_model_e200b391_73c0_45a3_9322_d74e55ba1c6b.dag.nodes.log
08/25/21 16:18:22 DAG status: 0 (DAG_STATUS_OK)
08/25/21 16:18:22 Of 2 nodes total:
08/25/21 16:18:22  Done     Pre   Queued    Post   Ready   Un-Ready   Failed
08/25/21 16:18:22   ===     ===      ===     ===     ===        ===      ===
08/25/21 16:18:22     0       0        0       0       1          1        0
08/25/21 16:18:22 0 job proc(s) currently held
08/25/21 16:18:22 Registering condor_event_timer...
08/25/21 16:18:23 Submitting HTCondor Node create_model_extent_layer job(s)...
08/25/21 16:18:23 Adding a DAGMan workflow log /home/hoangtran/ed764a54ab974a3985cd9624d69be142/./upload_cropwat_model_e200b391_73c0_45a3_9322_d74e55ba1c6b.dag.nodes.log
08/25/21 16:18:23 Masking the events recorded in the DAGMAN workflow log
08/25/21 16:18:23 Mask for workflow log is 0,1,2,4,5,7,9,10,11,12,13,16,17,24,27
08/25/21 16:18:23 submitting: /usr/bin/condor_submit -a dag_node_name' '=' 'create_model_extent_layer -a +DAGManJobId' '=' '2757 -a DAGManJobId' '=' '2757 -batch-name upload_cropwat_model_e200b391_73c0_45a3_9322_d74e55ba1c6b.dag+2757 -a submit_event_notes' '=' 'DAG' 'Node:' 'create_model_extent_layer -a dagman_log' '=' '/home/hoangtran/ed764a54ab974a3985cd9624d69be142/./upload_cropwat_model_e200b391_73c0_45a3_9322_d74e55ba1c6b.dag.nodes.log -a +DAGManNodesMask' '=' '"0,1,2,4,5,7,9,10,11,12,13,16,17,24,27" -a DAG_STATUS' '=' '0 -a FAILED_COUNT' '=' '0 -a +KeepClaimIdle' '=' '20 -a notification' '=' 'never -a +DAGParentNodeNames' '=' '"" create_model_extent_layer/create_model_extent_layer.job
08/25/21 16:18:23 From submit: Submitting job(s).
08/25/21 16:18:23 From submit: 1 job(s) submitted to cluster 2758.
08/25/21 16:18:23 	assigned HTCondor ID (2758.0.0)
08/25/21 16:18:23 Just submitted 1 job this cycle...
08/25/21 16:18:23 Currently monitoring 1 HTCondor log file(s)
08/25/21 16:18:23 Reassigning the id of job create_model_extent_layer from (2758.0.0) to (2758.0.0)
08/25/21 16:18:23 Event: ULOG_SUBMIT for HTCondor Node create_model_extent_layer (2758.0.0) {08/25/21 16:18:23}
08/25/21 16:18:23 Number of idle job procs: 1
08/25/21 16:18:23 DAG status: 0 (DAG_STATUS_OK)
08/25/21 16:18:23 Of 2 nodes total:
08/25/21 16:18:23  Done     Pre   Queued    Post   Ready   Un-Ready   Failed
08/25/21 16:18:23   ===     ===      ===     ===     ===        ===      ===
08/25/21 16:18:23     0       0        1       0       0          1        0
08/25/21 16:18:23 0 job proc(s) currently held
08/25/21 16:18:33 Currently monitoring 1 HTCondor log file(s)
08/25/21 16:18:33 Event: ULOG_EXECUTE for HTCondor Node create_model_extent_layer (2758.0.0) {08/25/21 16:18:31}
08/25/21 16:18:33 Number of idle job procs: 0
08/25/21 16:18:38 Currently monitoring 1 HTCondor log file(s)
08/25/21 16:18:38 Event: ULOG_JOB_TERMINATED for HTCondor Node create_model_extent_layer (2758.0.0) {08/25/21 16:18:34}
08/25/21 16:18:38 Number of idle job procs: 0
08/25/21 16:18:38 Node create_model_extent_layer job proc (2758.0.0) completed successfully.
08/25/21 16:18:38 Node create_model_extent_layer job completed
08/25/21 16:18:38 DAG status: 0 (DAG_STATUS_OK)
08/25/21 16:18:38 Of 2 nodes total:
08/25/21 16:18:38  Done     Pre   Queued    Post   Ready   Un-Ready   Failed
08/25/21 16:18:38   ===     ===      ===     ===     ===        ===      ===
08/25/21 16:18:38     1       0        0       0       1          0        0
08/25/21 16:18:38 0 job proc(s) currently held
08/25/21 16:18:43 Submitting HTCondor Node finalize job(s)...
08/25/21 16:18:43 Adding a DAGMan workflow log /home/hoangtran/ed764a54ab974a3985cd9624d69be142/./upload_cropwat_model_e200b391_73c0_45a3_9322_d74e55ba1c6b.dag.nodes.log
08/25/21 16:18:43 Masking the events recorded in the DAGMAN workflow log
08/25/21 16:18:43 Mask for workflow log is 0,1,2,4,5,7,9,10,11,12,13,16,17,24,27
08/25/21 16:18:43 submitting: /usr/bin/condor_submit -a dag_node_name' '=' 'finalize -a +DAGManJobId' '=' '2757 -a DAGManJobId' '=' '2757 -batch-name upload_cropwat_model_e200b391_73c0_45a3_9322_d74e55ba1c6b.dag+2757 -a submit_event_notes' '=' 'DAG' 'Node:' 'finalize -a dagman_log' '=' '/home/hoangtran/ed764a54ab974a3985cd9624d69be142/./upload_cropwat_model_e200b391_73c0_45a3_9322_d74e55ba1c6b.dag.nodes.log -a +DAGManNodesMask' '=' '"0,1,2,4,5,7,9,10,11,12,13,16,17,24,27" -a DAG_STATUS' '=' '0 -a FAILED_COUNT' '=' '0 -a notification' '=' 'never -a +DAGParentNodeNames' '=' '"create_model_extent_layer" finalize/finalize.job
08/25/21 16:18:43 From submit: Submitting job(s).
08/25/21 16:18:43 From submit: 1 job(s) submitted to cluster 2759.
08/25/21 16:18:43 	assigned HTCondor ID (2759.0.0)
08/25/21 16:18:43 Just submitted 1 job this cycle...
08/25/21 16:18:43 Currently monitoring 1 HTCondor log file(s)
08/25/21 16:18:43 Reassigning the id of job finalize from (2759.0.0) to (2759.0.0)
08/25/21 16:18:43 Event: ULOG_SUBMIT for HTCondor Node finalize (2759.0.0) {08/25/21 16:18:43}
08/25/21 16:18:43 Number of idle job procs: 1
08/25/21 16:18:43 DAG status: 0 (DAG_STATUS_OK)
08/25/21 16:18:43 Of 2 nodes total:
08/25/21 16:18:43  Done     Pre   Queued    Post   Ready   Un-Ready   Failed
08/25/21 16:18:43   ===     ===      ===     ===     ===        ===      ===
08/25/21 16:18:43     1       0        1       0       0          0        0
08/25/21 16:18:43 0 job proc(s) currently held
08/25/21 16:18:48 Currently monitoring 1 HTCondor log file(s)
08/25/21 16:18:48 Event: ULOG_EXECUTE for HTCondor Node finalize (2759.0.0) {08/25/21 16:18:44}
08/25/21 16:18:48 Number of idle job procs: 0
08/25/21 16:18:48 Event: ULOG_JOB_TERMINATED for HTCondor Node finalize (2759.0.0) {08/25/21 16:18:47}
08/25/21 16:18:48 Number of idle job procs: 0
08/25/21 16:18:48 Node finalize job proc (2759.0.0) completed successfully.
08/25/21 16:18:48 Node finalize job completed
08/25/21 16:18:48 DAG status: 0 (DAG_STATUS_OK)
08/25/21 16:18:48 Of 2 nodes total:
08/25/21 16:18:48  Done     Pre   Queued    Post   Ready   Un-Ready   Failed
08/25/21 16:18:48   ===     ===      ===     ===     ===        ===      ===
08/25/21 16:18:48     2       0        0       0       0          0        0
08/25/21 16:18:48 0 job proc(s) currently held
08/25/21 16:18:48 All jobs Completed!
08/25/21 16:18:48 Note: 0 total job deferrals because of -MaxJobs limit (0)
08/25/21 16:18:48 Note: 0 total job deferrals because of -MaxIdle limit (1000)
08/25/21 16:18:48 Note: 0 total job deferrals because of node category throttles
08/25/21 16:18:48 Note: 0 total PRE script deferrals because of -MaxPre limit (20) or DEFER
08/25/21 16:18:48 Note: 0 total POST script deferrals because of -MaxPost limit (20) or DEFER
08/25/21 16:18:48 DAG status: 0 (DAG_STATUS_OK)
08/25/21 16:18:48 Of 2 nodes total:
08/25/21 16:18:48  Done     Pre   Queued    Post   Ready   Un-Ready   Failed
08/25/21 16:18:48   ===     ===      ===     ===     ===        ===      ===
08/25/21 16:18:48     2       0        0       0       0          0        0
08/25/21 16:18:48 0 job proc(s) currently held
08/25/21 16:18:48 Wrote metrics file upload_cropwat_model_e200b391_73c0_45a3_9322_d74e55ba1c6b.dag.metrics.
08/25/21 16:18:48 Metrics not sent because of PEGASUS_METRICS or CONDOR_DEVELOPERS setting.
08/25/21 16:18:48 **** condor_scheduniv_exec.2757.0 (condor_DAGMAN) pid 460934 EXITING WITH STATUS 0
