10/13/21 00:27:08 ******************************************************
10/13/21 00:27:08 ** condor_scheduniv_exec.2919.0 (CONDOR_DAGMAN) STARTING UP
10/13/21 00:27:08 ** /usr/bin/condor_dagman
10/13/21 00:27:08 ** SubsystemInfo: name=DAGMAN type=DAGMAN(10) class=DAEMON(1)
10/13/21 00:27:08 ** Configuration: subsystem:DAGMAN local:<NONE> class:DAEMON
10/13/21 00:27:08 ** $CondorVersion: 8.6.8 Apr 06 2018 BuildID: Debian-8.6.8~dfsg.1-2 Debian-8.6.8~dfsg.1-2 $
10/13/21 00:27:08 ** $CondorPlatform: X86_64-Ubuntu_ $
10/13/21 00:27:08 ** PID = 187054
10/13/21 00:27:08 ** Log last touched time unavailable (No such file or directory)
10/13/21 00:27:08 ******************************************************
10/13/21 00:27:08 Using config source: /etc/condor/condor_config
10/13/21 00:27:08 Using local config sources: 
10/13/21 00:27:08    /etc/condor/config.d/00debconf
10/13/21 00:27:08    /etc/condor/condor_config.local
10/13/21 00:27:08 config Macros = 73, Sorted = 73, StringBytes = 2341, TablesBytes = 2684
10/13/21 00:27:08 CLASSAD_CACHING is ENABLED
10/13/21 00:27:08 Daemon Log is logging: D_ALWAYS D_ERROR
10/13/21 00:27:08 DaemonCore: No command port requested.
10/13/21 00:27:08 DAGMAN_USE_STRICT setting: 1
10/13/21 00:27:08 DAGMAN_VERBOSITY setting: 3
10/13/21 00:27:08 DAGMAN_DEBUG_CACHE_SIZE setting: 5242880
10/13/21 00:27:08 DAGMAN_DEBUG_CACHE_ENABLE setting: False
10/13/21 00:27:08 DAGMAN_SUBMIT_DELAY setting: 0
10/13/21 00:27:08 DAGMAN_MAX_SUBMIT_ATTEMPTS setting: 6
10/13/21 00:27:08 DAGMAN_STARTUP_CYCLE_DETECT setting: False
10/13/21 00:27:08 DAGMAN_MAX_SUBMITS_PER_INTERVAL setting: 5
10/13/21 00:27:08 DAGMAN_USER_LOG_SCAN_INTERVAL setting: 5
10/13/21 00:27:08 DAGMAN_DEFAULT_PRIORITY setting: 0
10/13/21 00:27:08 DAGMAN_SUPPRESS_NOTIFICATION setting: True
10/13/21 00:27:08 allow_events (DAGMAN_ALLOW_EVENTS) setting: 114
10/13/21 00:27:08 DAGMAN_RETRY_SUBMIT_FIRST setting: True
10/13/21 00:27:08 DAGMAN_RETRY_NODE_FIRST setting: False
10/13/21 00:27:08 DAGMAN_MAX_JOBS_IDLE setting: 1000
10/13/21 00:27:08 DAGMAN_MAX_JOBS_SUBMITTED setting: 0
10/13/21 00:27:08 DAGMAN_MAX_PRE_SCRIPTS setting: 20
10/13/21 00:27:08 DAGMAN_MAX_POST_SCRIPTS setting: 20
10/13/21 00:27:08 DAGMAN_MUNGE_NODE_NAMES setting: True
10/13/21 00:27:08 DAGMAN_PROHIBIT_MULTI_JOBS setting: False
10/13/21 00:27:08 DAGMAN_SUBMIT_DEPTH_FIRST setting: False
10/13/21 00:27:08 DAGMAN_ALWAYS_RUN_POST setting: False
10/13/21 00:27:08 DAGMAN_ABORT_DUPLICATES setting: True
10/13/21 00:27:08 DAGMAN_ABORT_ON_SCARY_SUBMIT setting: True
10/13/21 00:27:08 DAGMAN_PENDING_REPORT_INTERVAL setting: 600
10/13/21 00:27:08 DAGMAN_AUTO_RESCUE setting: True
10/13/21 00:27:08 DAGMAN_MAX_RESCUE_NUM setting: 100
10/13/21 00:27:08 DAGMAN_WRITE_PARTIAL_RESCUE setting: True
10/13/21 00:27:08 DAGMAN_DEFAULT_NODE_LOG setting: @(DAG_DIR)/@(DAG_FILE).nodes.log
10/13/21 00:27:08 DAGMAN_GENERATE_SUBDAG_SUBMITS setting: True
10/13/21 00:27:08 DAGMAN_MAX_JOB_HOLDS setting: 100
10/13/21 00:27:08 DAGMAN_HOLD_CLAIM_TIME setting: 20
10/13/21 00:27:08 ALL_DEBUG setting: 
10/13/21 00:27:08 DAGMAN_DEBUG setting: 
10/13/21 00:27:08 DAGMAN_SUPPRESS_JOB_LOGS setting: False
10/13/21 00:27:08 DAGMAN_REMOVE_NODE_JOBS setting: True
10/13/21 00:27:08 argv[0] == "condor_scheduniv_exec.2919.0"
10/13/21 00:27:08 argv[1] == "-Lockfile"
10/13/21 00:27:08 argv[2] == "Review_CropWat_Input.dag.lock"
10/13/21 00:27:08 argv[3] == "-AutoRescue"
10/13/21 00:27:08 argv[4] == "1"
10/13/21 00:27:08 argv[5] == "-DoRescueFrom"
10/13/21 00:27:08 argv[6] == "0"
10/13/21 00:27:08 argv[7] == "-Dag"
10/13/21 00:27:08 argv[8] == "Review_CropWat_Input.dag"
10/13/21 00:27:08 argv[9] == "-Suppress_notification"
10/13/21 00:27:08 argv[10] == "-CsdVersion"
10/13/21 00:27:08 argv[11] == "$CondorVersion: 8.6.8 Apr 06 2018 BuildID: Debian-8.6.8~dfsg.1-2 Debian-8.6.8~dfsg.1-2 $"
10/13/21 00:27:08 argv[12] == "-Dagman"
10/13/21 00:27:08 argv[13] == "/usr/bin/condor_dagman"
10/13/21 00:27:08 Workflow batch-name: <Review_CropWat_Input.dag+2919>
10/13/21 00:27:08 Workflow accounting_group: <>
10/13/21 00:27:08 Workflow accounting_group_user: <>
10/13/21 00:27:08 Warning: failed to get attribute DAGNodeName
10/13/21 00:27:08 DAGMAN_LOG_ON_NFS_IS_ERROR setting: False
10/13/21 00:27:08 Default node log file is: </home/hoangtran/13c14e3981164cca9b56b1a6dbc86ce5/./Review_CropWat_Input.dag.nodes.log>
10/13/21 00:27:08 DAG Lockfile will be written to Review_CropWat_Input.dag.lock
10/13/21 00:27:08 DAG Input file is Review_CropWat_Input.dag
10/13/21 00:27:08 Parsing 1 dagfiles
10/13/21 00:27:08 Parsing Review_CropWat_Input.dag ...
10/13/21 00:27:08 Dag contains 3 total jobs
10/13/21 00:27:08 Sleeping for 3 seconds to ensure ProcessId uniqueness
10/13/21 00:27:11 Bootstrapping...
10/13/21 00:27:11 Number of pre-completed nodes: 0
10/13/21 00:27:11 MultiLogFiles: truncating log file /home/hoangtran/13c14e3981164cca9b56b1a6dbc86ce5/./Review_CropWat_Input.dag.nodes.log
10/13/21 00:27:11 DAG status: 0 (DAG_STATUS_OK)
10/13/21 00:27:11 Of 3 nodes total:
10/13/21 00:27:11  Done     Pre   Queued    Post   Ready   Un-Ready   Failed
10/13/21 00:27:11   ===     ===      ===     ===     ===        ===      ===
10/13/21 00:27:11     0       0        0       0       1          2        0
10/13/21 00:27:11 0 job proc(s) currently held
10/13/21 00:27:11 Registering condor_event_timer...
10/13/21 00:27:12 Submitting HTCondor Node run_cropwat_model job(s)...
10/13/21 00:27:12 Adding a DAGMan workflow log /home/hoangtran/13c14e3981164cca9b56b1a6dbc86ce5/./Review_CropWat_Input.dag.nodes.log
10/13/21 00:27:12 Masking the events recorded in the DAGMAN workflow log
10/13/21 00:27:12 Mask for workflow log is 0,1,2,4,5,7,9,10,11,12,13,16,17,24,27
10/13/21 00:27:12 submitting: /usr/bin/condor_submit -a dag_node_name' '=' 'run_cropwat_model -a +DAGManJobId' '=' '2919 -a DAGManJobId' '=' '2919 -batch-name Review_CropWat_Input.dag+2919 -a submit_event_notes' '=' 'DAG' 'Node:' 'run_cropwat_model -a dagman_log' '=' '/home/hoangtran/13c14e3981164cca9b56b1a6dbc86ce5/./Review_CropWat_Input.dag.nodes.log -a +DAGManNodesMask' '=' '"0,1,2,4,5,7,9,10,11,12,13,16,17,24,27" -a DAG_STATUS' '=' '0 -a FAILED_COUNT' '=' '0 -a +KeepClaimIdle' '=' '20 -a notification' '=' 'never -a +DAGParentNodeNames' '=' '"" run_cropwat_model/run_cropwat_model.job
10/13/21 00:27:12 From submit: Submitting job(s).
10/13/21 00:27:12 From submit: 1 job(s) submitted to cluster 2920.
10/13/21 00:27:12 	assigned HTCondor ID (2920.0.0)
10/13/21 00:27:12 Just submitted 1 job this cycle...
10/13/21 00:27:12 Currently monitoring 1 HTCondor log file(s)
10/13/21 00:27:12 Reassigning the id of job run_cropwat_model from (2920.0.0) to (2920.0.0)
10/13/21 00:27:12 Event: ULOG_SUBMIT for HTCondor Node run_cropwat_model (2920.0.0) {10/13/21 00:27:12}
10/13/21 00:27:12 Number of idle job procs: 1
10/13/21 00:27:12 DAG status: 0 (DAG_STATUS_OK)
10/13/21 00:27:12 Of 3 nodes total:
10/13/21 00:27:12  Done     Pre   Queued    Post   Ready   Un-Ready   Failed
10/13/21 00:27:12   ===     ===      ===     ===     ===        ===      ===
10/13/21 00:27:12     0       0        1       0       0          2        0
10/13/21 00:27:12 0 job proc(s) currently held
10/13/21 00:27:32 Currently monitoring 1 HTCondor log file(s)
10/13/21 00:27:32 Event: ULOG_EXECUTE for HTCondor Node run_cropwat_model (2920.0.0) {10/13/21 00:27:29}
10/13/21 00:27:32 Number of idle job procs: 0
10/13/21 00:27:42 Currently monitoring 1 HTCondor log file(s)
10/13/21 00:27:42 Event: ULOG_JOB_TERMINATED for HTCondor Node run_cropwat_model (2920.0.0) {10/13/21 00:27:38}
10/13/21 00:27:42 Number of idle job procs: 0
10/13/21 00:27:42 Node run_cropwat_model job proc (2920.0.0) completed successfully.
10/13/21 00:27:42 Node run_cropwat_model job completed
10/13/21 00:27:42 DAG status: 0 (DAG_STATUS_OK)
10/13/21 00:27:42 Of 3 nodes total:
10/13/21 00:27:42  Done     Pre   Queued    Post   Ready   Un-Ready   Failed
10/13/21 00:27:42   ===     ===      ===     ===     ===        ===      ===
10/13/21 00:27:42     1       0        0       0       1          1        0
10/13/21 00:27:42 0 job proc(s) currently held
10/13/21 00:27:47 Submitting HTCondor Node prepare_results job(s)...
10/13/21 00:27:47 Adding a DAGMan workflow log /home/hoangtran/13c14e3981164cca9b56b1a6dbc86ce5/./Review_CropWat_Input.dag.nodes.log
10/13/21 00:27:47 Masking the events recorded in the DAGMAN workflow log
10/13/21 00:27:47 Mask for workflow log is 0,1,2,4,5,7,9,10,11,12,13,16,17,24,27
10/13/21 00:27:47 submitting: /usr/bin/condor_submit -a dag_node_name' '=' 'prepare_results -a +DAGManJobId' '=' '2919 -a DAGManJobId' '=' '2919 -batch-name Review_CropWat_Input.dag+2919 -a submit_event_notes' '=' 'DAG' 'Node:' 'prepare_results -a dagman_log' '=' '/home/hoangtran/13c14e3981164cca9b56b1a6dbc86ce5/./Review_CropWat_Input.dag.nodes.log -a +DAGManNodesMask' '=' '"0,1,2,4,5,7,9,10,11,12,13,16,17,24,27" -a DAG_STATUS' '=' '0 -a FAILED_COUNT' '=' '0 -a +KeepClaimIdle' '=' '20 -a notification' '=' 'never -a +DAGParentNodeNames' '=' '"run_cropwat_model" prepare_results/prepare_results.job
10/13/21 00:27:47 From submit: Submitting job(s).
10/13/21 00:27:47 From submit: 1 job(s) submitted to cluster 2921.
10/13/21 00:27:47 	assigned HTCondor ID (2921.0.0)
10/13/21 00:27:47 Just submitted 1 job this cycle...
10/13/21 00:27:47 Currently monitoring 1 HTCondor log file(s)
10/13/21 00:27:47 Reassigning the id of job prepare_results from (2921.0.0) to (2921.0.0)
10/13/21 00:27:47 Event: ULOG_SUBMIT for HTCondor Node prepare_results (2921.0.0) {10/13/21 00:27:47}
10/13/21 00:27:47 Number of idle job procs: 1
10/13/21 00:27:47 DAG status: 0 (DAG_STATUS_OK)
10/13/21 00:27:47 Of 3 nodes total:
10/13/21 00:27:47  Done     Pre   Queued    Post   Ready   Un-Ready   Failed
10/13/21 00:27:47   ===     ===      ===     ===     ===        ===      ===
10/13/21 00:27:47     1       0        1       0       0          1        0
10/13/21 00:27:47 0 job proc(s) currently held
10/13/21 00:27:52 Currently monitoring 1 HTCondor log file(s)
10/13/21 00:27:52 Event: ULOG_EXECUTE for HTCondor Node prepare_results (2921.0.0) {10/13/21 00:27:49}
10/13/21 00:27:52 Number of idle job procs: 0
10/13/21 00:27:57 Currently monitoring 1 HTCondor log file(s)
10/13/21 00:27:57 Event: ULOG_JOB_TERMINATED for HTCondor Node prepare_results (2921.0.0) {10/13/21 00:27:55}
10/13/21 00:27:57 Number of idle job procs: 0
10/13/21 00:27:57 Node prepare_results job proc (2921.0.0) completed successfully.
10/13/21 00:27:57 Node prepare_results job completed
10/13/21 00:27:57 DAG status: 0 (DAG_STATUS_OK)
10/13/21 00:27:57 Of 3 nodes total:
10/13/21 00:27:57  Done     Pre   Queued    Post   Ready   Un-Ready   Failed
10/13/21 00:27:57   ===     ===      ===     ===     ===        ===      ===
10/13/21 00:27:57     2       0        0       0       1          0        0
10/13/21 00:27:57 0 job proc(s) currently held
10/13/21 00:28:02 Submitting HTCondor Node finalize job(s)...
10/13/21 00:28:02 Adding a DAGMan workflow log /home/hoangtran/13c14e3981164cca9b56b1a6dbc86ce5/./Review_CropWat_Input.dag.nodes.log
10/13/21 00:28:02 Masking the events recorded in the DAGMAN workflow log
10/13/21 00:28:02 Mask for workflow log is 0,1,2,4,5,7,9,10,11,12,13,16,17,24,27
10/13/21 00:28:02 submitting: /usr/bin/condor_submit -a dag_node_name' '=' 'finalize -a +DAGManJobId' '=' '2919 -a DAGManJobId' '=' '2919 -batch-name Review_CropWat_Input.dag+2919 -a submit_event_notes' '=' 'DAG' 'Node:' 'finalize -a dagman_log' '=' '/home/hoangtran/13c14e3981164cca9b56b1a6dbc86ce5/./Review_CropWat_Input.dag.nodes.log -a +DAGManNodesMask' '=' '"0,1,2,4,5,7,9,10,11,12,13,16,17,24,27" -a DAG_STATUS' '=' '0 -a FAILED_COUNT' '=' '0 -a notification' '=' 'never -a +DAGParentNodeNames' '=' '"prepare_results" finalize/finalize.job
10/13/21 00:28:02 From submit: Submitting job(s).
10/13/21 00:28:02 From submit: 1 job(s) submitted to cluster 2922.
10/13/21 00:28:03 	assigned HTCondor ID (2922.0.0)
10/13/21 00:28:03 Just submitted 1 job this cycle...
10/13/21 00:28:03 Currently monitoring 1 HTCondor log file(s)
10/13/21 00:28:03 Reassigning the id of job finalize from (2922.0.0) to (2922.0.0)
10/13/21 00:28:03 Event: ULOG_SUBMIT for HTCondor Node finalize (2922.0.0) {10/13/21 00:28:02}
10/13/21 00:28:03 Number of idle job procs: 1
10/13/21 00:28:03 DAG status: 0 (DAG_STATUS_OK)
10/13/21 00:28:03 Of 3 nodes total:
10/13/21 00:28:03  Done     Pre   Queued    Post   Ready   Un-Ready   Failed
10/13/21 00:28:03   ===     ===      ===     ===     ===        ===      ===
10/13/21 00:28:03     2       0        1       0       0          0        0
10/13/21 00:28:03 0 job proc(s) currently held
10/13/21 00:28:08 Currently monitoring 1 HTCondor log file(s)
10/13/21 00:28:08 Event: ULOG_EXECUTE for HTCondor Node finalize (2922.0.0) {10/13/21 00:28:04}
10/13/21 00:28:08 Number of idle job procs: 0
10/13/21 00:28:08 Event: ULOG_JOB_TERMINATED for HTCondor Node finalize (2922.0.0) {10/13/21 00:28:07}
10/13/21 00:28:08 Number of idle job procs: 0
10/13/21 00:28:08 Node finalize job proc (2922.0.0) completed successfully.
10/13/21 00:28:08 Node finalize job completed
10/13/21 00:28:08 DAG status: 0 (DAG_STATUS_OK)
10/13/21 00:28:08 Of 3 nodes total:
10/13/21 00:28:08  Done     Pre   Queued    Post   Ready   Un-Ready   Failed
10/13/21 00:28:08   ===     ===      ===     ===     ===        ===      ===
10/13/21 00:28:08     3       0        0       0       0          0        0
10/13/21 00:28:08 0 job proc(s) currently held
10/13/21 00:28:08 All jobs Completed!
10/13/21 00:28:08 Note: 0 total job deferrals because of -MaxJobs limit (0)
10/13/21 00:28:08 Note: 0 total job deferrals because of -MaxIdle limit (1000)
10/13/21 00:28:08 Note: 0 total job deferrals because of node category throttles
10/13/21 00:28:08 Note: 0 total PRE script deferrals because of -MaxPre limit (20) or DEFER
10/13/21 00:28:08 Note: 0 total POST script deferrals because of -MaxPost limit (20) or DEFER
10/13/21 00:28:08 DAG status: 0 (DAG_STATUS_OK)
10/13/21 00:28:08 Of 3 nodes total:
10/13/21 00:28:08  Done     Pre   Queued    Post   Ready   Un-Ready   Failed
10/13/21 00:28:08   ===     ===      ===     ===     ===        ===      ===
10/13/21 00:28:08     3       0        0       0       0          0        0
10/13/21 00:28:08 0 job proc(s) currently held
10/13/21 00:28:08 Wrote metrics file Review_CropWat_Input.dag.metrics.
10/13/21 00:28:08 Metrics not sent because of PEGASUS_METRICS or CONDOR_DEVELOPERS setting.
10/13/21 00:28:08 **** condor_scheduniv_exec.2919.0 (condor_DAGMAN) pid 187054 EXITING WITH STATUS 0
