10/12/21 23:43:04 ******************************************************
10/12/21 23:43:04 ** condor_scheduniv_exec.2911.0 (CONDOR_DAGMAN) STARTING UP
10/12/21 23:43:04 ** /usr/bin/condor_dagman
10/12/21 23:43:04 ** SubsystemInfo: name=DAGMAN type=DAGMAN(10) class=DAEMON(1)
10/12/21 23:43:04 ** Configuration: subsystem:DAGMAN local:<NONE> class:DAEMON
10/12/21 23:43:04 ** $CondorVersion: 8.6.8 Apr 06 2018 BuildID: Debian-8.6.8~dfsg.1-2 Debian-8.6.8~dfsg.1-2 $
10/12/21 23:43:04 ** $CondorPlatform: X86_64-Ubuntu_ $
10/12/21 23:43:04 ** PID = 178933
10/12/21 23:43:04 ** Log last touched time unavailable (No such file or directory)
10/12/21 23:43:04 ******************************************************
10/12/21 23:43:04 Using config source: /etc/condor/condor_config
10/12/21 23:43:04 Using local config sources: 
10/12/21 23:43:04    /etc/condor/config.d/00debconf
10/12/21 23:43:04    /etc/condor/condor_config.local
10/12/21 23:43:04 config Macros = 73, Sorted = 73, StringBytes = 2341, TablesBytes = 2684
10/12/21 23:43:04 CLASSAD_CACHING is ENABLED
10/12/21 23:43:04 Daemon Log is logging: D_ALWAYS D_ERROR
10/12/21 23:43:04 DaemonCore: No command port requested.
10/12/21 23:43:04 DAGMAN_USE_STRICT setting: 1
10/12/21 23:43:04 DAGMAN_VERBOSITY setting: 3
10/12/21 23:43:04 DAGMAN_DEBUG_CACHE_SIZE setting: 5242880
10/12/21 23:43:04 DAGMAN_DEBUG_CACHE_ENABLE setting: False
10/12/21 23:43:04 DAGMAN_SUBMIT_DELAY setting: 0
10/12/21 23:43:04 DAGMAN_MAX_SUBMIT_ATTEMPTS setting: 6
10/12/21 23:43:04 DAGMAN_STARTUP_CYCLE_DETECT setting: False
10/12/21 23:43:04 DAGMAN_MAX_SUBMITS_PER_INTERVAL setting: 5
10/12/21 23:43:04 DAGMAN_USER_LOG_SCAN_INTERVAL setting: 5
10/12/21 23:43:04 DAGMAN_DEFAULT_PRIORITY setting: 0
10/12/21 23:43:04 DAGMAN_SUPPRESS_NOTIFICATION setting: True
10/12/21 23:43:04 allow_events (DAGMAN_ALLOW_EVENTS) setting: 114
10/12/21 23:43:04 DAGMAN_RETRY_SUBMIT_FIRST setting: True
10/12/21 23:43:04 DAGMAN_RETRY_NODE_FIRST setting: False
10/12/21 23:43:04 DAGMAN_MAX_JOBS_IDLE setting: 1000
10/12/21 23:43:04 DAGMAN_MAX_JOBS_SUBMITTED setting: 0
10/12/21 23:43:04 DAGMAN_MAX_PRE_SCRIPTS setting: 20
10/12/21 23:43:04 DAGMAN_MAX_POST_SCRIPTS setting: 20
10/12/21 23:43:04 DAGMAN_MUNGE_NODE_NAMES setting: True
10/12/21 23:43:04 DAGMAN_PROHIBIT_MULTI_JOBS setting: False
10/12/21 23:43:04 DAGMAN_SUBMIT_DEPTH_FIRST setting: False
10/12/21 23:43:04 DAGMAN_ALWAYS_RUN_POST setting: False
10/12/21 23:43:04 DAGMAN_ABORT_DUPLICATES setting: True
10/12/21 23:43:04 DAGMAN_ABORT_ON_SCARY_SUBMIT setting: True
10/12/21 23:43:04 DAGMAN_PENDING_REPORT_INTERVAL setting: 600
10/12/21 23:43:04 DAGMAN_AUTO_RESCUE setting: True
10/12/21 23:43:04 DAGMAN_MAX_RESCUE_NUM setting: 100
10/12/21 23:43:04 DAGMAN_WRITE_PARTIAL_RESCUE setting: True
10/12/21 23:43:04 DAGMAN_DEFAULT_NODE_LOG setting: @(DAG_DIR)/@(DAG_FILE).nodes.log
10/12/21 23:43:04 DAGMAN_GENERATE_SUBDAG_SUBMITS setting: True
10/12/21 23:43:04 DAGMAN_MAX_JOB_HOLDS setting: 100
10/12/21 23:43:04 DAGMAN_HOLD_CLAIM_TIME setting: 20
10/12/21 23:43:04 ALL_DEBUG setting: 
10/12/21 23:43:04 DAGMAN_DEBUG setting: 
10/12/21 23:43:04 DAGMAN_SUPPRESS_JOB_LOGS setting: False
10/12/21 23:43:04 DAGMAN_REMOVE_NODE_JOBS setting: True
10/12/21 23:43:04 argv[0] == "condor_scheduniv_exec.2911.0"
10/12/21 23:43:04 argv[1] == "-Lockfile"
10/12/21 23:43:04 argv[2] == "Review_CropWat_Input.dag.lock"
10/12/21 23:43:04 argv[3] == "-AutoRescue"
10/12/21 23:43:04 argv[4] == "1"
10/12/21 23:43:04 argv[5] == "-DoRescueFrom"
10/12/21 23:43:04 argv[6] == "0"
10/12/21 23:43:04 argv[7] == "-Dag"
10/12/21 23:43:04 argv[8] == "Review_CropWat_Input.dag"
10/12/21 23:43:04 argv[9] == "-Suppress_notification"
10/12/21 23:43:04 argv[10] == "-CsdVersion"
10/12/21 23:43:04 argv[11] == "$CondorVersion: 8.6.8 Apr 06 2018 BuildID: Debian-8.6.8~dfsg.1-2 Debian-8.6.8~dfsg.1-2 $"
10/12/21 23:43:04 argv[12] == "-Dagman"
10/12/21 23:43:04 argv[13] == "/usr/bin/condor_dagman"
10/12/21 23:43:04 Workflow batch-name: <Review_CropWat_Input.dag+2911>
10/12/21 23:43:04 Workflow accounting_group: <>
10/12/21 23:43:04 Workflow accounting_group_user: <>
10/12/21 23:43:04 Warning: failed to get attribute DAGNodeName
10/12/21 23:43:04 DAGMAN_LOG_ON_NFS_IS_ERROR setting: False
10/12/21 23:43:04 Default node log file is: </home/hoangtran/49bdf1de866741b295014492af31fccc/./Review_CropWat_Input.dag.nodes.log>
10/12/21 23:43:04 DAG Lockfile will be written to Review_CropWat_Input.dag.lock
10/12/21 23:43:04 DAG Input file is Review_CropWat_Input.dag
10/12/21 23:43:04 Parsing 1 dagfiles
10/12/21 23:43:04 Parsing Review_CropWat_Input.dag ...
10/12/21 23:43:04 Dag contains 3 total jobs
10/12/21 23:43:04 Sleeping for 3 seconds to ensure ProcessId uniqueness
10/12/21 23:43:07 Bootstrapping...
10/12/21 23:43:07 Number of pre-completed nodes: 0
10/12/21 23:43:07 MultiLogFiles: truncating log file /home/hoangtran/49bdf1de866741b295014492af31fccc/./Review_CropWat_Input.dag.nodes.log
10/12/21 23:43:07 DAG status: 0 (DAG_STATUS_OK)
10/12/21 23:43:07 Of 3 nodes total:
10/12/21 23:43:07  Done     Pre   Queued    Post   Ready   Un-Ready   Failed
10/12/21 23:43:07   ===     ===      ===     ===     ===        ===      ===
10/12/21 23:43:07     0       0        0       0       1          2        0
10/12/21 23:43:07 0 job proc(s) currently held
10/12/21 23:43:07 Registering condor_event_timer...
10/12/21 23:43:08 Submitting HTCondor Node run_cropwat_model job(s)...
10/12/21 23:43:08 Adding a DAGMan workflow log /home/hoangtran/49bdf1de866741b295014492af31fccc/./Review_CropWat_Input.dag.nodes.log
10/12/21 23:43:08 Masking the events recorded in the DAGMAN workflow log
10/12/21 23:43:08 Mask for workflow log is 0,1,2,4,5,7,9,10,11,12,13,16,17,24,27
10/12/21 23:43:08 submitting: /usr/bin/condor_submit -a dag_node_name' '=' 'run_cropwat_model -a +DAGManJobId' '=' '2911 -a DAGManJobId' '=' '2911 -batch-name Review_CropWat_Input.dag+2911 -a submit_event_notes' '=' 'DAG' 'Node:' 'run_cropwat_model -a dagman_log' '=' '/home/hoangtran/49bdf1de866741b295014492af31fccc/./Review_CropWat_Input.dag.nodes.log -a +DAGManNodesMask' '=' '"0,1,2,4,5,7,9,10,11,12,13,16,17,24,27" -a DAG_STATUS' '=' '0 -a FAILED_COUNT' '=' '0 -a +KeepClaimIdle' '=' '20 -a notification' '=' 'never -a +DAGParentNodeNames' '=' '"" run_cropwat_model/run_cropwat_model.job
10/12/21 23:43:08 From submit: Submitting job(s).
10/12/21 23:43:08 From submit: 1 job(s) submitted to cluster 2912.
10/12/21 23:43:08 	assigned HTCondor ID (2912.0.0)
10/12/21 23:43:08 Just submitted 1 job this cycle...
10/12/21 23:43:08 Currently monitoring 1 HTCondor log file(s)
10/12/21 23:43:08 Reassigning the id of job run_cropwat_model from (2912.0.0) to (2912.0.0)
10/12/21 23:43:08 Event: ULOG_SUBMIT for HTCondor Node run_cropwat_model (2912.0.0) {10/12/21 23:43:08}
10/12/21 23:43:08 Number of idle job procs: 1
10/12/21 23:43:08 DAG status: 0 (DAG_STATUS_OK)
10/12/21 23:43:08 Of 3 nodes total:
10/12/21 23:43:08  Done     Pre   Queued    Post   Ready   Un-Ready   Failed
10/12/21 23:43:08   ===     ===      ===     ===     ===        ===      ===
10/12/21 23:43:08     0       0        1       0       0          2        0
10/12/21 23:43:08 0 job proc(s) currently held
10/12/21 23:43:28 Currently monitoring 1 HTCondor log file(s)
10/12/21 23:43:28 Event: ULOG_EXECUTE for HTCondor Node run_cropwat_model (2912.0.0) {10/12/21 23:43:25}
10/12/21 23:43:28 Number of idle job procs: 0
10/12/21 23:43:38 Currently monitoring 1 HTCondor log file(s)
10/12/21 23:43:38 Event: ULOG_JOB_TERMINATED for HTCondor Node run_cropwat_model (2912.0.0) {10/12/21 23:43:34}
10/12/21 23:43:38 Number of idle job procs: 0
10/12/21 23:43:38 Node run_cropwat_model job proc (2912.0.0) completed successfully.
10/12/21 23:43:38 Node run_cropwat_model job completed
10/12/21 23:43:38 DAG status: 0 (DAG_STATUS_OK)
10/12/21 23:43:38 Of 3 nodes total:
10/12/21 23:43:38  Done     Pre   Queued    Post   Ready   Un-Ready   Failed
10/12/21 23:43:38   ===     ===      ===     ===     ===        ===      ===
10/12/21 23:43:38     1       0        0       0       1          1        0
10/12/21 23:43:38 0 job proc(s) currently held
10/12/21 23:43:43 Submitting HTCondor Node prepare_results job(s)...
10/12/21 23:43:43 Adding a DAGMan workflow log /home/hoangtran/49bdf1de866741b295014492af31fccc/./Review_CropWat_Input.dag.nodes.log
10/12/21 23:43:43 Masking the events recorded in the DAGMAN workflow log
10/12/21 23:43:43 Mask for workflow log is 0,1,2,4,5,7,9,10,11,12,13,16,17,24,27
10/12/21 23:43:43 submitting: /usr/bin/condor_submit -a dag_node_name' '=' 'prepare_results -a +DAGManJobId' '=' '2911 -a DAGManJobId' '=' '2911 -batch-name Review_CropWat_Input.dag+2911 -a submit_event_notes' '=' 'DAG' 'Node:' 'prepare_results -a dagman_log' '=' '/home/hoangtran/49bdf1de866741b295014492af31fccc/./Review_CropWat_Input.dag.nodes.log -a +DAGManNodesMask' '=' '"0,1,2,4,5,7,9,10,11,12,13,16,17,24,27" -a DAG_STATUS' '=' '0 -a FAILED_COUNT' '=' '0 -a +KeepClaimIdle' '=' '20 -a notification' '=' 'never -a +DAGParentNodeNames' '=' '"run_cropwat_model" prepare_results/prepare_results.job
10/12/21 23:43:43 From submit: Submitting job(s).
10/12/21 23:43:43 From submit: 1 job(s) submitted to cluster 2913.
10/12/21 23:43:43 	assigned HTCondor ID (2913.0.0)
10/12/21 23:43:43 Just submitted 1 job this cycle...
10/12/21 23:43:43 Currently monitoring 1 HTCondor log file(s)
10/12/21 23:43:43 Reassigning the id of job prepare_results from (2913.0.0) to (2913.0.0)
10/12/21 23:43:43 Event: ULOG_SUBMIT for HTCondor Node prepare_results (2913.0.0) {10/12/21 23:43:43}
10/12/21 23:43:43 Number of idle job procs: 1
10/12/21 23:43:43 DAG status: 0 (DAG_STATUS_OK)
10/12/21 23:43:43 Of 3 nodes total:
10/12/21 23:43:43  Done     Pre   Queued    Post   Ready   Un-Ready   Failed
10/12/21 23:43:43   ===     ===      ===     ===     ===        ===      ===
10/12/21 23:43:43     1       0        1       0       0          1        0
10/12/21 23:43:43 0 job proc(s) currently held
10/12/21 23:43:48 Currently monitoring 1 HTCondor log file(s)
10/12/21 23:43:48 Event: ULOG_EXECUTE for HTCondor Node prepare_results (2913.0.0) {10/12/21 23:43:44}
10/12/21 23:43:48 Number of idle job procs: 0
10/12/21 23:43:53 Currently monitoring 1 HTCondor log file(s)
10/12/21 23:43:53 Event: ULOG_JOB_TERMINATED for HTCondor Node prepare_results (2913.0.0) {10/12/21 23:43:48}
10/12/21 23:43:53 Number of idle job procs: 0
10/12/21 23:43:53 Node prepare_results job proc (2913.0.0) completed successfully.
10/12/21 23:43:53 Node prepare_results job completed
10/12/21 23:43:53 DAG status: 0 (DAG_STATUS_OK)
10/12/21 23:43:53 Of 3 nodes total:
10/12/21 23:43:53  Done     Pre   Queued    Post   Ready   Un-Ready   Failed
10/12/21 23:43:53   ===     ===      ===     ===     ===        ===      ===
10/12/21 23:43:53     2       0        0       0       1          0        0
10/12/21 23:43:53 0 job proc(s) currently held
10/12/21 23:43:58 Submitting HTCondor Node finalize job(s)...
10/12/21 23:43:58 Adding a DAGMan workflow log /home/hoangtran/49bdf1de866741b295014492af31fccc/./Review_CropWat_Input.dag.nodes.log
10/12/21 23:43:58 Masking the events recorded in the DAGMAN workflow log
10/12/21 23:43:58 Mask for workflow log is 0,1,2,4,5,7,9,10,11,12,13,16,17,24,27
10/12/21 23:43:58 submitting: /usr/bin/condor_submit -a dag_node_name' '=' 'finalize -a +DAGManJobId' '=' '2911 -a DAGManJobId' '=' '2911 -batch-name Review_CropWat_Input.dag+2911 -a submit_event_notes' '=' 'DAG' 'Node:' 'finalize -a dagman_log' '=' '/home/hoangtran/49bdf1de866741b295014492af31fccc/./Review_CropWat_Input.dag.nodes.log -a +DAGManNodesMask' '=' '"0,1,2,4,5,7,9,10,11,12,13,16,17,24,27" -a DAG_STATUS' '=' '0 -a FAILED_COUNT' '=' '0 -a notification' '=' 'never -a +DAGParentNodeNames' '=' '"prepare_results" finalize/finalize.job
10/12/21 23:43:58 From submit: Submitting job(s).
10/12/21 23:43:58 From submit: 1 job(s) submitted to cluster 2914.
10/12/21 23:43:58 	assigned HTCondor ID (2914.0.0)
10/12/21 23:43:58 Just submitted 1 job this cycle...
10/12/21 23:43:58 Currently monitoring 1 HTCondor log file(s)
10/12/21 23:43:58 Reassigning the id of job finalize from (2914.0.0) to (2914.0.0)
10/12/21 23:43:58 Event: ULOG_SUBMIT for HTCondor Node finalize (2914.0.0) {10/12/21 23:43:58}
10/12/21 23:43:58 Number of idle job procs: 1
10/12/21 23:43:58 DAG status: 0 (DAG_STATUS_OK)
10/12/21 23:43:58 Of 3 nodes total:
10/12/21 23:43:58  Done     Pre   Queued    Post   Ready   Un-Ready   Failed
10/12/21 23:43:58   ===     ===      ===     ===     ===        ===      ===
10/12/21 23:43:58     2       0        1       0       0          0        0
10/12/21 23:43:58 0 job proc(s) currently held
10/12/21 23:44:03 Currently monitoring 1 HTCondor log file(s)
10/12/21 23:44:03 Event: ULOG_EXECUTE for HTCondor Node finalize (2914.0.0) {10/12/21 23:43:59}
10/12/21 23:44:03 Number of idle job procs: 0
