10/11/21 16:31:02 ******************************************************
10/11/21 16:31:02 ** condor_scheduniv_exec.2881.0 (CONDOR_DAGMAN) STARTING UP
10/11/21 16:31:02 ** /usr/bin/condor_dagman
10/11/21 16:31:02 ** SubsystemInfo: name=DAGMAN type=DAGMAN(10) class=DAEMON(1)
10/11/21 16:31:02 ** Configuration: subsystem:DAGMAN local:<NONE> class:DAEMON
10/11/21 16:31:02 ** $CondorVersion: 8.6.8 Apr 06 2018 BuildID: Debian-8.6.8~dfsg.1-2 Debian-8.6.8~dfsg.1-2 $
10/11/21 16:31:02 ** $CondorPlatform: X86_64-Ubuntu_ $
10/11/21 16:31:02 ** PID = 124090
10/11/21 16:31:02 ** Log last touched time unavailable (No such file or directory)
10/11/21 16:31:02 ******************************************************
10/11/21 16:31:02 Using config source: /etc/condor/condor_config
10/11/21 16:31:02 Using local config sources: 
10/11/21 16:31:02    /etc/condor/config.d/00debconf
10/11/21 16:31:02    /etc/condor/condor_config.local
10/11/21 16:31:02 config Macros = 73, Sorted = 73, StringBytes = 2341, TablesBytes = 2684
10/11/21 16:31:02 CLASSAD_CACHING is ENABLED
10/11/21 16:31:02 Daemon Log is logging: D_ALWAYS D_ERROR
10/11/21 16:31:02 DaemonCore: No command port requested.
10/11/21 16:31:02 DAGMAN_USE_STRICT setting: 1
10/11/21 16:31:02 DAGMAN_VERBOSITY setting: 3
10/11/21 16:31:02 DAGMAN_DEBUG_CACHE_SIZE setting: 5242880
10/11/21 16:31:02 DAGMAN_DEBUG_CACHE_ENABLE setting: False
10/11/21 16:31:02 DAGMAN_SUBMIT_DELAY setting: 0
10/11/21 16:31:02 DAGMAN_MAX_SUBMIT_ATTEMPTS setting: 6
10/11/21 16:31:02 DAGMAN_STARTUP_CYCLE_DETECT setting: False
10/11/21 16:31:02 DAGMAN_MAX_SUBMITS_PER_INTERVAL setting: 5
10/11/21 16:31:02 DAGMAN_USER_LOG_SCAN_INTERVAL setting: 5
10/11/21 16:31:02 DAGMAN_DEFAULT_PRIORITY setting: 0
10/11/21 16:31:02 DAGMAN_SUPPRESS_NOTIFICATION setting: True
10/11/21 16:31:02 allow_events (DAGMAN_ALLOW_EVENTS) setting: 114
10/11/21 16:31:02 DAGMAN_RETRY_SUBMIT_FIRST setting: True
10/11/21 16:31:02 DAGMAN_RETRY_NODE_FIRST setting: False
10/11/21 16:31:02 DAGMAN_MAX_JOBS_IDLE setting: 1000
10/11/21 16:31:02 DAGMAN_MAX_JOBS_SUBMITTED setting: 0
10/11/21 16:31:02 DAGMAN_MAX_PRE_SCRIPTS setting: 20
10/11/21 16:31:02 DAGMAN_MAX_POST_SCRIPTS setting: 20
10/11/21 16:31:02 DAGMAN_MUNGE_NODE_NAMES setting: True
10/11/21 16:31:02 DAGMAN_PROHIBIT_MULTI_JOBS setting: False
10/11/21 16:31:02 DAGMAN_SUBMIT_DEPTH_FIRST setting: False
10/11/21 16:31:02 DAGMAN_ALWAYS_RUN_POST setting: False
10/11/21 16:31:02 DAGMAN_ABORT_DUPLICATES setting: True
10/11/21 16:31:02 DAGMAN_ABORT_ON_SCARY_SUBMIT setting: True
10/11/21 16:31:02 DAGMAN_PENDING_REPORT_INTERVAL setting: 600
10/11/21 16:31:02 DAGMAN_AUTO_RESCUE setting: True
10/11/21 16:31:02 DAGMAN_MAX_RESCUE_NUM setting: 100
10/11/21 16:31:02 DAGMAN_WRITE_PARTIAL_RESCUE setting: True
10/11/21 16:31:02 DAGMAN_DEFAULT_NODE_LOG setting: @(DAG_DIR)/@(DAG_FILE).nodes.log
10/11/21 16:31:02 DAGMAN_GENERATE_SUBDAG_SUBMITS setting: True
10/11/21 16:31:02 DAGMAN_MAX_JOB_HOLDS setting: 100
10/11/21 16:31:02 DAGMAN_HOLD_CLAIM_TIME setting: 20
10/11/21 16:31:02 ALL_DEBUG setting: 
10/11/21 16:31:02 DAGMAN_DEBUG setting: 
10/11/21 16:31:02 DAGMAN_SUPPRESS_JOB_LOGS setting: False
10/11/21 16:31:02 DAGMAN_REMOVE_NODE_JOBS setting: True
10/11/21 16:31:02 argv[0] == "condor_scheduniv_exec.2881.0"
10/11/21 16:31:02 argv[1] == "-Lockfile"
10/11/21 16:31:02 argv[2] == "Review_CropWat_Input.dag.lock"
10/11/21 16:31:02 argv[3] == "-AutoRescue"
10/11/21 16:31:02 argv[4] == "1"
10/11/21 16:31:02 argv[5] == "-DoRescueFrom"
10/11/21 16:31:02 argv[6] == "0"
10/11/21 16:31:02 argv[7] == "-Dag"
10/11/21 16:31:02 argv[8] == "Review_CropWat_Input.dag"
10/11/21 16:31:02 argv[9] == "-Suppress_notification"
10/11/21 16:31:02 argv[10] == "-CsdVersion"
10/11/21 16:31:02 argv[11] == "$CondorVersion: 8.6.8 Apr 06 2018 BuildID: Debian-8.6.8~dfsg.1-2 Debian-8.6.8~dfsg.1-2 $"
10/11/21 16:31:02 argv[12] == "-Dagman"
10/11/21 16:31:02 argv[13] == "/usr/bin/condor_dagman"
10/11/21 16:31:02 Workflow batch-name: <Review_CropWat_Input.dag+2881>
10/11/21 16:31:02 Workflow accounting_group: <>
10/11/21 16:31:02 Workflow accounting_group_user: <>
10/11/21 16:31:02 Warning: failed to get attribute DAGNodeName
10/11/21 16:31:02 DAGMAN_LOG_ON_NFS_IS_ERROR setting: False
10/11/21 16:31:02 Default node log file is: </home/hoangtran/a7018e3f50764fdba1e0913b2eae3b7f/./Review_CropWat_Input.dag.nodes.log>
10/11/21 16:31:02 DAG Lockfile will be written to Review_CropWat_Input.dag.lock
10/11/21 16:31:02 DAG Input file is Review_CropWat_Input.dag
10/11/21 16:31:02 Parsing 1 dagfiles
10/11/21 16:31:02 Parsing Review_CropWat_Input.dag ...
10/11/21 16:31:02 Dag contains 3 total jobs
10/11/21 16:31:02 Sleeping for 3 seconds to ensure ProcessId uniqueness
10/11/21 16:31:05 Bootstrapping...
10/11/21 16:31:05 Number of pre-completed nodes: 0
10/11/21 16:31:05 MultiLogFiles: truncating log file /home/hoangtran/a7018e3f50764fdba1e0913b2eae3b7f/./Review_CropWat_Input.dag.nodes.log
10/11/21 16:31:05 DAG status: 0 (DAG_STATUS_OK)
10/11/21 16:31:05 Of 3 nodes total:
10/11/21 16:31:05  Done     Pre   Queued    Post   Ready   Un-Ready   Failed
10/11/21 16:31:05   ===     ===      ===     ===     ===        ===      ===
10/11/21 16:31:05     0       0        0       0       1          2        0
10/11/21 16:31:05 0 job proc(s) currently held
10/11/21 16:31:05 Registering condor_event_timer...
10/11/21 16:31:06 Submitting HTCondor Node run_cropwat_model job(s)...
10/11/21 16:31:06 Adding a DAGMan workflow log /home/hoangtran/a7018e3f50764fdba1e0913b2eae3b7f/./Review_CropWat_Input.dag.nodes.log
10/11/21 16:31:06 Masking the events recorded in the DAGMAN workflow log
10/11/21 16:31:06 Mask for workflow log is 0,1,2,4,5,7,9,10,11,12,13,16,17,24,27
10/11/21 16:31:06 submitting: /usr/bin/condor_submit -a dag_node_name' '=' 'run_cropwat_model -a +DAGManJobId' '=' '2881 -a DAGManJobId' '=' '2881 -batch-name Review_CropWat_Input.dag+2881 -a submit_event_notes' '=' 'DAG' 'Node:' 'run_cropwat_model -a dagman_log' '=' '/home/hoangtran/a7018e3f50764fdba1e0913b2eae3b7f/./Review_CropWat_Input.dag.nodes.log -a +DAGManNodesMask' '=' '"0,1,2,4,5,7,9,10,11,12,13,16,17,24,27" -a DAG_STATUS' '=' '0 -a FAILED_COUNT' '=' '0 -a +KeepClaimIdle' '=' '20 -a notification' '=' 'never -a +DAGParentNodeNames' '=' '"" run_cropwat_model/run_cropwat_model.job
10/11/21 16:31:06 From submit: Submitting job(s).
10/11/21 16:31:06 From submit: 1 job(s) submitted to cluster 2882.
10/11/21 16:31:06 	assigned HTCondor ID (2882.0.0)
10/11/21 16:31:06 Just submitted 1 job this cycle...
10/11/21 16:31:06 Currently monitoring 1 HTCondor log file(s)
10/11/21 16:31:06 Reassigning the id of job run_cropwat_model from (2882.0.0) to (2882.0.0)
10/11/21 16:31:06 Event: ULOG_SUBMIT for HTCondor Node run_cropwat_model (2882.0.0) {10/11/21 16:31:06}
10/11/21 16:31:06 Number of idle job procs: 1
10/11/21 16:31:06 DAG status: 0 (DAG_STATUS_OK)
10/11/21 16:31:06 Of 3 nodes total:
10/11/21 16:31:06  Done     Pre   Queued    Post   Ready   Un-Ready   Failed
10/11/21 16:31:06   ===     ===      ===     ===     ===        ===      ===
10/11/21 16:31:06     0       0        1       0       0          2        0
10/11/21 16:31:06 0 job proc(s) currently held
10/11/21 16:31:26 Currently monitoring 1 HTCondor log file(s)
10/11/21 16:31:26 Event: ULOG_EXECUTE for HTCondor Node run_cropwat_model (2882.0.0) {10/11/21 16:31:23}
10/11/21 16:31:26 Number of idle job procs: 0
10/11/21 16:31:36 Currently monitoring 1 HTCondor log file(s)
10/11/21 16:31:36 Event: ULOG_JOB_TERMINATED for HTCondor Node run_cropwat_model (2882.0.0) {10/11/21 16:31:31}
10/11/21 16:31:36 Number of idle job procs: 0
10/11/21 16:31:36 Node run_cropwat_model job proc (2882.0.0) completed successfully.
10/11/21 16:31:36 Node run_cropwat_model job completed
10/11/21 16:31:36 DAG status: 0 (DAG_STATUS_OK)
10/11/21 16:31:36 Of 3 nodes total:
10/11/21 16:31:36  Done     Pre   Queued    Post   Ready   Un-Ready   Failed
10/11/21 16:31:36   ===     ===      ===     ===     ===        ===      ===
10/11/21 16:31:36     1       0        0       0       1          1        0
10/11/21 16:31:36 0 job proc(s) currently held
10/11/21 16:31:41 Submitting HTCondor Node prepare_results job(s)...
10/11/21 16:31:41 Adding a DAGMan workflow log /home/hoangtran/a7018e3f50764fdba1e0913b2eae3b7f/./Review_CropWat_Input.dag.nodes.log
10/11/21 16:31:41 Masking the events recorded in the DAGMAN workflow log
10/11/21 16:31:41 Mask for workflow log is 0,1,2,4,5,7,9,10,11,12,13,16,17,24,27
10/11/21 16:31:41 submitting: /usr/bin/condor_submit -a dag_node_name' '=' 'prepare_results -a +DAGManJobId' '=' '2881 -a DAGManJobId' '=' '2881 -batch-name Review_CropWat_Input.dag+2881 -a submit_event_notes' '=' 'DAG' 'Node:' 'prepare_results -a dagman_log' '=' '/home/hoangtran/a7018e3f50764fdba1e0913b2eae3b7f/./Review_CropWat_Input.dag.nodes.log -a +DAGManNodesMask' '=' '"0,1,2,4,5,7,9,10,11,12,13,16,17,24,27" -a DAG_STATUS' '=' '0 -a FAILED_COUNT' '=' '0 -a +KeepClaimIdle' '=' '20 -a notification' '=' 'never -a +DAGParentNodeNames' '=' '"run_cropwat_model" prepare_results/prepare_results.job
10/11/21 16:31:41 From submit: Submitting job(s).
10/11/21 16:31:41 From submit: 1 job(s) submitted to cluster 2883.
10/11/21 16:31:41 	assigned HTCondor ID (2883.0.0)
10/11/21 16:31:41 Just submitted 1 job this cycle...
10/11/21 16:31:41 Currently monitoring 1 HTCondor log file(s)
10/11/21 16:31:41 Reassigning the id of job prepare_results from (2883.0.0) to (2883.0.0)
10/11/21 16:31:41 Event: ULOG_SUBMIT for HTCondor Node prepare_results (2883.0.0) {10/11/21 16:31:41}
10/11/21 16:31:41 Number of idle job procs: 1
10/11/21 16:31:41 DAG status: 0 (DAG_STATUS_OK)
10/11/21 16:31:41 Of 3 nodes total:
10/11/21 16:31:41  Done     Pre   Queued    Post   Ready   Un-Ready   Failed
10/11/21 16:31:41   ===     ===      ===     ===     ===        ===      ===
10/11/21 16:31:41     1       0        1       0       0          1        0
10/11/21 16:31:41 0 job proc(s) currently held
10/11/21 16:31:46 Currently monitoring 1 HTCondor log file(s)
10/11/21 16:31:46 Event: ULOG_EXECUTE for HTCondor Node prepare_results (2883.0.0) {10/11/21 16:31:42}
10/11/21 16:31:46 Number of idle job procs: 0
10/11/21 16:31:46 Event: ULOG_JOB_TERMINATED for HTCondor Node prepare_results (2883.0.0) {10/11/21 16:31:45}
10/11/21 16:31:46 Number of idle job procs: 0
10/11/21 16:31:46 Node prepare_results job proc (2883.0.0) completed successfully.
10/11/21 16:31:46 Node prepare_results job completed
10/11/21 16:31:46 DAG status: 0 (DAG_STATUS_OK)
10/11/21 16:31:46 Of 3 nodes total:
10/11/21 16:31:46  Done     Pre   Queued    Post   Ready   Un-Ready   Failed
10/11/21 16:31:46   ===     ===      ===     ===     ===        ===      ===
10/11/21 16:31:46     2       0        0       0       1          0        0
10/11/21 16:31:46 0 job proc(s) currently held
10/11/21 16:31:51 Submitting HTCondor Node finalize job(s)...
10/11/21 16:31:51 Adding a DAGMan workflow log /home/hoangtran/a7018e3f50764fdba1e0913b2eae3b7f/./Review_CropWat_Input.dag.nodes.log
10/11/21 16:31:51 Masking the events recorded in the DAGMAN workflow log
10/11/21 16:31:51 Mask for workflow log is 0,1,2,4,5,7,9,10,11,12,13,16,17,24,27
10/11/21 16:31:51 submitting: /usr/bin/condor_submit -a dag_node_name' '=' 'finalize -a +DAGManJobId' '=' '2881 -a DAGManJobId' '=' '2881 -batch-name Review_CropWat_Input.dag+2881 -a submit_event_notes' '=' 'DAG' 'Node:' 'finalize -a dagman_log' '=' '/home/hoangtran/a7018e3f50764fdba1e0913b2eae3b7f/./Review_CropWat_Input.dag.nodes.log -a +DAGManNodesMask' '=' '"0,1,2,4,5,7,9,10,11,12,13,16,17,24,27" -a DAG_STATUS' '=' '0 -a FAILED_COUNT' '=' '0 -a notification' '=' 'never -a +DAGParentNodeNames' '=' '"prepare_results" finalize/finalize.job
10/11/21 16:31:51 From submit: Submitting job(s).
10/11/21 16:31:51 From submit: 1 job(s) submitted to cluster 2884.
10/11/21 16:31:51 	assigned HTCondor ID (2884.0.0)
10/11/21 16:31:51 Just submitted 1 job this cycle...
10/11/21 16:31:51 Currently monitoring 1 HTCondor log file(s)
10/11/21 16:31:51 Reassigning the id of job finalize from (2884.0.0) to (2884.0.0)
10/11/21 16:31:51 Event: ULOG_SUBMIT for HTCondor Node finalize (2884.0.0) {10/11/21 16:31:51}
10/11/21 16:31:51 Number of idle job procs: 1
10/11/21 16:31:51 DAG status: 0 (DAG_STATUS_OK)
10/11/21 16:31:51 Of 3 nodes total:
10/11/21 16:31:51  Done     Pre   Queued    Post   Ready   Un-Ready   Failed
10/11/21 16:31:51   ===     ===      ===     ===     ===        ===      ===
10/11/21 16:31:51     2       0        1       0       0          0        0
10/11/21 16:31:51 0 job proc(s) currently held
10/11/21 16:31:56 Currently monitoring 1 HTCondor log file(s)
10/11/21 16:31:56 Event: ULOG_EXECUTE for HTCondor Node finalize (2884.0.0) {10/11/21 16:31:52}
10/11/21 16:31:56 Number of idle job procs: 0
