Given Arguments:
Namespace(app_namespace='agwa', gs_private_url='http://admin:geoserver@192.168.99.103:8181/geoserver/rest/', gs_public_url='http://admin:geoserver@192.168.99.103:8181/geoserver/rest/', model_db_url='None', resource_class='tethysapp.wdi.models.resources.irrigation_zone_resource.WdiIrrigationZoneResource', resource_db_url='postgresql://tethys_super:postgres@192.168.99.103:5436/wdi_primary_db', resource_id='efc6399d-b1f9-4a74-8405-e7710d2f689f', resource_workflow_id='41ac559f-eb84-4085-8933-d8f5720a4f8a', resource_workflow_step_id='fdfe0f37-a86d-4bb9-91fd-5f6311df88be', scenario_id=1, workflow_class='tethysapp.wdi.models.wdi_workflows.prepare_cropwat_demo.PrepareCropWatWorkflow', workflow_params_file='workflow_params.json')
Workflow Parameters:
{'Update Model Input': {'help': 'Select CropWat Model and Update Model Input',
                        'id': '75f36f75-5288-4e83-8a18-999f0aaf49d7',
                        'name': 'Update Model Input',
                        'parameters': {'form-values': {'ajies_area': 1257,
                                                       'ajies_efficiency': 0.2,
                                                       'ajies_percent_first_cycle': 40,
                                                       'ajies_percent_second_cycle': 60,
                                                       'arroz_area': 214044,
                                                       'arroz_efficiency': 0.2,
                                                       'arroz_percent_first_cycle': 20,
                                                       'arroz_percent_fourth_cycle': 30,
                                                       'arroz_percent_second_cycle': 30,
                                                       'arroz_percent_third_cycle': 20,
                                                       'auyama_area': 1240,
                                                       'auyama_efficiency': 0.2,
                                                       'auyama_percent_first_cycle': 20,
                                                       'auyama_percent_fourth_cycle': 30,
                                                       'auyama_percent_second_cycle': 30,
                                                       'auyama_percent_third_cycle': 20,
                                                       'batata_area': 11052,
                                                       'batata_efficiency': 0.2,
                                                       'batata_percent_first_cycle': 20,
                                                       'batata_percent_fourth_cycle': 30,
                                                       'batata_percent_second_cycle': 30,
                                                       'batata_percent_third_cycle': 20,
                                                       'berenjena_area': 972,
                                                       'berenjena_efficiency': 0.2,
                                                       'berenjena_percent_first_cycle': 40,
                                                       'berenjena_percent_second_cycle': 60,
                                                       'cana_de_azucar_area': 30,
                                                       'cana_de_azucar_efficiency': 0.2,
                                                       'cana_de_azucar_percent': 100,
                                                       'cana_negra_area': 120,
                                                       'cana_negra_efficiency': 0.2,
                                                       'cana_negra_percent': 100,
                                                       'cebolla_area': 13360,
                                                       'cebolla_efficiency': 0.2,
                                                       'cebolla_percent_first_cycle': 40,
                                                       'cebolla_percent_second_cycle': 60,
                                                       'cilantro_area': 820,
                                                       'cilantro_efficiency': 0.2,
                                                       'cilantro_percent_first_cycle': 40,
                                                       'cilantro_percent_second_cycle': 60,
                                                       'guandul_area': 18721,
                                                       'guandul_efficiency': 0.2,
                                                       'guandul_percent_first_cycle': 40,
                                                       'guandul_percent_second_cycle': 60,
                                                       'guineo_area': 274,
                                                       'guineo_efficiency': 0.2,
                                                       'guineo_percent': 100,
                                                       'habichuela_area': 154059,
                                                       'habichuela_efficiency': 0.2,
                                                       'habichuela_percent_first_cycle': 40,
                                                       'habichuela_percent_second_cycle': 60,
                                                       'lechosa_area': 1412,
                                                       'lechosa_efficiency': 0.2,
                                                       'lechosa_percent_first_cycle': 40,
                                                       'lechosa_percent_second_cycle': 60,
                                                       'maiz_area': 49299,
                                                       'maiz_efficiency': 0.2,
                                                       'maiz_percent_first_cycle': 20,
                                                       'maiz_percent_fourth_cycle': 30,
                                                       'maiz_percent_second_cycle': 30,
                                                       'maiz_percent_third_cycle': 20,
                                                       'mango_area': 2425,
                                                       'mango_efficiency': 0.2,
                                                       'mango_percent': 100,
                                                       'mani_area': 1565,
                                                       'mani_efficiency': 0.2,
                                                       'mani_percent_first_cycle': 20,
                                                       'mani_percent_fourth_cycle': 30,
                                                       'mani_percent_second_cycle': 30,
                                                       'mani_percent_third_cycle': 20,
                                                       'melon_area': 140,
                                                       'melon_efficiency': 0.2,
                                                       'melon_percent_first_cycle': 30,
                                                       'melon_percent_second_cycle': 40,
                                                       'melon_percent_third_cycle': 30,
                                                       'otras_hortalizas_area': 2400,
                                                       'otras_hortalizas_efficiency': 0.2,
                                                       'otras_hortalizas_percent_first_cycle': 30,
                                                       'otras_hortalizas_percent_second_cycle': 30,
                                                       'otras_hortalizas_percent_third_cycle': 40,
                                                       'pasto_natural_area': 13658,
                                                       'pasto_natural_efficiency': 0.2,
                                                       'pasto_natural_percent': 100,
                                                       'pepino_area': 125,
                                                       'pepino_efficiency': 0.2,
                                                       'pepino_percent_first_cycle': 40,
                                                       'pepino_percent_second_cycle': 60,
                                                       'platano_area': 583,
                                                       'platano_efficiency': 0.2,
                                                       'platano_percent': 100,
                                                       'remolacha_area': 42,
                                                       'remolacha_efficiency': 0.2,
                                                       'remolacha_percent_first_cycle': 50,
                                                       'remolacha_percent_second_cycle': 50,
                                                       'repollo_area': 47,
                                                       'repollo_efficiency': 0.2,
                                                       'repollo_percent_first_cycle': 40,
                                                       'repollo_percent_second_cycle': 60,
                                                       'select_existing_cropwat_model': '80b460a0-1987-4353-b3a5-8a06c94bc578',
                                                       'sorgo_area': 320,
                                                       'sorgo_efficiency': 0.2,
                                                       'sorgo_percent_first_cycle': 20,
                                                       'sorgo_percent_fourth_cycle': 30,
                                                       'sorgo_percent_second_cycle': 30,
                                                       'sorgo_percent_third_cycle': 20,
                                                       'tabaco_area': 110,
                                                       'tabaco_efficiency': 0.2,
                                                       'tabaco_percent_first_cycle': 40,
                                                       'tabaco_percent_second_cycle': 60,
                                                       'tomate_area': 36,
                                                       'tomate_efficiency': 0.2,
                                                       'tomate_percent_first_cycle': 40,
                                                       'tomate_percent_second_cycle': 60,
                                                       'yuca_area': 4578,
                                                       'yuca_efficiency': 0.2,
                                                       'yuca_percent_first_cycle': 40,
                                                       'yuca_percent_second_cycle': 60,
                                                       'zanahoria_area': 81,
                                                       'zanahoria_efficiency': 0.2,
                                                       'zanahoria_percent_first_cycle': 40,
                                                       'zanahoria_percent_second_cycle': 60},
                                       'resource_name': 'Mao'},
                        'resource_workflow_id': '41ac559f-eb84-4085-8933-d8f5720a4f8a',
                        'type': 'form_input_resource_workflow_step'}}
Given Arguments:
Namespace(app_namespace='agwa', gs_private_url='http://admin:geoserver@192.168.99.103:8181/geoserver/rest/', gs_public_url='http://admin:geoserver@192.168.99.103:8181/geoserver/rest/', model_db_url='None', resource_class='tethysapp.wdi.models.resources.irrigation_zone_resource.WdiIrrigationZoneResource', resource_db_url='postgresql://tethys_super:postgres@192.168.99.103:5436/wdi_primary_db', resource_id='efc6399d-b1f9-4a74-8405-e7710d2f689f', resource_workflow_id='41ac559f-eb84-4085-8933-d8f5720a4f8a', resource_workflow_step_id='fdfe0f37-a86d-4bb9-91fd-5f6311df88be', scenario_id=1, workflow_class='tethysapp.wdi.models.wdi_workflows.prepare_cropwat_demo.PrepareCropWatWorkflow', workflow_params_file='workflow_params.json')
Updating status...
['Complete', 'Failed']
Updating Status Complete
Updating status...
Closing sessions...
Processing Complete
