000 (2784.000.000) 10/04 11:36:17 Job submitted from host: <127.0.0.1:9618?addrs=127.0.0.1-9618+[--1]-9618&noUDP&sock=381801_4ec0_4>
    DAG Node: create_irrigation_zone_extent_layer
...
001 (2784.000.000) 10/04 11:36:34 Job executing on host: <127.0.0.1:9618?addrs=127.0.0.1-9618+[--1]-9618&noUDP&sock=381801_4ec0_3>
...
006 (2784.000.000) 10/04 11:36:43 Image size of job updated: 71016
	70  -  MemoryUsage of job (MB)
	71016  -  ResidentSetSize of job (KB)
...
006 (2784.000.000) 10/04 11:36:50 Image size of job updated: 173048
	70  -  MemoryUsage of job (MB)
	71016  -  ResidentSetSize of job (KB)
...
005 (2784.000.000) 10/04 11:36:51 Job terminated.
	(1) Normal termination (return value 1)
		Usr 0 00:00:01, Sys 0 00:00:00  -  Run Remote Usage
		Usr 0 00:00:00, Sys 0 00:00:00  -  Run Local Usage
		Usr 0 00:00:01, Sys 0 00:00:00  -  Total Remote Usage
		Usr 0 00:00:00, Sys 0 00:00:00  -  Total Local Usage
	1532  -  Run Bytes Sent By Job
	3311  -  Run Bytes Received By Job
	1532  -  Total Bytes Sent By Job
	3311  -  Total Bytes Received By Job
	Partitionable Resources :    Usage  Request Allocated
	   Cpus                 :                 1         1
	   Disk (KB)            :       15        4  13682752
	   Memory (MB)          :       70        1      5346
...
