000 (2873.000.000) 10/11 15:40:30 Job submitted from host: <127.0.0.1:9618?addrs=127.0.0.1-9618+[--1]-9618&noUDP&sock=6767_2d78_4>
    DAG Node: finalize
...
001 (2873.000.000) 10/11 15:40:31 Job executing on host: <127.0.0.1:9618?addrs=127.0.0.1-9618+[--1]-9618&noUDP&sock=6767_2d78_3>
...
006 (2873.000.000) 10/11 15:40:34 Image size of job updated: 96
	1  -  MemoryUsage of job (MB)
	96  -  ResidentSetSize of job (KB)
...
005 (2873.000.000) 10/11 15:40:35 Job terminated.
	(1) Normal termination (return value 0)
		Usr 0 00:00:02, Sys 0 00:00:00  -  Run Remote Usage
		Usr 0 00:00:00, Sys 0 00:00:00  -  Run Local Usage
		Usr 0 00:00:02, Sys 0 00:00:00  -  Total Remote Usage
		Usr 0 00:00:00, Sys 0 00:00:00  -  Total Local Usage
	15826  -  Run Bytes Sent By Job
	7316  -  Run Bytes Received By Job
	15826  -  Total Bytes Sent By Job
	7316  -  Total Bytes Received By Job
	Partitionable Resources :    Usage  Request Allocated
	   Cpus                 :                 1         1
	   Disk (KB)            :       33       10  13673098
	   Memory (MB)          :        1        1      5346
...
