000 (2758.000.000) 08/25 16:18:23 Job submitted from host: <127.0.0.1:9618?addrs=127.0.0.1-9618+[--1]-9618&noUDP&sock=179529_8a36_4>
    DAG Node: create_model_extent_layer
...
001 (2758.000.000) 08/25 16:18:31 Job executing on host: <127.0.0.1:9618?addrs=127.0.0.1-9618+[--1]-9618&noUDP&sock=179529_8a36_3>
...
006 (2758.000.000) 08/25 16:18:33 Image size of job updated: 4
	0  -  MemoryUsage of job (MB)
	0  -  ResidentSetSize of job (KB)
...
005 (2758.000.000) 08/25 16:18:34 Job terminated.
	(1) Normal termination (return value 0)
		Usr 0 00:00:01, Sys 0 00:00:00  -  Run Remote Usage
		Usr 0 00:00:00, Sys 0 00:00:00  -  Run Local Usage
		Usr 0 00:00:01, Sys 0 00:00:00  -  Total Remote Usage
		Usr 0 00:00:00, Sys 0 00:00:00  -  Total Local Usage
	89  -  Run Bytes Sent By Job
	3311  -  Run Bytes Received By Job
	89  -  Total Bytes Sent By Job
	3311  -  Total Bytes Received By Job
	Partitionable Resources :    Usage  Request Allocated
	   Cpus                 :                 1         1
	   Disk (KB)            :       13        4  13586184
	   Memory (MB)          :        0        1      5346
...
