10/13/21 00:23:41 ******************************************************
10/13/21 00:23:41 ** condor_scheduniv_exec.2915.0 (CONDOR_DAGMAN) STARTING UP
10/13/21 00:23:41 ** /usr/bin/condor_dagman
10/13/21 00:23:41 ** SubsystemInfo: name=DAGMAN type=DAGMAN(10) class=DAEMON(1)
10/13/21 00:23:41 ** Configuration: subsystem:DAGMAN local:<NONE> class:DAEMON
10/13/21 00:23:41 ** $CondorVersion: 8.6.8 Apr 06 2018 BuildID: Debian-8.6.8~dfsg.1-2 Debian-8.6.8~dfsg.1-2 $
10/13/21 00:23:41 ** $CondorPlatform: X86_64-Ubuntu_ $
10/13/21 00:23:41 ** PID = 183479
10/13/21 00:23:41 ** Log last touched time unavailable (No such file or directory)
10/13/21 00:23:41 ******************************************************
10/13/21 00:23:41 Using config source: /etc/condor/condor_config
10/13/21 00:23:41 Using local config sources: 
10/13/21 00:23:41    /etc/condor/config.d/00debconf
10/13/21 00:23:41    /etc/condor/condor_config.local
10/13/21 00:23:41 config Macros = 73, Sorted = 73, StringBytes = 2341, TablesBytes = 2684
10/13/21 00:23:41 CLASSAD_CACHING is ENABLED
10/13/21 00:23:41 Daemon Log is logging: D_ALWAYS D_ERROR
10/13/21 00:23:41 DaemonCore: No command port requested.
10/13/21 00:23:41 DAGMAN_USE_STRICT setting: 1
10/13/21 00:23:41 DAGMAN_VERBOSITY setting: 3
10/13/21 00:23:41 DAGMAN_DEBUG_CACHE_SIZE setting: 5242880
10/13/21 00:23:41 DAGMAN_DEBUG_CACHE_ENABLE setting: False
10/13/21 00:23:41 DAGMAN_SUBMIT_DELAY setting: 0
10/13/21 00:23:41 DAGMAN_MAX_SUBMIT_ATTEMPTS setting: 6
10/13/21 00:23:41 DAGMAN_STARTUP_CYCLE_DETECT setting: False
10/13/21 00:23:41 DAGMAN_MAX_SUBMITS_PER_INTERVAL setting: 5
10/13/21 00:23:41 DAGMAN_USER_LOG_SCAN_INTERVAL setting: 5
10/13/21 00:23:41 DAGMAN_DEFAULT_PRIORITY setting: 0
10/13/21 00:23:41 DAGMAN_SUPPRESS_NOTIFICATION setting: True
10/13/21 00:23:41 allow_events (DAGMAN_ALLOW_EVENTS) setting: 114
10/13/21 00:23:41 DAGMAN_RETRY_SUBMIT_FIRST setting: True
10/13/21 00:23:41 DAGMAN_RETRY_NODE_FIRST setting: False
10/13/21 00:23:41 DAGMAN_MAX_JOBS_IDLE setting: 1000
10/13/21 00:23:41 DAGMAN_MAX_JOBS_SUBMITTED setting: 0
10/13/21 00:23:41 DAGMAN_MAX_PRE_SCRIPTS setting: 20
10/13/21 00:23:41 DAGMAN_MAX_POST_SCRIPTS setting: 20
10/13/21 00:23:41 DAGMAN_MUNGE_NODE_NAMES setting: True
10/13/21 00:23:41 DAGMAN_PROHIBIT_MULTI_JOBS setting: False
10/13/21 00:23:41 DAGMAN_SUBMIT_DEPTH_FIRST setting: False
10/13/21 00:23:41 DAGMAN_ALWAYS_RUN_POST setting: False
10/13/21 00:23:41 DAGMAN_ABORT_DUPLICATES setting: True
10/13/21 00:23:41 DAGMAN_ABORT_ON_SCARY_SUBMIT setting: True
10/13/21 00:23:41 DAGMAN_PENDING_REPORT_INTERVAL setting: 600
10/13/21 00:23:41 DAGMAN_AUTO_RESCUE setting: True
10/13/21 00:23:41 DAGMAN_MAX_RESCUE_NUM setting: 100
10/13/21 00:23:41 DAGMAN_WRITE_PARTIAL_RESCUE setting: True
10/13/21 00:23:41 DAGMAN_DEFAULT_NODE_LOG setting: @(DAG_DIR)/@(DAG_FILE).nodes.log
10/13/21 00:23:41 DAGMAN_GENERATE_SUBDAG_SUBMITS setting: True
10/13/21 00:23:41 DAGMAN_MAX_JOB_HOLDS setting: 100
10/13/21 00:23:41 DAGMAN_HOLD_CLAIM_TIME setting: 20
10/13/21 00:23:41 ALL_DEBUG setting: 
10/13/21 00:23:41 DAGMAN_DEBUG setting: 
10/13/21 00:23:41 DAGMAN_SUPPRESS_JOB_LOGS setting: False
10/13/21 00:23:41 DAGMAN_REMOVE_NODE_JOBS setting: True
10/13/21 00:23:41 argv[0] == "condor_scheduniv_exec.2915.0"
10/13/21 00:23:41 argv[1] == "-Lockfile"
10/13/21 00:23:41 argv[2] == "Review_CropWat_Input.dag.lock"
10/13/21 00:23:41 argv[3] == "-AutoRescue"
10/13/21 00:23:41 argv[4] == "1"
10/13/21 00:23:41 argv[5] == "-DoRescueFrom"
10/13/21 00:23:41 argv[6] == "0"
10/13/21 00:23:41 argv[7] == "-Dag"
10/13/21 00:23:41 argv[8] == "Review_CropWat_Input.dag"
10/13/21 00:23:41 argv[9] == "-Suppress_notification"
10/13/21 00:23:41 argv[10] == "-CsdVersion"
10/13/21 00:23:41 argv[11] == "$CondorVersion: 8.6.8 Apr 06 2018 BuildID: Debian-8.6.8~dfsg.1-2 Debian-8.6.8~dfsg.1-2 $"
10/13/21 00:23:41 argv[12] == "-Dagman"
10/13/21 00:23:41 argv[13] == "/usr/bin/condor_dagman"
10/13/21 00:23:41 Workflow batch-name: <Review_CropWat_Input.dag+2915>
10/13/21 00:23:41 Workflow accounting_group: <>
10/13/21 00:23:41 Workflow accounting_group_user: <>
10/13/21 00:23:41 Warning: failed to get attribute DAGNodeName
10/13/21 00:23:41 DAGMAN_LOG_ON_NFS_IS_ERROR setting: False
10/13/21 00:23:41 Default node log file is: </home/hoangtran/73fd7a2617af49ddae3148595d101998/./Review_CropWat_Input.dag.nodes.log>
10/13/21 00:23:41 DAG Lockfile will be written to Review_CropWat_Input.dag.lock
10/13/21 00:23:41 DAG Input file is Review_CropWat_Input.dag
10/13/21 00:23:41 Parsing 1 dagfiles
10/13/21 00:23:41 Parsing Review_CropWat_Input.dag ...
10/13/21 00:23:41 Dag contains 3 total jobs
10/13/21 00:23:41 Sleeping for 3 seconds to ensure ProcessId uniqueness
10/13/21 00:23:44 Bootstrapping...
10/13/21 00:23:44 Number of pre-completed nodes: 0
10/13/21 00:23:44 MultiLogFiles: truncating log file /home/hoangtran/73fd7a2617af49ddae3148595d101998/./Review_CropWat_Input.dag.nodes.log
10/13/21 00:23:44 DAG status: 0 (DAG_STATUS_OK)
10/13/21 00:23:44 Of 3 nodes total:
10/13/21 00:23:44  Done     Pre   Queued    Post   Ready   Un-Ready   Failed
10/13/21 00:23:44   ===     ===      ===     ===     ===        ===      ===
10/13/21 00:23:44     0       0        0       0       1          2        0
10/13/21 00:23:44 0 job proc(s) currently held
10/13/21 00:23:44 Registering condor_event_timer...
10/13/21 00:23:45 Submitting HTCondor Node run_cropwat_model job(s)...
10/13/21 00:23:45 Adding a DAGMan workflow log /home/hoangtran/73fd7a2617af49ddae3148595d101998/./Review_CropWat_Input.dag.nodes.log
10/13/21 00:23:45 Masking the events recorded in the DAGMAN workflow log
10/13/21 00:23:45 Mask for workflow log is 0,1,2,4,5,7,9,10,11,12,13,16,17,24,27
10/13/21 00:23:45 submitting: /usr/bin/condor_submit -a dag_node_name' '=' 'run_cropwat_model -a +DAGManJobId' '=' '2915 -a DAGManJobId' '=' '2915 -batch-name Review_CropWat_Input.dag+2915 -a submit_event_notes' '=' 'DAG' 'Node:' 'run_cropwat_model -a dagman_log' '=' '/home/hoangtran/73fd7a2617af49ddae3148595d101998/./Review_CropWat_Input.dag.nodes.log -a +DAGManNodesMask' '=' '"0,1,2,4,5,7,9,10,11,12,13,16,17,24,27" -a DAG_STATUS' '=' '0 -a FAILED_COUNT' '=' '0 -a +KeepClaimIdle' '=' '20 -a notification' '=' 'never -a +DAGParentNodeNames' '=' '"" run_cropwat_model/run_cropwat_model.job
10/13/21 00:23:45 From submit: Submitting job(s).
10/13/21 00:23:45 From submit: 1 job(s) submitted to cluster 2916.
10/13/21 00:23:45 	assigned HTCondor ID (2916.0.0)
10/13/21 00:23:45 Just submitted 1 job this cycle...
10/13/21 00:23:45 Currently monitoring 1 HTCondor log file(s)
10/13/21 00:23:45 Reassigning the id of job run_cropwat_model from (2916.0.0) to (2916.0.0)
10/13/21 00:23:45 Event: ULOG_SUBMIT for HTCondor Node run_cropwat_model (2916.0.0) {10/13/21 00:23:45}
10/13/21 00:23:45 Number of idle job procs: 1
10/13/21 00:23:45 DAG status: 0 (DAG_STATUS_OK)
10/13/21 00:23:45 Of 3 nodes total:
10/13/21 00:23:45  Done     Pre   Queued    Post   Ready   Un-Ready   Failed
10/13/21 00:23:45   ===     ===      ===     ===     ===        ===      ===
10/13/21 00:23:45     0       0        1       0       0          2        0
10/13/21 00:23:45 0 job proc(s) currently held
10/13/21 00:24:05 Currently monitoring 1 HTCondor log file(s)
10/13/21 00:24:05 Event: ULOG_EXECUTE for HTCondor Node run_cropwat_model (2916.0.0) {10/13/21 00:24:02}
10/13/21 00:24:05 Number of idle job procs: 0
10/13/21 00:24:15 Currently monitoring 1 HTCondor log file(s)
10/13/21 00:24:15 Event: ULOG_JOB_TERMINATED for HTCondor Node run_cropwat_model (2916.0.0) {10/13/21 00:24:10}
10/13/21 00:24:15 Number of idle job procs: 0
10/13/21 00:24:15 Node run_cropwat_model job proc (2916.0.0) completed successfully.
10/13/21 00:24:15 Node run_cropwat_model job completed
10/13/21 00:24:15 DAG status: 0 (DAG_STATUS_OK)
10/13/21 00:24:15 Of 3 nodes total:
10/13/21 00:24:15  Done     Pre   Queued    Post   Ready   Un-Ready   Failed
10/13/21 00:24:15   ===     ===      ===     ===     ===        ===      ===
10/13/21 00:24:15     1       0        0       0       1          1        0
10/13/21 00:24:15 0 job proc(s) currently held
10/13/21 00:24:20 Submitting HTCondor Node prepare_results job(s)...
10/13/21 00:24:20 Adding a DAGMan workflow log /home/hoangtran/73fd7a2617af49ddae3148595d101998/./Review_CropWat_Input.dag.nodes.log
10/13/21 00:24:20 Masking the events recorded in the DAGMAN workflow log
10/13/21 00:24:20 Mask for workflow log is 0,1,2,4,5,7,9,10,11,12,13,16,17,24,27
10/13/21 00:24:20 submitting: /usr/bin/condor_submit -a dag_node_name' '=' 'prepare_results -a +DAGManJobId' '=' '2915 -a DAGManJobId' '=' '2915 -batch-name Review_CropWat_Input.dag+2915 -a submit_event_notes' '=' 'DAG' 'Node:' 'prepare_results -a dagman_log' '=' '/home/hoangtran/73fd7a2617af49ddae3148595d101998/./Review_CropWat_Input.dag.nodes.log -a +DAGManNodesMask' '=' '"0,1,2,4,5,7,9,10,11,12,13,16,17,24,27" -a DAG_STATUS' '=' '0 -a FAILED_COUNT' '=' '0 -a +KeepClaimIdle' '=' '20 -a notification' '=' 'never -a +DAGParentNodeNames' '=' '"run_cropwat_model" prepare_results/prepare_results.job
10/13/21 00:24:20 From submit: Submitting job(s).
10/13/21 00:24:20 From submit: 1 job(s) submitted to cluster 2917.
10/13/21 00:24:20 	assigned HTCondor ID (2917.0.0)
10/13/21 00:24:20 Just submitted 1 job this cycle...
10/13/21 00:24:20 Currently monitoring 1 HTCondor log file(s)
10/13/21 00:24:20 Reassigning the id of job prepare_results from (2917.0.0) to (2917.0.0)
10/13/21 00:24:20 Event: ULOG_SUBMIT for HTCondor Node prepare_results (2917.0.0) {10/13/21 00:24:20}
10/13/21 00:24:20 Number of idle job procs: 1
10/13/21 00:24:20 DAG status: 0 (DAG_STATUS_OK)
10/13/21 00:24:20 Of 3 nodes total:
10/13/21 00:24:20  Done     Pre   Queued    Post   Ready   Un-Ready   Failed
10/13/21 00:24:20   ===     ===      ===     ===     ===        ===      ===
10/13/21 00:24:20     1       0        1       0       0          1        0
10/13/21 00:24:20 0 job proc(s) currently held
10/13/21 00:24:25 Currently monitoring 1 HTCondor log file(s)
10/13/21 00:24:25 Event: ULOG_EXECUTE for HTCondor Node prepare_results (2917.0.0) {10/13/21 00:24:21}
10/13/21 00:24:25 Number of idle job procs: 0
10/13/21 00:24:35 Currently monitoring 1 HTCondor log file(s)
10/13/21 00:24:35 Event: ULOG_JOB_TERMINATED for HTCondor Node prepare_results (2917.0.0) {10/13/21 00:24:31}
10/13/21 00:24:35 Number of idle job procs: 0
10/13/21 00:24:35 Node prepare_results job proc (2917.0.0) completed successfully.
10/13/21 00:24:35 Node prepare_results job completed
10/13/21 00:24:35 DAG status: 0 (DAG_STATUS_OK)
10/13/21 00:24:35 Of 3 nodes total:
10/13/21 00:24:35  Done     Pre   Queued    Post   Ready   Un-Ready   Failed
10/13/21 00:24:35   ===     ===      ===     ===     ===        ===      ===
10/13/21 00:24:35     2       0        0       0       1          0        0
10/13/21 00:24:35 0 job proc(s) currently held
10/13/21 00:24:40 Submitting HTCondor Node finalize job(s)...
10/13/21 00:24:40 Adding a DAGMan workflow log /home/hoangtran/73fd7a2617af49ddae3148595d101998/./Review_CropWat_Input.dag.nodes.log
10/13/21 00:24:40 Masking the events recorded in the DAGMAN workflow log
10/13/21 00:24:40 Mask for workflow log is 0,1,2,4,5,7,9,10,11,12,13,16,17,24,27
10/13/21 00:24:40 submitting: /usr/bin/condor_submit -a dag_node_name' '=' 'finalize -a +DAGManJobId' '=' '2915 -a DAGManJobId' '=' '2915 -batch-name Review_CropWat_Input.dag+2915 -a submit_event_notes' '=' 'DAG' 'Node:' 'finalize -a dagman_log' '=' '/home/hoangtran/73fd7a2617af49ddae3148595d101998/./Review_CropWat_Input.dag.nodes.log -a +DAGManNodesMask' '=' '"0,1,2,4,5,7,9,10,11,12,13,16,17,24,27" -a DAG_STATUS' '=' '0 -a FAILED_COUNT' '=' '0 -a notification' '=' 'never -a +DAGParentNodeNames' '=' '"prepare_results" finalize/finalize.job
10/13/21 00:24:40 From submit: Submitting job(s).
10/13/21 00:24:40 From submit: 1 job(s) submitted to cluster 2918.
10/13/21 00:24:40 	assigned HTCondor ID (2918.0.0)
10/13/21 00:24:40 Just submitted 1 job this cycle...
10/13/21 00:24:40 Currently monitoring 1 HTCondor log file(s)
10/13/21 00:24:40 Reassigning the id of job finalize from (2918.0.0) to (2918.0.0)
10/13/21 00:24:40 Event: ULOG_SUBMIT for HTCondor Node finalize (2918.0.0) {10/13/21 00:24:40}
10/13/21 00:24:40 Number of idle job procs: 1
10/13/21 00:24:40 DAG status: 0 (DAG_STATUS_OK)
10/13/21 00:24:40 Of 3 nodes total:
10/13/21 00:24:40  Done     Pre   Queued    Post   Ready   Un-Ready   Failed
10/13/21 00:24:40   ===     ===      ===     ===     ===        ===      ===
10/13/21 00:24:40     2       0        1       0       0          0        0
10/13/21 00:24:40 0 job proc(s) currently held
10/13/21 00:24:45 Currently monitoring 1 HTCondor log file(s)
10/13/21 00:24:45 Event: ULOG_EXECUTE for HTCondor Node finalize (2918.0.0) {10/13/21 00:24:41}
10/13/21 00:24:45 Number of idle job procs: 0
10/13/21 00:24:50 Currently monitoring 1 HTCondor log file(s)
10/13/21 00:24:50 Event: ULOG_JOB_TERMINATED for HTCondor Node finalize (2918.0.0) {10/13/21 00:24:45}
10/13/21 00:24:50 Number of idle job procs: 0
10/13/21 00:24:50 Node finalize job proc (2918.0.0) completed successfully.
10/13/21 00:24:50 Node finalize job completed
10/13/21 00:24:50 DAG status: 0 (DAG_STATUS_OK)
10/13/21 00:24:50 Of 3 nodes total:
10/13/21 00:24:50  Done     Pre   Queued    Post   Ready   Un-Ready   Failed
10/13/21 00:24:50   ===     ===      ===     ===     ===        ===      ===
10/13/21 00:24:50     3       0        0       0       0          0        0
10/13/21 00:24:50 0 job proc(s) currently held
10/13/21 00:24:50 All jobs Completed!
10/13/21 00:24:50 Note: 0 total job deferrals because of -MaxJobs limit (0)
10/13/21 00:24:50 Note: 0 total job deferrals because of -MaxIdle limit (1000)
10/13/21 00:24:50 Note: 0 total job deferrals because of node category throttles
10/13/21 00:24:50 Note: 0 total PRE script deferrals because of -MaxPre limit (20) or DEFER
10/13/21 00:24:50 Note: 0 total POST script deferrals because of -MaxPost limit (20) or DEFER
10/13/21 00:24:50 DAG status: 0 (DAG_STATUS_OK)
10/13/21 00:24:50 Of 3 nodes total:
10/13/21 00:24:50  Done     Pre   Queued    Post   Ready   Un-Ready   Failed
10/13/21 00:24:50   ===     ===      ===     ===     ===        ===      ===
10/13/21 00:24:50     3       0        0       0       0          0        0
10/13/21 00:24:50 0 job proc(s) currently held
10/13/21 00:24:50 Wrote metrics file Review_CropWat_Input.dag.metrics.
10/13/21 00:24:50 Metrics not sent because of PEGASUS_METRICS or CONDOR_DEVELOPERS setting.
10/13/21 00:24:50 **** condor_scheduniv_exec.2915.0 (condor_DAGMAN) pid 183479 EXITING WITH STATUS 0
