10/13/21 10:58:37 ******************************************************
10/13/21 10:58:37 ** condor_scheduniv_exec.2927.0 (CONDOR_DAGMAN) STARTING UP
10/13/21 10:58:37 ** /usr/bin/condor_dagman
10/13/21 10:58:37 ** SubsystemInfo: name=DAGMAN type=DAGMAN(10) class=DAEMON(1)
10/13/21 10:58:37 ** Configuration: subsystem:DAGMAN local:<NONE> class:DAEMON
10/13/21 10:58:37 ** $CondorVersion: 8.6.8 Apr 06 2018 BuildID: Debian-8.6.8~dfsg.1-2 Debian-8.6.8~dfsg.1-2 $
10/13/21 10:58:37 ** $CondorPlatform: X86_64-Ubuntu_ $
10/13/21 10:58:37 ** PID = 204561
10/13/21 10:58:37 ** Log last touched time unavailable (No such file or directory)
10/13/21 10:58:37 ******************************************************
10/13/21 10:58:37 Using config source: /etc/condor/condor_config
10/13/21 10:58:37 Using local config sources: 
10/13/21 10:58:37    /etc/condor/config.d/00debconf
10/13/21 10:58:37    /etc/condor/condor_config.local
10/13/21 10:58:37 config Macros = 73, Sorted = 73, StringBytes = 2341, TablesBytes = 2684
10/13/21 10:58:37 CLASSAD_CACHING is ENABLED
10/13/21 10:58:37 Daemon Log is logging: D_ALWAYS D_ERROR
10/13/21 10:58:37 DaemonCore: No command port requested.
10/13/21 10:58:37 DAGMAN_USE_STRICT setting: 1
10/13/21 10:58:37 DAGMAN_VERBOSITY setting: 3
10/13/21 10:58:37 DAGMAN_DEBUG_CACHE_SIZE setting: 5242880
10/13/21 10:58:37 DAGMAN_DEBUG_CACHE_ENABLE setting: False
10/13/21 10:58:37 DAGMAN_SUBMIT_DELAY setting: 0
10/13/21 10:58:37 DAGMAN_MAX_SUBMIT_ATTEMPTS setting: 6
10/13/21 10:58:37 DAGMAN_STARTUP_CYCLE_DETECT setting: False
10/13/21 10:58:37 DAGMAN_MAX_SUBMITS_PER_INTERVAL setting: 5
10/13/21 10:58:37 DAGMAN_USER_LOG_SCAN_INTERVAL setting: 5
10/13/21 10:58:37 DAGMAN_DEFAULT_PRIORITY setting: 0
10/13/21 10:58:37 DAGMAN_SUPPRESS_NOTIFICATION setting: True
10/13/21 10:58:37 allow_events (DAGMAN_ALLOW_EVENTS) setting: 114
10/13/21 10:58:37 DAGMAN_RETRY_SUBMIT_FIRST setting: True
10/13/21 10:58:37 DAGMAN_RETRY_NODE_FIRST setting: False
10/13/21 10:58:37 DAGMAN_MAX_JOBS_IDLE setting: 1000
10/13/21 10:58:37 DAGMAN_MAX_JOBS_SUBMITTED setting: 0
10/13/21 10:58:37 DAGMAN_MAX_PRE_SCRIPTS setting: 20
10/13/21 10:58:37 DAGMAN_MAX_POST_SCRIPTS setting: 20
10/13/21 10:58:37 DAGMAN_MUNGE_NODE_NAMES setting: True
10/13/21 10:58:37 DAGMAN_PROHIBIT_MULTI_JOBS setting: False
10/13/21 10:58:37 DAGMAN_SUBMIT_DEPTH_FIRST setting: False
10/13/21 10:58:37 DAGMAN_ALWAYS_RUN_POST setting: False
10/13/21 10:58:37 DAGMAN_ABORT_DUPLICATES setting: True
10/13/21 10:58:37 DAGMAN_ABORT_ON_SCARY_SUBMIT setting: True
10/13/21 10:58:37 DAGMAN_PENDING_REPORT_INTERVAL setting: 600
10/13/21 10:58:37 DAGMAN_AUTO_RESCUE setting: True
10/13/21 10:58:37 DAGMAN_MAX_RESCUE_NUM setting: 100
10/13/21 10:58:37 DAGMAN_WRITE_PARTIAL_RESCUE setting: True
10/13/21 10:58:37 DAGMAN_DEFAULT_NODE_LOG setting: @(DAG_DIR)/@(DAG_FILE).nodes.log
10/13/21 10:58:37 DAGMAN_GENERATE_SUBDAG_SUBMITS setting: True
10/13/21 10:58:37 DAGMAN_MAX_JOB_HOLDS setting: 100
10/13/21 10:58:37 DAGMAN_HOLD_CLAIM_TIME setting: 20
10/13/21 10:58:37 ALL_DEBUG setting: 
10/13/21 10:58:37 DAGMAN_DEBUG setting: 
10/13/21 10:58:37 DAGMAN_SUPPRESS_JOB_LOGS setting: False
10/13/21 10:58:37 DAGMAN_REMOVE_NODE_JOBS setting: True
10/13/21 10:58:37 argv[0] == "condor_scheduniv_exec.2927.0"
10/13/21 10:58:37 argv[1] == "-Lockfile"
10/13/21 10:58:37 argv[2] == "Review_CropWat_Input.dag.lock"
10/13/21 10:58:37 argv[3] == "-AutoRescue"
10/13/21 10:58:37 argv[4] == "1"
10/13/21 10:58:37 argv[5] == "-DoRescueFrom"
10/13/21 10:58:37 argv[6] == "0"
10/13/21 10:58:37 argv[7] == "-Dag"
10/13/21 10:58:37 argv[8] == "Review_CropWat_Input.dag"
10/13/21 10:58:37 argv[9] == "-Suppress_notification"
10/13/21 10:58:37 argv[10] == "-CsdVersion"
10/13/21 10:58:37 argv[11] == "$CondorVersion: 8.6.8 Apr 06 2018 BuildID: Debian-8.6.8~dfsg.1-2 Debian-8.6.8~dfsg.1-2 $"
10/13/21 10:58:37 argv[12] == "-Dagman"
10/13/21 10:58:37 argv[13] == "/usr/bin/condor_dagman"
10/13/21 10:58:37 Workflow batch-name: <Review_CropWat_Input.dag+2927>
10/13/21 10:58:37 Workflow accounting_group: <>
10/13/21 10:58:37 Workflow accounting_group_user: <>
10/13/21 10:58:37 Warning: failed to get attribute DAGNodeName
10/13/21 10:58:37 DAGMAN_LOG_ON_NFS_IS_ERROR setting: False
10/13/21 10:58:37 Default node log file is: </home/hoangtran/207d351cbc864e00b980833cec38d935/./Review_CropWat_Input.dag.nodes.log>
10/13/21 10:58:37 DAG Lockfile will be written to Review_CropWat_Input.dag.lock
10/13/21 10:58:37 DAG Input file is Review_CropWat_Input.dag
10/13/21 10:58:37 Parsing 1 dagfiles
10/13/21 10:58:37 Parsing Review_CropWat_Input.dag ...
10/13/21 10:58:37 Dag contains 3 total jobs
10/13/21 10:58:37 Sleeping for 3 seconds to ensure ProcessId uniqueness
10/13/21 10:58:40 Bootstrapping...
10/13/21 10:58:40 Number of pre-completed nodes: 0
10/13/21 10:58:40 MultiLogFiles: truncating log file /home/hoangtran/207d351cbc864e00b980833cec38d935/./Review_CropWat_Input.dag.nodes.log
10/13/21 10:58:40 DAG status: 0 (DAG_STATUS_OK)
10/13/21 10:58:40 Of 3 nodes total:
10/13/21 10:58:40  Done     Pre   Queued    Post   Ready   Un-Ready   Failed
10/13/21 10:58:40   ===     ===      ===     ===     ===        ===      ===
10/13/21 10:58:40     0       0        0       0       1          2        0
10/13/21 10:58:40 0 job proc(s) currently held
10/13/21 10:58:40 Registering condor_event_timer...
10/13/21 10:58:41 Submitting HTCondor Node run_cropwat_model job(s)...
10/13/21 10:58:41 Adding a DAGMan workflow log /home/hoangtran/207d351cbc864e00b980833cec38d935/./Review_CropWat_Input.dag.nodes.log
10/13/21 10:58:41 Masking the events recorded in the DAGMAN workflow log
10/13/21 10:58:41 Mask for workflow log is 0,1,2,4,5,7,9,10,11,12,13,16,17,24,27
10/13/21 10:58:41 submitting: /usr/bin/condor_submit -a dag_node_name' '=' 'run_cropwat_model -a +DAGManJobId' '=' '2927 -a DAGManJobId' '=' '2927 -batch-name Review_CropWat_Input.dag+2927 -a submit_event_notes' '=' 'DAG' 'Node:' 'run_cropwat_model -a dagman_log' '=' '/home/hoangtran/207d351cbc864e00b980833cec38d935/./Review_CropWat_Input.dag.nodes.log -a +DAGManNodesMask' '=' '"0,1,2,4,5,7,9,10,11,12,13,16,17,24,27" -a DAG_STATUS' '=' '0 -a FAILED_COUNT' '=' '0 -a +KeepClaimIdle' '=' '20 -a notification' '=' 'never -a +DAGParentNodeNames' '=' '"" run_cropwat_model/run_cropwat_model.job
10/13/21 10:58:41 From submit: Submitting job(s).
10/13/21 10:58:41 From submit: 1 job(s) submitted to cluster 2928.
10/13/21 10:58:41 	assigned HTCondor ID (2928.0.0)
10/13/21 10:58:41 Just submitted 1 job this cycle...
10/13/21 10:58:41 Currently monitoring 1 HTCondor log file(s)
10/13/21 10:58:41 Reassigning the id of job run_cropwat_model from (2928.0.0) to (2928.0.0)
10/13/21 10:58:41 Event: ULOG_SUBMIT for HTCondor Node run_cropwat_model (2928.0.0) {10/13/21 10:58:41}
10/13/21 10:58:41 Number of idle job procs: 1
10/13/21 10:58:41 DAG status: 0 (DAG_STATUS_OK)
10/13/21 10:58:41 Of 3 nodes total:
10/13/21 10:58:41  Done     Pre   Queued    Post   Ready   Un-Ready   Failed
10/13/21 10:58:41   ===     ===      ===     ===     ===        ===      ===
10/13/21 10:58:41     0       0        1       0       0          2        0
10/13/21 10:58:41 0 job proc(s) currently held
10/13/21 10:59:01 Currently monitoring 1 HTCondor log file(s)
10/13/21 10:59:01 Event: ULOG_EXECUTE for HTCondor Node run_cropwat_model (2928.0.0) {10/13/21 10:58:58}
10/13/21 10:59:01 Number of idle job procs: 0
10/13/21 10:59:11 Currently monitoring 1 HTCondor log file(s)
10/13/21 10:59:11 Event: ULOG_JOB_TERMINATED for HTCondor Node run_cropwat_model (2928.0.0) {10/13/21 10:59:09}
10/13/21 10:59:11 Number of idle job procs: 0
10/13/21 10:59:11 Node run_cropwat_model job proc (2928.0.0) completed successfully.
10/13/21 10:59:11 Node run_cropwat_model job completed
10/13/21 10:59:11 DAG status: 0 (DAG_STATUS_OK)
10/13/21 10:59:11 Of 3 nodes total:
10/13/21 10:59:11  Done     Pre   Queued    Post   Ready   Un-Ready   Failed
10/13/21 10:59:11   ===     ===      ===     ===     ===        ===      ===
10/13/21 10:59:11     1       0        0       0       1          1        0
10/13/21 10:59:11 0 job proc(s) currently held
10/13/21 10:59:16 Submitting HTCondor Node prepare_results job(s)...
10/13/21 10:59:16 Adding a DAGMan workflow log /home/hoangtran/207d351cbc864e00b980833cec38d935/./Review_CropWat_Input.dag.nodes.log
10/13/21 10:59:16 Masking the events recorded in the DAGMAN workflow log
10/13/21 10:59:16 Mask for workflow log is 0,1,2,4,5,7,9,10,11,12,13,16,17,24,27
10/13/21 10:59:16 submitting: /usr/bin/condor_submit -a dag_node_name' '=' 'prepare_results -a +DAGManJobId' '=' '2927 -a DAGManJobId' '=' '2927 -batch-name Review_CropWat_Input.dag+2927 -a submit_event_notes' '=' 'DAG' 'Node:' 'prepare_results -a dagman_log' '=' '/home/hoangtran/207d351cbc864e00b980833cec38d935/./Review_CropWat_Input.dag.nodes.log -a +DAGManNodesMask' '=' '"0,1,2,4,5,7,9,10,11,12,13,16,17,24,27" -a DAG_STATUS' '=' '0 -a FAILED_COUNT' '=' '0 -a +KeepClaimIdle' '=' '20 -a notification' '=' 'never -a +DAGParentNodeNames' '=' '"run_cropwat_model" prepare_results/prepare_results.job
10/13/21 10:59:16 From submit: Submitting job(s).
10/13/21 10:59:16 From submit: 1 job(s) submitted to cluster 2929.
10/13/21 10:59:16 	assigned HTCondor ID (2929.0.0)
10/13/21 10:59:16 Just submitted 1 job this cycle...
10/13/21 10:59:16 Currently monitoring 1 HTCondor log file(s)
10/13/21 10:59:16 Reassigning the id of job prepare_results from (2929.0.0) to (2929.0.0)
10/13/21 10:59:16 Event: ULOG_SUBMIT for HTCondor Node prepare_results (2929.0.0) {10/13/21 10:59:16}
10/13/21 10:59:16 Number of idle job procs: 1
10/13/21 10:59:16 DAG status: 0 (DAG_STATUS_OK)
10/13/21 10:59:16 Of 3 nodes total:
10/13/21 10:59:16  Done     Pre   Queued    Post   Ready   Un-Ready   Failed
10/13/21 10:59:16   ===     ===      ===     ===     ===        ===      ===
10/13/21 10:59:16     1       0        1       0       0          1        0
10/13/21 10:59:16 0 job proc(s) currently held
10/13/21 10:59:21 Currently monitoring 1 HTCondor log file(s)
10/13/21 10:59:21 Event: ULOG_EXECUTE for HTCondor Node prepare_results (2929.0.0) {10/13/21 10:59:17}
10/13/21 10:59:21 Number of idle job procs: 0
10/13/21 10:59:26 Currently monitoring 1 HTCondor log file(s)
10/13/21 10:59:26 Event: ULOG_JOB_TERMINATED for HTCondor Node prepare_results (2929.0.0) {10/13/21 10:59:25}
10/13/21 10:59:26 Number of idle job procs: 0
10/13/21 10:59:26 Node prepare_results job proc (2929.0.0) completed successfully.
10/13/21 10:59:26 Node prepare_results job completed
10/13/21 10:59:26 DAG status: 0 (DAG_STATUS_OK)
10/13/21 10:59:26 Of 3 nodes total:
10/13/21 10:59:26  Done     Pre   Queued    Post   Ready   Un-Ready   Failed
10/13/21 10:59:26   ===     ===      ===     ===     ===        ===      ===
10/13/21 10:59:26     2       0        0       0       1          0        0
10/13/21 10:59:26 0 job proc(s) currently held
10/13/21 10:59:31 Submitting HTCondor Node finalize job(s)...
10/13/21 10:59:31 Adding a DAGMan workflow log /home/hoangtran/207d351cbc864e00b980833cec38d935/./Review_CropWat_Input.dag.nodes.log
10/13/21 10:59:31 Masking the events recorded in the DAGMAN workflow log
10/13/21 10:59:31 Mask for workflow log is 0,1,2,4,5,7,9,10,11,12,13,16,17,24,27
10/13/21 10:59:31 submitting: /usr/bin/condor_submit -a dag_node_name' '=' 'finalize -a +DAGManJobId' '=' '2927 -a DAGManJobId' '=' '2927 -batch-name Review_CropWat_Input.dag+2927 -a submit_event_notes' '=' 'DAG' 'Node:' 'finalize -a dagman_log' '=' '/home/hoangtran/207d351cbc864e00b980833cec38d935/./Review_CropWat_Input.dag.nodes.log -a +DAGManNodesMask' '=' '"0,1,2,4,5,7,9,10,11,12,13,16,17,24,27" -a DAG_STATUS' '=' '0 -a FAILED_COUNT' '=' '0 -a notification' '=' 'never -a +DAGParentNodeNames' '=' '"prepare_results" finalize/finalize.job
10/13/21 10:59:31 From submit: Submitting job(s).
10/13/21 10:59:31 From submit: 1 job(s) submitted to cluster 2930.
10/13/21 10:59:31 	assigned HTCondor ID (2930.0.0)
10/13/21 10:59:31 Just submitted 1 job this cycle...
10/13/21 10:59:31 Currently monitoring 1 HTCondor log file(s)
10/13/21 10:59:31 Reassigning the id of job finalize from (2930.0.0) to (2930.0.0)
10/13/21 10:59:31 Event: ULOG_SUBMIT for HTCondor Node finalize (2930.0.0) {10/13/21 10:59:31}
10/13/21 10:59:31 Number of idle job procs: 1
10/13/21 10:59:31 DAG status: 0 (DAG_STATUS_OK)
10/13/21 10:59:31 Of 3 nodes total:
10/13/21 10:59:31  Done     Pre   Queued    Post   Ready   Un-Ready   Failed
10/13/21 10:59:31   ===     ===      ===     ===     ===        ===      ===
10/13/21 10:59:31     2       0        1       0       0          0        0
10/13/21 10:59:31 0 job proc(s) currently held
10/13/21 10:59:36 Currently monitoring 1 HTCondor log file(s)
10/13/21 10:59:36 Event: ULOG_EXECUTE for HTCondor Node finalize (2930.0.0) {10/13/21 10:59:32}
10/13/21 10:59:36 Number of idle job procs: 0
10/13/21 10:59:41 Currently monitoring 1 HTCondor log file(s)
10/13/21 10:59:41 Event: ULOG_JOB_TERMINATED for HTCondor Node finalize (2930.0.0) {10/13/21 10:59:37}
10/13/21 10:59:41 Number of idle job procs: 0
10/13/21 10:59:41 Node finalize job proc (2930.0.0) completed successfully.
10/13/21 10:59:41 Node finalize job completed
10/13/21 10:59:41 DAG status: 0 (DAG_STATUS_OK)
10/13/21 10:59:41 Of 3 nodes total:
10/13/21 10:59:41  Done     Pre   Queued    Post   Ready   Un-Ready   Failed
10/13/21 10:59:41   ===     ===      ===     ===     ===        ===      ===
10/13/21 10:59:41     3       0        0       0       0          0        0
10/13/21 10:59:41 0 job proc(s) currently held
10/13/21 10:59:41 All jobs Completed!
10/13/21 10:59:41 Note: 0 total job deferrals because of -MaxJobs limit (0)
10/13/21 10:59:41 Note: 0 total job deferrals because of -MaxIdle limit (1000)
10/13/21 10:59:41 Note: 0 total job deferrals because of node category throttles
10/13/21 10:59:41 Note: 0 total PRE script deferrals because of -MaxPre limit (20) or DEFER
10/13/21 10:59:41 Note: 0 total POST script deferrals because of -MaxPost limit (20) or DEFER
10/13/21 10:59:41 DAG status: 0 (DAG_STATUS_OK)
10/13/21 10:59:41 Of 3 nodes total:
10/13/21 10:59:41  Done     Pre   Queued    Post   Ready   Un-Ready   Failed
10/13/21 10:59:41   ===     ===      ===     ===     ===        ===      ===
10/13/21 10:59:41     3       0        0       0       0          0        0
10/13/21 10:59:41 0 job proc(s) currently held
10/13/21 10:59:41 Wrote metrics file Review_CropWat_Input.dag.metrics.
10/13/21 10:59:41 Metrics not sent because of PEGASUS_METRICS or CONDOR_DEVELOPERS setting.
10/13/21 10:59:41 **** condor_scheduniv_exec.2927.0 (condor_DAGMAN) pid 204561 EXITING WITH STATUS 0
