000 (2918.000.000) 10/13 00:24:40 Job submitted from host: <127.0.0.1:9618?addrs=127.0.0.1-9618+[--1]-9618&noUDP&sock=6767_2d78_4>
    DAG Node: finalize
...
001 (2918.000.000) 10/13 00:24:41 Job executing on host: <127.0.0.1:9618?addrs=127.0.0.1-9618+[--1]-9618&noUDP&sock=6767_2d78_3>
...
006 (2918.000.000) 10/13 00:24:44 Image size of job updated: 4
	0  -  MemoryUsage of job (MB)
	0  -  ResidentSetSize of job (KB)
...
005 (2918.000.000) 10/13 00:24:45 Job terminated.
	(1) Normal termination (return value 0)
		Usr 0 00:00:02, Sys 0 00:00:00  -  Run Remote Usage
		Usr 0 00:00:00, Sys 0 00:00:00  -  Run Local Usage
		Usr 0 00:00:02, Sys 0 00:00:00  -  Total Remote Usage
		Usr 0 00:00:00, Sys 0 00:00:00  -  Total Local Usage
	12393  -  Run Bytes Sent By Job
	7273  -  Run Bytes Received By Job
	12393  -  Total Bytes Sent By Job
	7273  -  Total Bytes Received By Job
	Partitionable Resources :    Usage  Request Allocated
	   Cpus                 :                 1         1
	   Disk (KB)            :       29       10  13673098
	   Memory (MB)          :        0        1      5346
...
