10/11/21 15:39:51 ******************************************************
10/11/21 15:39:51 ** condor_scheduniv_exec.2870.0 (CONDOR_DAGMAN) STARTING UP
10/11/21 15:39:51 ** /usr/bin/condor_dagman
10/11/21 15:39:51 ** SubsystemInfo: name=DAGMAN type=DAGMAN(10) class=DAEMON(1)
10/11/21 15:39:51 ** Configuration: subsystem:DAGMAN local:<NONE> class:DAEMON
10/11/21 15:39:51 ** $CondorVersion: 8.6.8 Apr 06 2018 BuildID: Debian-8.6.8~dfsg.1-2 Debian-8.6.8~dfsg.1-2 $
10/11/21 15:39:51 ** $CondorPlatform: X86_64-Ubuntu_ $
10/11/21 15:39:51 ** PID = 116917
10/11/21 15:39:51 ** Log last touched time unavailable (No such file or directory)
10/11/21 15:39:51 ******************************************************
10/11/21 15:39:51 Using config source: /etc/condor/condor_config
10/11/21 15:39:51 Using local config sources: 
10/11/21 15:39:51    /etc/condor/config.d/00debconf
10/11/21 15:39:51    /etc/condor/condor_config.local
10/11/21 15:39:51 config Macros = 73, Sorted = 73, StringBytes = 2341, TablesBytes = 2684
10/11/21 15:39:51 CLASSAD_CACHING is ENABLED
10/11/21 15:39:51 Daemon Log is logging: D_ALWAYS D_ERROR
10/11/21 15:39:51 DaemonCore: No command port requested.
10/11/21 15:39:51 DAGMAN_USE_STRICT setting: 1
10/11/21 15:39:51 DAGMAN_VERBOSITY setting: 3
10/11/21 15:39:51 DAGMAN_DEBUG_CACHE_SIZE setting: 5242880
10/11/21 15:39:51 DAGMAN_DEBUG_CACHE_ENABLE setting: False
10/11/21 15:39:51 DAGMAN_SUBMIT_DELAY setting: 0
10/11/21 15:39:51 DAGMAN_MAX_SUBMIT_ATTEMPTS setting: 6
10/11/21 15:39:51 DAGMAN_STARTUP_CYCLE_DETECT setting: False
10/11/21 15:39:51 DAGMAN_MAX_SUBMITS_PER_INTERVAL setting: 5
10/11/21 15:39:51 DAGMAN_USER_LOG_SCAN_INTERVAL setting: 5
10/11/21 15:39:51 DAGMAN_DEFAULT_PRIORITY setting: 0
10/11/21 15:39:51 DAGMAN_SUPPRESS_NOTIFICATION setting: True
10/11/21 15:39:51 allow_events (DAGMAN_ALLOW_EVENTS) setting: 114
10/11/21 15:39:51 DAGMAN_RETRY_SUBMIT_FIRST setting: True
10/11/21 15:39:51 DAGMAN_RETRY_NODE_FIRST setting: False
10/11/21 15:39:51 DAGMAN_MAX_JOBS_IDLE setting: 1000
10/11/21 15:39:51 DAGMAN_MAX_JOBS_SUBMITTED setting: 0
10/11/21 15:39:51 DAGMAN_MAX_PRE_SCRIPTS setting: 20
10/11/21 15:39:51 DAGMAN_MAX_POST_SCRIPTS setting: 20
10/11/21 15:39:51 DAGMAN_MUNGE_NODE_NAMES setting: True
10/11/21 15:39:51 DAGMAN_PROHIBIT_MULTI_JOBS setting: False
10/11/21 15:39:51 DAGMAN_SUBMIT_DEPTH_FIRST setting: False
10/11/21 15:39:51 DAGMAN_ALWAYS_RUN_POST setting: False
10/11/21 15:39:51 DAGMAN_ABORT_DUPLICATES setting: True
10/11/21 15:39:51 DAGMAN_ABORT_ON_SCARY_SUBMIT setting: True
10/11/21 15:39:51 DAGMAN_PENDING_REPORT_INTERVAL setting: 600
10/11/21 15:39:51 DAGMAN_AUTO_RESCUE setting: True
10/11/21 15:39:51 DAGMAN_MAX_RESCUE_NUM setting: 100
10/11/21 15:39:51 DAGMAN_WRITE_PARTIAL_RESCUE setting: True
10/11/21 15:39:51 DAGMAN_DEFAULT_NODE_LOG setting: @(DAG_DIR)/@(DAG_FILE).nodes.log
10/11/21 15:39:51 DAGMAN_GENERATE_SUBDAG_SUBMITS setting: True
10/11/21 15:39:51 DAGMAN_MAX_JOB_HOLDS setting: 100
10/11/21 15:39:51 DAGMAN_HOLD_CLAIM_TIME setting: 20
10/11/21 15:39:51 ALL_DEBUG setting: 
10/11/21 15:39:51 DAGMAN_DEBUG setting: 
10/11/21 15:39:51 DAGMAN_SUPPRESS_JOB_LOGS setting: False
10/11/21 15:39:51 DAGMAN_REMOVE_NODE_JOBS setting: True
10/11/21 15:39:51 argv[0] == "condor_scheduniv_exec.2870.0"
10/11/21 15:39:51 argv[1] == "-Lockfile"
10/11/21 15:39:51 argv[2] == "Review_CropWat_Input.dag.lock"
10/11/21 15:39:51 argv[3] == "-AutoRescue"
10/11/21 15:39:51 argv[4] == "1"
10/11/21 15:39:51 argv[5] == "-DoRescueFrom"
10/11/21 15:39:51 argv[6] == "0"
10/11/21 15:39:51 argv[7] == "-Dag"
10/11/21 15:39:51 argv[8] == "Review_CropWat_Input.dag"
10/11/21 15:39:51 argv[9] == "-Suppress_notification"
10/11/21 15:39:51 argv[10] == "-CsdVersion"
10/11/21 15:39:51 argv[11] == "$CondorVersion: 8.6.8 Apr 06 2018 BuildID: Debian-8.6.8~dfsg.1-2 Debian-8.6.8~dfsg.1-2 $"
10/11/21 15:39:51 argv[12] == "-Dagman"
10/11/21 15:39:51 argv[13] == "/usr/bin/condor_dagman"
10/11/21 15:39:51 Workflow batch-name: <Review_CropWat_Input.dag+2870>
10/11/21 15:39:51 Workflow accounting_group: <>
10/11/21 15:39:51 Workflow accounting_group_user: <>
10/11/21 15:39:51 Warning: failed to get attribute DAGNodeName
10/11/21 15:39:51 DAGMAN_LOG_ON_NFS_IS_ERROR setting: False
10/11/21 15:39:51 Default node log file is: </home/hoangtran/066b3e2fbd71410f86ed5d14433d7772/./Review_CropWat_Input.dag.nodes.log>
10/11/21 15:39:51 DAG Lockfile will be written to Review_CropWat_Input.dag.lock
10/11/21 15:39:51 DAG Input file is Review_CropWat_Input.dag
10/11/21 15:39:51 Parsing 1 dagfiles
10/11/21 15:39:51 Parsing Review_CropWat_Input.dag ...
10/11/21 15:39:51 Dag contains 3 total jobs
10/11/21 15:39:51 Sleeping for 3 seconds to ensure ProcessId uniqueness
10/11/21 15:39:54 Bootstrapping...
10/11/21 15:39:54 Number of pre-completed nodes: 0
10/11/21 15:39:54 MultiLogFiles: truncating log file /home/hoangtran/066b3e2fbd71410f86ed5d14433d7772/./Review_CropWat_Input.dag.nodes.log
10/11/21 15:39:54 DAG status: 0 (DAG_STATUS_OK)
10/11/21 15:39:54 Of 3 nodes total:
10/11/21 15:39:54  Done     Pre   Queued    Post   Ready   Un-Ready   Failed
10/11/21 15:39:54   ===     ===      ===     ===     ===        ===      ===
10/11/21 15:39:54     0       0        0       0       1          2        0
10/11/21 15:39:54 0 job proc(s) currently held
10/11/21 15:39:54 Registering condor_event_timer...
10/11/21 15:39:55 Submitting HTCondor Node run_cropwat_model job(s)...
10/11/21 15:39:55 Adding a DAGMan workflow log /home/hoangtran/066b3e2fbd71410f86ed5d14433d7772/./Review_CropWat_Input.dag.nodes.log
10/11/21 15:39:55 Masking the events recorded in the DAGMAN workflow log
10/11/21 15:39:55 Mask for workflow log is 0,1,2,4,5,7,9,10,11,12,13,16,17,24,27
10/11/21 15:39:55 submitting: /usr/bin/condor_submit -a dag_node_name' '=' 'run_cropwat_model -a +DAGManJobId' '=' '2870 -a DAGManJobId' '=' '2870 -batch-name Review_CropWat_Input.dag+2870 -a submit_event_notes' '=' 'DAG' 'Node:' 'run_cropwat_model -a dagman_log' '=' '/home/hoangtran/066b3e2fbd71410f86ed5d14433d7772/./Review_CropWat_Input.dag.nodes.log -a +DAGManNodesMask' '=' '"0,1,2,4,5,7,9,10,11,12,13,16,17,24,27" -a DAG_STATUS' '=' '0 -a FAILED_COUNT' '=' '0 -a +KeepClaimIdle' '=' '20 -a notification' '=' 'never -a +DAGParentNodeNames' '=' '"" run_cropwat_model/run_cropwat_model.job
10/11/21 15:39:55 From submit: Submitting job(s).
10/11/21 15:39:55 From submit: 1 job(s) submitted to cluster 2871.
10/11/21 15:39:55 	assigned HTCondor ID (2871.0.0)
10/11/21 15:39:55 Just submitted 1 job this cycle...
10/11/21 15:39:55 Currently monitoring 1 HTCondor log file(s)
10/11/21 15:39:55 Reassigning the id of job run_cropwat_model from (2871.0.0) to (2871.0.0)
10/11/21 15:39:55 Event: ULOG_SUBMIT for HTCondor Node run_cropwat_model (2871.0.0) {10/11/21 15:39:55}
10/11/21 15:39:55 Number of idle job procs: 1
10/11/21 15:39:55 DAG status: 0 (DAG_STATUS_OK)
10/11/21 15:39:55 Of 3 nodes total:
10/11/21 15:39:55  Done     Pre   Queued    Post   Ready   Un-Ready   Failed
10/11/21 15:39:55   ===     ===      ===     ===     ===        ===      ===
10/11/21 15:39:55     0       0        1       0       0          2        0
10/11/21 15:39:55 0 job proc(s) currently held
10/11/21 15:40:05 Currently monitoring 1 HTCondor log file(s)
10/11/21 15:40:05 Event: ULOG_EXECUTE for HTCondor Node run_cropwat_model (2871.0.0) {10/11/21 15:40:03}
10/11/21 15:40:05 Number of idle job procs: 0
10/11/21 15:40:15 Currently monitoring 1 HTCondor log file(s)
10/11/21 15:40:15 Event: ULOG_JOB_TERMINATED for HTCondor Node run_cropwat_model (2871.0.0) {10/11/21 15:40:11}
10/11/21 15:40:15 Number of idle job procs: 0
10/11/21 15:40:15 Node run_cropwat_model job proc (2871.0.0) completed successfully.
10/11/21 15:40:15 Node run_cropwat_model job completed
10/11/21 15:40:15 DAG status: 0 (DAG_STATUS_OK)
10/11/21 15:40:15 Of 3 nodes total:
10/11/21 15:40:15  Done     Pre   Queued    Post   Ready   Un-Ready   Failed
10/11/21 15:40:15   ===     ===      ===     ===     ===        ===      ===
10/11/21 15:40:15     1       0        0       0       1          1        0
10/11/21 15:40:15 0 job proc(s) currently held
10/11/21 15:40:20 Submitting HTCondor Node prepare_results job(s)...
10/11/21 15:40:20 Adding a DAGMan workflow log /home/hoangtran/066b3e2fbd71410f86ed5d14433d7772/./Review_CropWat_Input.dag.nodes.log
10/11/21 15:40:20 Masking the events recorded in the DAGMAN workflow log
10/11/21 15:40:20 Mask for workflow log is 0,1,2,4,5,7,9,10,11,12,13,16,17,24,27
10/11/21 15:40:20 submitting: /usr/bin/condor_submit -a dag_node_name' '=' 'prepare_results -a +DAGManJobId' '=' '2870 -a DAGManJobId' '=' '2870 -batch-name Review_CropWat_Input.dag+2870 -a submit_event_notes' '=' 'DAG' 'Node:' 'prepare_results -a dagman_log' '=' '/home/hoangtran/066b3e2fbd71410f86ed5d14433d7772/./Review_CropWat_Input.dag.nodes.log -a +DAGManNodesMask' '=' '"0,1,2,4,5,7,9,10,11,12,13,16,17,24,27" -a DAG_STATUS' '=' '0 -a FAILED_COUNT' '=' '0 -a +KeepClaimIdle' '=' '20 -a notification' '=' 'never -a +DAGParentNodeNames' '=' '"run_cropwat_model" prepare_results/prepare_results.job
10/11/21 15:40:20 From submit: Submitting job(s).
10/11/21 15:40:20 From submit: 1 job(s) submitted to cluster 2872.
10/11/21 15:40:20 	assigned HTCondor ID (2872.0.0)
10/11/21 15:40:20 Just submitted 1 job this cycle...
10/11/21 15:40:20 Currently monitoring 1 HTCondor log file(s)
10/11/21 15:40:20 Reassigning the id of job prepare_results from (2872.0.0) to (2872.0.0)
10/11/21 15:40:20 Event: ULOG_SUBMIT for HTCondor Node prepare_results (2872.0.0) {10/11/21 15:40:20}
10/11/21 15:40:20 Number of idle job procs: 1
10/11/21 15:40:20 DAG status: 0 (DAG_STATUS_OK)
10/11/21 15:40:20 Of 3 nodes total:
10/11/21 15:40:20  Done     Pre   Queued    Post   Ready   Un-Ready   Failed
10/11/21 15:40:20   ===     ===      ===     ===     ===        ===      ===
10/11/21 15:40:20     1       0        1       0       0          1        0
10/11/21 15:40:20 0 job proc(s) currently held
10/11/21 15:40:25 Currently monitoring 1 HTCondor log file(s)
10/11/21 15:40:25 Event: ULOG_EXECUTE for HTCondor Node prepare_results (2872.0.0) {10/11/21 15:40:21}
10/11/21 15:40:25 Number of idle job procs: 0
10/11/21 15:40:25 Event: ULOG_JOB_TERMINATED for HTCondor Node prepare_results (2872.0.0) {10/11/21 15:40:24}
10/11/21 15:40:25 Number of idle job procs: 0
10/11/21 15:40:25 Node prepare_results job proc (2872.0.0) completed successfully.
10/11/21 15:40:25 Node prepare_results job completed
10/11/21 15:40:25 DAG status: 0 (DAG_STATUS_OK)
10/11/21 15:40:25 Of 3 nodes total:
10/11/21 15:40:25  Done     Pre   Queued    Post   Ready   Un-Ready   Failed
10/11/21 15:40:25   ===     ===      ===     ===     ===        ===      ===
10/11/21 15:40:25     2       0        0       0       1          0        0
10/11/21 15:40:25 0 job proc(s) currently held
10/11/21 15:40:30 Submitting HTCondor Node finalize job(s)...
10/11/21 15:40:30 Adding a DAGMan workflow log /home/hoangtran/066b3e2fbd71410f86ed5d14433d7772/./Review_CropWat_Input.dag.nodes.log
10/11/21 15:40:30 Masking the events recorded in the DAGMAN workflow log
10/11/21 15:40:30 Mask for workflow log is 0,1,2,4,5,7,9,10,11,12,13,16,17,24,27
10/11/21 15:40:30 submitting: /usr/bin/condor_submit -a dag_node_name' '=' 'finalize -a +DAGManJobId' '=' '2870 -a DAGManJobId' '=' '2870 -batch-name Review_CropWat_Input.dag+2870 -a submit_event_notes' '=' 'DAG' 'Node:' 'finalize -a dagman_log' '=' '/home/hoangtran/066b3e2fbd71410f86ed5d14433d7772/./Review_CropWat_Input.dag.nodes.log -a +DAGManNodesMask' '=' '"0,1,2,4,5,7,9,10,11,12,13,16,17,24,27" -a DAG_STATUS' '=' '0 -a FAILED_COUNT' '=' '0 -a notification' '=' 'never -a +DAGParentNodeNames' '=' '"prepare_results" finalize/finalize.job
10/11/21 15:40:30 From submit: Submitting job(s).
10/11/21 15:40:30 From submit: 1 job(s) submitted to cluster 2873.
10/11/21 15:40:30 	assigned HTCondor ID (2873.0.0)
10/11/21 15:40:30 Just submitted 1 job this cycle...
10/11/21 15:40:30 Currently monitoring 1 HTCondor log file(s)
10/11/21 15:40:30 Reassigning the id of job finalize from (2873.0.0) to (2873.0.0)
10/11/21 15:40:30 Event: ULOG_SUBMIT for HTCondor Node finalize (2873.0.0) {10/11/21 15:40:30}
10/11/21 15:40:30 Number of idle job procs: 1
10/11/21 15:40:30 DAG status: 0 (DAG_STATUS_OK)
10/11/21 15:40:30 Of 3 nodes total:
10/11/21 15:40:30  Done     Pre   Queued    Post   Ready   Un-Ready   Failed
10/11/21 15:40:30   ===     ===      ===     ===     ===        ===      ===
10/11/21 15:40:30     2       0        1       0       0          0        0
10/11/21 15:40:30 0 job proc(s) currently held
10/11/21 15:40:35 Currently monitoring 1 HTCondor log file(s)
10/11/21 15:40:35 Event: ULOG_EXECUTE for HTCondor Node finalize (2873.0.0) {10/11/21 15:40:31}
10/11/21 15:40:35 Number of idle job procs: 0
10/11/21 15:40:40 Currently monitoring 1 HTCondor log file(s)
10/11/21 15:40:40 Event: ULOG_JOB_TERMINATED for HTCondor Node finalize (2873.0.0) {10/11/21 15:40:35}
10/11/21 15:40:40 Number of idle job procs: 0
10/11/21 15:40:40 Node finalize job proc (2873.0.0) completed successfully.
10/11/21 15:40:40 Node finalize job completed
10/11/21 15:40:40 DAG status: 0 (DAG_STATUS_OK)
10/11/21 15:40:40 Of 3 nodes total:
10/11/21 15:40:40  Done     Pre   Queued    Post   Ready   Un-Ready   Failed
10/11/21 15:40:40   ===     ===      ===     ===     ===        ===      ===
10/11/21 15:40:40     3       0        0       0       0          0        0
10/11/21 15:40:40 0 job proc(s) currently held
10/11/21 15:40:40 All jobs Completed!
10/11/21 15:40:40 Note: 0 total job deferrals because of -MaxJobs limit (0)
10/11/21 15:40:40 Note: 0 total job deferrals because of -MaxIdle limit (1000)
10/11/21 15:40:40 Note: 0 total job deferrals because of node category throttles
10/11/21 15:40:40 Note: 0 total PRE script deferrals because of -MaxPre limit (20) or DEFER
10/11/21 15:40:40 Note: 0 total POST script deferrals because of -MaxPost limit (20) or DEFER
10/11/21 15:40:40 DAG status: 0 (DAG_STATUS_OK)
10/11/21 15:40:40 Of 3 nodes total:
10/11/21 15:40:40  Done     Pre   Queued    Post   Ready   Un-Ready   Failed
10/11/21 15:40:40   ===     ===      ===     ===     ===        ===      ===
10/11/21 15:40:40     3       0        0       0       0          0        0
10/11/21 15:40:40 0 job proc(s) currently held
10/11/21 15:40:40 Wrote metrics file Review_CropWat_Input.dag.metrics.
10/11/21 15:40:40 Metrics not sent because of PEGASUS_METRICS or CONDOR_DEVELOPERS setting.
10/11/21 15:40:40 **** condor_scheduniv_exec.2870.0 (condor_DAGMAN) pid 116917 EXITING WITH STATUS 0
