10/12/21 16:19:18 ******************************************************
10/12/21 16:19:18 ** condor_scheduniv_exec.2905.0 (CONDOR_DAGMAN) STARTING UP
10/12/21 16:19:18 ** /usr/bin/condor_dagman
10/12/21 16:19:18 ** SubsystemInfo: name=DAGMAN type=DAGMAN(10) class=DAEMON(1)
10/12/21 16:19:18 ** Configuration: subsystem:DAGMAN local:<NONE> class:DAEMON
10/12/21 16:19:18 ** $CondorVersion: 8.6.8 Apr 06 2018 BuildID: Debian-8.6.8~dfsg.1-2 Debian-8.6.8~dfsg.1-2 $
10/12/21 16:19:18 ** $CondorPlatform: X86_64-Ubuntu_ $
10/12/21 16:19:18 ** PID = 167826
10/12/21 16:19:18 ** Log last touched time unavailable (No such file or directory)
10/12/21 16:19:18 ******************************************************
10/12/21 16:19:18 Using config source: /etc/condor/condor_config
10/12/21 16:19:18 Using local config sources: 
10/12/21 16:19:18    /etc/condor/config.d/00debconf
10/12/21 16:19:18    /etc/condor/condor_config.local
10/12/21 16:19:18 config Macros = 73, Sorted = 73, StringBytes = 2341, TablesBytes = 2684
10/12/21 16:19:18 CLASSAD_CACHING is ENABLED
10/12/21 16:19:18 Daemon Log is logging: D_ALWAYS D_ERROR
10/12/21 16:19:18 DaemonCore: No command port requested.
10/12/21 16:19:18 DAGMAN_USE_STRICT setting: 1
10/12/21 16:19:18 DAGMAN_VERBOSITY setting: 3
10/12/21 16:19:18 DAGMAN_DEBUG_CACHE_SIZE setting: 5242880
10/12/21 16:19:18 DAGMAN_DEBUG_CACHE_ENABLE setting: False
10/12/21 16:19:18 DAGMAN_SUBMIT_DELAY setting: 0
10/12/21 16:19:18 DAGMAN_MAX_SUBMIT_ATTEMPTS setting: 6
10/12/21 16:19:18 DAGMAN_STARTUP_CYCLE_DETECT setting: False
10/12/21 16:19:18 DAGMAN_MAX_SUBMITS_PER_INTERVAL setting: 5
10/12/21 16:19:18 DAGMAN_USER_LOG_SCAN_INTERVAL setting: 5
10/12/21 16:19:18 DAGMAN_DEFAULT_PRIORITY setting: 0
10/12/21 16:19:18 DAGMAN_SUPPRESS_NOTIFICATION setting: True
10/12/21 16:19:18 allow_events (DAGMAN_ALLOW_EVENTS) setting: 114
10/12/21 16:19:18 DAGMAN_RETRY_SUBMIT_FIRST setting: True
10/12/21 16:19:18 DAGMAN_RETRY_NODE_FIRST setting: False
10/12/21 16:19:18 DAGMAN_MAX_JOBS_IDLE setting: 1000
10/12/21 16:19:18 DAGMAN_MAX_JOBS_SUBMITTED setting: 0
10/12/21 16:19:18 DAGMAN_MAX_PRE_SCRIPTS setting: 20
10/12/21 16:19:18 DAGMAN_MAX_POST_SCRIPTS setting: 20
10/12/21 16:19:18 DAGMAN_MUNGE_NODE_NAMES setting: True
10/12/21 16:19:18 DAGMAN_PROHIBIT_MULTI_JOBS setting: False
10/12/21 16:19:18 DAGMAN_SUBMIT_DEPTH_FIRST setting: False
10/12/21 16:19:18 DAGMAN_ALWAYS_RUN_POST setting: False
10/12/21 16:19:18 DAGMAN_ABORT_DUPLICATES setting: True
10/12/21 16:19:18 DAGMAN_ABORT_ON_SCARY_SUBMIT setting: True
10/12/21 16:19:18 DAGMAN_PENDING_REPORT_INTERVAL setting: 600
10/12/21 16:19:18 DAGMAN_AUTO_RESCUE setting: True
10/12/21 16:19:18 DAGMAN_MAX_RESCUE_NUM setting: 100
10/12/21 16:19:18 DAGMAN_WRITE_PARTIAL_RESCUE setting: True
10/12/21 16:19:18 DAGMAN_DEFAULT_NODE_LOG setting: @(DAG_DIR)/@(DAG_FILE).nodes.log
10/12/21 16:19:18 DAGMAN_GENERATE_SUBDAG_SUBMITS setting: True
10/12/21 16:19:18 DAGMAN_MAX_JOB_HOLDS setting: 100
10/12/21 16:19:18 DAGMAN_HOLD_CLAIM_TIME setting: 20
10/12/21 16:19:18 ALL_DEBUG setting: 
10/12/21 16:19:18 DAGMAN_DEBUG setting: 
10/12/21 16:19:18 DAGMAN_SUPPRESS_JOB_LOGS setting: False
10/12/21 16:19:18 DAGMAN_REMOVE_NODE_JOBS setting: True
10/12/21 16:19:18 argv[0] == "condor_scheduniv_exec.2905.0"
10/12/21 16:19:18 argv[1] == "-Lockfile"
10/12/21 16:19:18 argv[2] == "Review_CropWat_Input.dag.lock"
10/12/21 16:19:18 argv[3] == "-AutoRescue"
10/12/21 16:19:18 argv[4] == "1"
10/12/21 16:19:18 argv[5] == "-DoRescueFrom"
10/12/21 16:19:18 argv[6] == "0"
10/12/21 16:19:18 argv[7] == "-Dag"
10/12/21 16:19:18 argv[8] == "Review_CropWat_Input.dag"
10/12/21 16:19:18 argv[9] == "-Suppress_notification"
10/12/21 16:19:18 argv[10] == "-CsdVersion"
10/12/21 16:19:18 argv[11] == "$CondorVersion: 8.6.8 Apr 06 2018 BuildID: Debian-8.6.8~dfsg.1-2 Debian-8.6.8~dfsg.1-2 $"
10/12/21 16:19:18 argv[12] == "-Dagman"
10/12/21 16:19:18 argv[13] == "/usr/bin/condor_dagman"
10/12/21 16:19:18 Workflow batch-name: <Review_CropWat_Input.dag+2905>
10/12/21 16:19:18 Workflow accounting_group: <>
10/12/21 16:19:18 Workflow accounting_group_user: <>
10/12/21 16:19:18 Warning: failed to get attribute DAGNodeName
10/12/21 16:19:18 DAGMAN_LOG_ON_NFS_IS_ERROR setting: False
10/12/21 16:19:18 Default node log file is: </home/hoangtran/3d69c71a1253453197ef907cccf33981/./Review_CropWat_Input.dag.nodes.log>
10/12/21 16:19:18 DAG Lockfile will be written to Review_CropWat_Input.dag.lock
10/12/21 16:19:18 DAG Input file is Review_CropWat_Input.dag
10/12/21 16:19:18 Parsing 1 dagfiles
10/12/21 16:19:18 Parsing Review_CropWat_Input.dag ...
10/12/21 16:19:18 Dag contains 3 total jobs
10/12/21 16:19:18 Sleeping for 3 seconds to ensure ProcessId uniqueness
10/12/21 16:19:21 Bootstrapping...
10/12/21 16:19:21 Number of pre-completed nodes: 0
10/12/21 16:19:21 MultiLogFiles: truncating log file /home/hoangtran/3d69c71a1253453197ef907cccf33981/./Review_CropWat_Input.dag.nodes.log
10/12/21 16:19:21 DAG status: 0 (DAG_STATUS_OK)
10/12/21 16:19:21 Of 3 nodes total:
10/12/21 16:19:21  Done     Pre   Queued    Post   Ready   Un-Ready   Failed
10/12/21 16:19:21   ===     ===      ===     ===     ===        ===      ===
10/12/21 16:19:21     0       0        0       0       1          2        0
10/12/21 16:19:21 0 job proc(s) currently held
10/12/21 16:19:21 Registering condor_event_timer...
10/12/21 16:19:22 Submitting HTCondor Node run_cropwat_model job(s)...
10/12/21 16:19:22 Adding a DAGMan workflow log /home/hoangtran/3d69c71a1253453197ef907cccf33981/./Review_CropWat_Input.dag.nodes.log
10/12/21 16:19:22 Masking the events recorded in the DAGMAN workflow log
10/12/21 16:19:22 Mask for workflow log is 0,1,2,4,5,7,9,10,11,12,13,16,17,24,27
10/12/21 16:19:22 submitting: /usr/bin/condor_submit -a dag_node_name' '=' 'run_cropwat_model -a +DAGManJobId' '=' '2905 -a DAGManJobId' '=' '2905 -batch-name Review_CropWat_Input.dag+2905 -a submit_event_notes' '=' 'DAG' 'Node:' 'run_cropwat_model -a dagman_log' '=' '/home/hoangtran/3d69c71a1253453197ef907cccf33981/./Review_CropWat_Input.dag.nodes.log -a +DAGManNodesMask' '=' '"0,1,2,4,5,7,9,10,11,12,13,16,17,24,27" -a DAG_STATUS' '=' '0 -a FAILED_COUNT' '=' '0 -a +KeepClaimIdle' '=' '20 -a notification' '=' 'never -a +DAGParentNodeNames' '=' '"" run_cropwat_model/run_cropwat_model.job
10/12/21 16:19:22 From submit: Submitting job(s).
10/12/21 16:19:22 From submit: 1 job(s) submitted to cluster 2906.
10/12/21 16:19:22 	assigned HTCondor ID (2906.0.0)
10/12/21 16:19:22 Just submitted 1 job this cycle...
10/12/21 16:19:22 Currently monitoring 1 HTCondor log file(s)
10/12/21 16:19:22 Reassigning the id of job run_cropwat_model from (2906.0.0) to (2906.0.0)
10/12/21 16:19:22 Event: ULOG_SUBMIT for HTCondor Node run_cropwat_model (2906.0.0) {10/12/21 16:19:22}
10/12/21 16:19:22 Number of idle job procs: 1
10/12/21 16:19:22 DAG status: 0 (DAG_STATUS_OK)
10/12/21 16:19:22 Of 3 nodes total:
10/12/21 16:19:22  Done     Pre   Queued    Post   Ready   Un-Ready   Failed
10/12/21 16:19:22   ===     ===      ===     ===     ===        ===      ===
10/12/21 16:19:22     0       0        1       0       0          2        0
10/12/21 16:19:22 0 job proc(s) currently held
10/12/21 16:19:42 Currently monitoring 1 HTCondor log file(s)
10/12/21 16:19:42 Event: ULOG_EXECUTE for HTCondor Node run_cropwat_model (2906.0.0) {10/12/21 16:19:39}
10/12/21 16:19:42 Number of idle job procs: 0
10/12/21 16:19:52 Currently monitoring 1 HTCondor log file(s)
10/12/21 16:19:52 Event: ULOG_JOB_TERMINATED for HTCondor Node run_cropwat_model (2906.0.0) {10/12/21 16:19:48}
10/12/21 16:19:52 Number of idle job procs: 0
10/12/21 16:19:52 Node run_cropwat_model job proc (2906.0.0) completed successfully.
10/12/21 16:19:52 Node run_cropwat_model job completed
10/12/21 16:19:52 DAG status: 0 (DAG_STATUS_OK)
10/12/21 16:19:52 Of 3 nodes total:
10/12/21 16:19:52  Done     Pre   Queued    Post   Ready   Un-Ready   Failed
10/12/21 16:19:52   ===     ===      ===     ===     ===        ===      ===
10/12/21 16:19:52     1       0        0       0       1          1        0
10/12/21 16:19:52 0 job proc(s) currently held
10/12/21 16:19:57 Submitting HTCondor Node prepare_results job(s)...
10/12/21 16:19:57 Adding a DAGMan workflow log /home/hoangtran/3d69c71a1253453197ef907cccf33981/./Review_CropWat_Input.dag.nodes.log
10/12/21 16:19:57 Masking the events recorded in the DAGMAN workflow log
10/12/21 16:19:57 Mask for workflow log is 0,1,2,4,5,7,9,10,11,12,13,16,17,24,27
10/12/21 16:19:57 submitting: /usr/bin/condor_submit -a dag_node_name' '=' 'prepare_results -a +DAGManJobId' '=' '2905 -a DAGManJobId' '=' '2905 -batch-name Review_CropWat_Input.dag+2905 -a submit_event_notes' '=' 'DAG' 'Node:' 'prepare_results -a dagman_log' '=' '/home/hoangtran/3d69c71a1253453197ef907cccf33981/./Review_CropWat_Input.dag.nodes.log -a +DAGManNodesMask' '=' '"0,1,2,4,5,7,9,10,11,12,13,16,17,24,27" -a DAG_STATUS' '=' '0 -a FAILED_COUNT' '=' '0 -a +KeepClaimIdle' '=' '20 -a notification' '=' 'never -a +DAGParentNodeNames' '=' '"run_cropwat_model" prepare_results/prepare_results.job
10/12/21 16:19:57 From submit: Submitting job(s).
10/12/21 16:19:57 From submit: 1 job(s) submitted to cluster 2907.
10/12/21 16:19:57 	assigned HTCondor ID (2907.0.0)
10/12/21 16:19:57 Just submitted 1 job this cycle...
10/12/21 16:19:57 Currently monitoring 1 HTCondor log file(s)
10/12/21 16:19:57 Reassigning the id of job prepare_results from (2907.0.0) to (2907.0.0)
10/12/21 16:19:57 Event: ULOG_SUBMIT for HTCondor Node prepare_results (2907.0.0) {10/12/21 16:19:57}
10/12/21 16:19:57 Number of idle job procs: 1
10/12/21 16:19:57 DAG status: 0 (DAG_STATUS_OK)
10/12/21 16:19:57 Of 3 nodes total:
10/12/21 16:19:57  Done     Pre   Queued    Post   Ready   Un-Ready   Failed
10/12/21 16:19:57   ===     ===      ===     ===     ===        ===      ===
10/12/21 16:19:57     1       0        1       0       0          1        0
10/12/21 16:19:57 0 job proc(s) currently held
10/12/21 16:20:02 Currently monitoring 1 HTCondor log file(s)
10/12/21 16:20:02 Event: ULOG_EXECUTE for HTCondor Node prepare_results (2907.0.0) {10/12/21 16:19:58}
10/12/21 16:20:02 Number of idle job procs: 0
10/12/21 16:20:02 Event: ULOG_JOB_TERMINATED for HTCondor Node prepare_results (2907.0.0) {10/12/21 16:20:01}
10/12/21 16:20:02 Number of idle job procs: 0
10/12/21 16:20:02 Node prepare_results job proc (2907.0.0) completed successfully.
10/12/21 16:20:02 Node prepare_results job completed
10/12/21 16:20:02 DAG status: 0 (DAG_STATUS_OK)
10/12/21 16:20:02 Of 3 nodes total:
10/12/21 16:20:02  Done     Pre   Queued    Post   Ready   Un-Ready   Failed
10/12/21 16:20:02   ===     ===      ===     ===     ===        ===      ===
10/12/21 16:20:02     2       0        0       0       1          0        0
10/12/21 16:20:02 0 job proc(s) currently held
10/12/21 16:20:07 Submitting HTCondor Node finalize job(s)...
10/12/21 16:20:07 Adding a DAGMan workflow log /home/hoangtran/3d69c71a1253453197ef907cccf33981/./Review_CropWat_Input.dag.nodes.log
10/12/21 16:20:07 Masking the events recorded in the DAGMAN workflow log
10/12/21 16:20:07 Mask for workflow log is 0,1,2,4,5,7,9,10,11,12,13,16,17,24,27
10/12/21 16:20:07 submitting: /usr/bin/condor_submit -a dag_node_name' '=' 'finalize -a +DAGManJobId' '=' '2905 -a DAGManJobId' '=' '2905 -batch-name Review_CropWat_Input.dag+2905 -a submit_event_notes' '=' 'DAG' 'Node:' 'finalize -a dagman_log' '=' '/home/hoangtran/3d69c71a1253453197ef907cccf33981/./Review_CropWat_Input.dag.nodes.log -a +DAGManNodesMask' '=' '"0,1,2,4,5,7,9,10,11,12,13,16,17,24,27" -a DAG_STATUS' '=' '0 -a FAILED_COUNT' '=' '0 -a notification' '=' 'never -a +DAGParentNodeNames' '=' '"prepare_results" finalize/finalize.job
10/12/21 16:20:07 From submit: Submitting job(s).
10/12/21 16:20:07 From submit: 1 job(s) submitted to cluster 2908.
10/12/21 16:20:07 	assigned HTCondor ID (2908.0.0)
10/12/21 16:20:07 Just submitted 1 job this cycle...
10/12/21 16:20:07 Currently monitoring 1 HTCondor log file(s)
10/12/21 16:20:07 Reassigning the id of job finalize from (2908.0.0) to (2908.0.0)
10/12/21 16:20:07 Event: ULOG_SUBMIT for HTCondor Node finalize (2908.0.0) {10/12/21 16:20:07}
10/12/21 16:20:07 Number of idle job procs: 1
10/12/21 16:20:07 DAG status: 0 (DAG_STATUS_OK)
10/12/21 16:20:07 Of 3 nodes total:
10/12/21 16:20:07  Done     Pre   Queued    Post   Ready   Un-Ready   Failed
10/12/21 16:20:07   ===     ===      ===     ===     ===        ===      ===
10/12/21 16:20:07     2       0        1       0       0          0        0
10/12/21 16:20:07 0 job proc(s) currently held
10/12/21 16:20:12 Currently monitoring 1 HTCondor log file(s)
10/12/21 16:20:12 Event: ULOG_EXECUTE for HTCondor Node finalize (2908.0.0) {10/12/21 16:20:08}
10/12/21 16:20:12 Number of idle job procs: 0
10/12/21 16:20:17 Currently monitoring 1 HTCondor log file(s)
10/12/21 16:20:17 Event: ULOG_JOB_TERMINATED for HTCondor Node finalize (2908.0.0) {10/12/21 16:20:12}
10/12/21 16:20:17 Number of idle job procs: 0
10/12/21 16:20:17 Node finalize job proc (2908.0.0) completed successfully.
10/12/21 16:20:17 Node finalize job completed
10/12/21 16:20:17 DAG status: 0 (DAG_STATUS_OK)
10/12/21 16:20:17 Of 3 nodes total:
10/12/21 16:20:17  Done     Pre   Queued    Post   Ready   Un-Ready   Failed
10/12/21 16:20:17   ===     ===      ===     ===     ===        ===      ===
10/12/21 16:20:17     3       0        0       0       0          0        0
10/12/21 16:20:17 0 job proc(s) currently held
10/12/21 16:20:17 All jobs Completed!
10/12/21 16:20:17 Note: 0 total job deferrals because of -MaxJobs limit (0)
10/12/21 16:20:17 Note: 0 total job deferrals because of -MaxIdle limit (1000)
10/12/21 16:20:17 Note: 0 total job deferrals because of node category throttles
10/12/21 16:20:17 Note: 0 total PRE script deferrals because of -MaxPre limit (20) or DEFER
10/12/21 16:20:17 Note: 0 total POST script deferrals because of -MaxPost limit (20) or DEFER
10/12/21 16:20:17 DAG status: 0 (DAG_STATUS_OK)
10/12/21 16:20:17 Of 3 nodes total:
10/12/21 16:20:17  Done     Pre   Queued    Post   Ready   Un-Ready   Failed
10/12/21 16:20:17   ===     ===      ===     ===     ===        ===      ===
10/12/21 16:20:17     3       0        0       0       0          0        0
10/12/21 16:20:17 0 job proc(s) currently held
10/12/21 16:20:17 Wrote metrics file Review_CropWat_Input.dag.metrics.
10/12/21 16:20:17 Metrics not sent because of PEGASUS_METRICS or CONDOR_DEVELOPERS setting.
10/12/21 16:20:17 **** condor_scheduniv_exec.2905.0 (condor_DAGMAN) pid 167826 EXITING WITH STATUS 0
